                                 Started job on |	Feb 23 11:34:39
                             Started mapping on |	Feb 23 11:34:54
                                    Finished on |	Feb 23 11:48:20
       Mapping speed, Million of reads per hour |	259.67

                          Number of input reads |	58138281
                      Average input read length |	283
                                    UNIQUE READS:
                   Uniquely mapped reads number |	53812897
                        Uniquely mapped reads % |	92.56%
                          Average mapped length |	283.21
                       Number of splices: Total |	27554209
            Number of splices: Annotated (sjdb) |	27179772
                       Number of splices: GT/AG |	26904670
                       Number of splices: GC/AG |	614540
                       Number of splices: AT/AC |	9972
               Number of splices: Non-canonical |	25027
                      Mismatch rate per base, % |	0.31%
                         Deletion rate per base |	0.02%
                        Deletion average length |	2.78
                        Insertion rate per base |	0.02%
                       Insertion average length |	1.92
                             MULTI-MAPPING READS:
        Number of reads mapped to multiple loci |	2143676
             % of reads mapped to multiple loci |	3.69%
        Number of reads mapped to too many loci |	709218
             % of reads mapped to too many loci |	1.22%
                                  UNMAPPED READS:
  Number of reads unmapped: too many mismatches |	0
       % of reads unmapped: too many mismatches |	0.00%
            Number of reads unmapped: too short |	1426178
                 % of reads unmapped: too short |	2.45%
                Number of reads unmapped: other |	46312
                     % of reads unmapped: other |	0.08%
                                  CHIMERIC READS:
                       Number of chimeric reads |	0
                            % of chimeric reads |	0.00%
