                                 Started job on |	Feb 23 11:34:37
                             Started mapping on |	Feb 23 11:34:49
                                    Finished on |	Feb 23 11:46:15
       Mapping speed, Million of reads per hour |	269.76

                          Number of input reads |	51403402
                      Average input read length |	283
                                    UNIQUE READS:
                   Uniquely mapped reads number |	48809462
                        Uniquely mapped reads % |	94.95%
                          Average mapped length |	283.11
                       Number of splices: Total |	25997569
            Number of splices: Annotated (sjdb) |	25650897
                       Number of splices: GT/AG |	25085345
                       Number of splices: GC/AG |	877945
                       Number of splices: AT/AC |	9098
               Number of splices: Non-canonical |	25181
                      Mismatch rate per base, % |	0.32%
                         Deletion rate per base |	0.02%
                        Deletion average length |	2.79
                        Insertion rate per base |	0.02%
                       Insertion average length |	2.07
                             MULTI-MAPPING READS:
        Number of reads mapped to multiple loci |	1497937
             % of reads mapped to multiple loci |	2.91%
        Number of reads mapped to too many loci |	434997
             % of reads mapped to too many loci |	0.85%
                                  UNMAPPED READS:
  Number of reads unmapped: too many mismatches |	0
       % of reads unmapped: too many mismatches |	0.00%
            Number of reads unmapped: too short |	628758
                 % of reads unmapped: too short |	1.22%
                Number of reads unmapped: other |	32248
                     % of reads unmapped: other |	0.06%
                                  CHIMERIC READS:
                       Number of chimeric reads |	0
                            % of chimeric reads |	0.00%
