                                 Started job on |	Feb 23 11:34:37
                             Started mapping on |	Feb 23 11:34:58
                                    Finished on |	Feb 23 11:47:47
       Mapping speed, Million of reads per hour |	265.01

                          Number of input reads |	56609339
                      Average input read length |	283
                                    UNIQUE READS:
                   Uniquely mapped reads number |	53618217
                        Uniquely mapped reads % |	94.72%
                          Average mapped length |	283.25
                       Number of splices: Total |	27121837
            Number of splices: Annotated (sjdb) |	26746343
                       Number of splices: GT/AG |	26109025
                       Number of splices: GC/AG |	972420
                       Number of splices: AT/AC |	9259
               Number of splices: Non-canonical |	31133
                      Mismatch rate per base, % |	0.32%
                         Deletion rate per base |	0.02%
                        Deletion average length |	2.78
                        Insertion rate per base |	0.02%
                       Insertion average length |	1.94
                             MULTI-MAPPING READS:
        Number of reads mapped to multiple loci |	1519702
             % of reads mapped to multiple loci |	2.68%
        Number of reads mapped to too many loci |	423708
             % of reads mapped to too many loci |	0.75%
                                  UNMAPPED READS:
  Number of reads unmapped: too many mismatches |	0
       % of reads unmapped: too many mismatches |	0.00%
            Number of reads unmapped: too short |	1012450
                 % of reads unmapped: too short |	1.79%
                Number of reads unmapped: other |	35262
                     % of reads unmapped: other |	0.06%
                                  CHIMERIC READS:
                       Number of chimeric reads |	0
                            % of chimeric reads |	0.00%
