                                 Started job on |	Feb 23 11:34:37
                             Started mapping on |	Feb 23 11:34:58
                                    Finished on |	Feb 23 11:47:19
       Mapping speed, Million of reads per hour |	255.35

                          Number of input reads |	52560373
                      Average input read length |	283
                                    UNIQUE READS:
                   Uniquely mapped reads number |	49651357
                        Uniquely mapped reads % |	94.47%
                          Average mapped length |	283.27
                       Number of splices: Total |	25369462
            Number of splices: Annotated (sjdb) |	25036426
                       Number of splices: GT/AG |	24586264
                       Number of splices: GC/AG |	751304
                       Number of splices: AT/AC |	9433
               Number of splices: Non-canonical |	22461
                      Mismatch rate per base, % |	0.31%
                         Deletion rate per base |	0.02%
                        Deletion average length |	2.77
                        Insertion rate per base |	0.02%
                       Insertion average length |	1.97
                             MULTI-MAPPING READS:
        Number of reads mapped to multiple loci |	1604701
             % of reads mapped to multiple loci |	3.05%
        Number of reads mapped to too many loci |	592259
             % of reads mapped to too many loci |	1.13%
                                  UNMAPPED READS:
  Number of reads unmapped: too many mismatches |	0
       % of reads unmapped: too many mismatches |	0.00%
            Number of reads unmapped: too short |	680535
                 % of reads unmapped: too short |	1.29%
                Number of reads unmapped: other |	31521
                     % of reads unmapped: other |	0.06%
                                  CHIMERIC READS:
                       Number of chimeric reads |	0
                            % of chimeric reads |	0.00%
