                                 Started job on |	Feb 23 11:34:37
                             Started mapping on |	Feb 23 11:34:48
                                    Finished on |	Feb 23 11:50:38
       Mapping speed, Million of reads per hour |	286.05

                          Number of input reads |	75486240
                      Average input read length |	282
                                    UNIQUE READS:
                   Uniquely mapped reads number |	70111936
                        Uniquely mapped reads % |	92.88%
                          Average mapped length |	283.22
                       Number of splices: Total |	35919304
            Number of splices: Annotated (sjdb) |	35428536
                       Number of splices: GT/AG |	35155804
                       Number of splices: GC/AG |	718488
                       Number of splices: AT/AC |	13203
               Number of splices: Non-canonical |	31809
                      Mismatch rate per base, % |	0.31%
                         Deletion rate per base |	0.02%
                        Deletion average length |	2.81
                        Insertion rate per base |	0.02%
                       Insertion average length |	2.00
                             MULTI-MAPPING READS:
        Number of reads mapped to multiple loci |	2287779
             % of reads mapped to multiple loci |	3.03%
        Number of reads mapped to too many loci |	784849
             % of reads mapped to too many loci |	1.04%
                                  UNMAPPED READS:
  Number of reads unmapped: too many mismatches |	0
       % of reads unmapped: too many mismatches |	0.00%
            Number of reads unmapped: too short |	2240215
                 % of reads unmapped: too short |	2.97%
                Number of reads unmapped: other |	61461
                     % of reads unmapped: other |	0.08%
                                  CHIMERIC READS:
                       Number of chimeric reads |	0
                            % of chimeric reads |	0.00%
