                                 Started job on |	Apr 01 15:17:08
                             Started mapping on |	Apr 01 15:17:18
                                    Finished on |	Apr 01 15:29:28
       Mapping speed, Million of reads per hour |	246.58

                          Number of input reads |	50000194
                      Average input read length |	299
                                    UNIQUE READS:
                   Uniquely mapped reads number |	48196203
                        Uniquely mapped reads % |	96.39%
                          Average mapped length |	298.43
                       Number of splices: Total |	26198132
            Number of splices: Annotated (sjdb) |	25903902
                       Number of splices: GT/AG |	25190090
                       Number of splices: GC/AG |	976093
                       Number of splices: AT/AC |	9455
               Number of splices: Non-canonical |	22494
                      Mismatch rate per base, % |	0.32%
                         Deletion rate per base |	0.02%
                        Deletion average length |	2.80
                        Insertion rate per base |	0.03%
                       Insertion average length |	1.91
                             MULTI-MAPPING READS:
        Number of reads mapped to multiple loci |	1173070
             % of reads mapped to multiple loci |	2.35%
        Number of reads mapped to too many loci |	472695
             % of reads mapped to too many loci |	0.95%
                                  UNMAPPED READS:
  Number of reads unmapped: too many mismatches |	0
       % of reads unmapped: too many mismatches |	0.00%
            Number of reads unmapped: too short |	116649
                 % of reads unmapped: too short |	0.23%
                Number of reads unmapped: other |	41577
                     % of reads unmapped: other |	0.08%
                                  CHIMERIC READS:
                       Number of chimeric reads |	0
                            % of chimeric reads |	0.00%
