                                 Started job on |	Apr 01 15:17:12
                             Started mapping on |	Apr 01 15:17:25
                                    Finished on |	Apr 01 15:33:01
       Mapping speed, Million of reads per hour |	192.30

                          Number of input reads |	49998706
                      Average input read length |	299
                                    UNIQUE READS:
                   Uniquely mapped reads number |	48147844
                        Uniquely mapped reads % |	96.30%
                          Average mapped length |	298.86
                       Number of splices: Total |	27069879
            Number of splices: Annotated (sjdb) |	26715566
                       Number of splices: GT/AG |	26468673
                       Number of splices: GC/AG |	565058
                       Number of splices: AT/AC |	9985
               Number of splices: Non-canonical |	26163
                      Mismatch rate per base, % |	0.32%
                         Deletion rate per base |	0.02%
                        Deletion average length |	2.82
                        Insertion rate per base |	0.02%
                       Insertion average length |	2.01
                             MULTI-MAPPING READS:
        Number of reads mapped to multiple loci |	1273103
             % of reads mapped to multiple loci |	2.55%
        Number of reads mapped to too many loci |	414546
             % of reads mapped to too many loci |	0.83%
                                  UNMAPPED READS:
  Number of reads unmapped: too many mismatches |	0
       % of reads unmapped: too many mismatches |	0.00%
            Number of reads unmapped: too short |	117371
                 % of reads unmapped: too short |	0.23%
                Number of reads unmapped: other |	45842
                     % of reads unmapped: other |	0.09%
                                  CHIMERIC READS:
                       Number of chimeric reads |	0
                            % of chimeric reads |	0.00%
