                                 Started job on |	Apr 01 15:17:06
                             Started mapping on |	Apr 01 15:17:18
                                    Finished on |	Apr 01 15:30:53
       Mapping speed, Million of reads per hour |	220.85

                          Number of input reads |	49997292
                      Average input read length |	299
                                    UNIQUE READS:
                   Uniquely mapped reads number |	47640834
                        Uniquely mapped reads % |	95.29%
                          Average mapped length |	298.43
                       Number of splices: Total |	26228845
            Number of splices: Annotated (sjdb) |	25874510
                       Number of splices: GT/AG |	25624910
                       Number of splices: GC/AG |	570181
                       Number of splices: AT/AC |	9282
               Number of splices: Non-canonical |	24472
                      Mismatch rate per base, % |	0.31%
                         Deletion rate per base |	0.02%
                        Deletion average length |	2.81
                        Insertion rate per base |	0.03%
                       Insertion average length |	1.95
                             MULTI-MAPPING READS:
        Number of reads mapped to multiple loci |	1574762
             % of reads mapped to multiple loci |	3.15%
        Number of reads mapped to too many loci |	608425
             % of reads mapped to too many loci |	1.22%
                                  UNMAPPED READS:
  Number of reads unmapped: too many mismatches |	0
       % of reads unmapped: too many mismatches |	0.00%
            Number of reads unmapped: too short |	129937
                 % of reads unmapped: too short |	0.26%
                Number of reads unmapped: other |	43334
                     % of reads unmapped: other |	0.09%
                                  CHIMERIC READS:
                       Number of chimeric reads |	0
                            % of chimeric reads |	0.00%
