                                 Started job on |	Apr 01 15:17:08
                             Started mapping on |	Apr 01 15:17:19
                                    Finished on |	Apr 01 15:30:54
       Mapping speed, Million of reads per hour |	220.85

                          Number of input reads |	49997346
                      Average input read length |	299
                                    UNIQUE READS:
                   Uniquely mapped reads number |	47655508
                        Uniquely mapped reads % |	95.32%
                          Average mapped length |	298.72
                       Number of splices: Total |	25766818
            Number of splices: Annotated (sjdb) |	25373653
                       Number of splices: GT/AG |	25172956
                       Number of splices: GC/AG |	559715
                       Number of splices: AT/AC |	8940
               Number of splices: Non-canonical |	25207
                      Mismatch rate per base, % |	0.32%
                         Deletion rate per base |	0.02%
                        Deletion average length |	2.83
                        Insertion rate per base |	0.03%
                       Insertion average length |	2.01
                             MULTI-MAPPING READS:
        Number of reads mapped to multiple loci |	1503913
             % of reads mapped to multiple loci |	3.01%
        Number of reads mapped to too many loci |	636839
             % of reads mapped to too many loci |	1.27%
                                  UNMAPPED READS:
  Number of reads unmapped: too many mismatches |	0
       % of reads unmapped: too many mismatches |	0.00%
            Number of reads unmapped: too short |	154453
                 % of reads unmapped: too short |	0.31%
                Number of reads unmapped: other |	46633
                     % of reads unmapped: other |	0.09%
                                  CHIMERIC READS:
                       Number of chimeric reads |	0
                            % of chimeric reads |	0.00%
