                                 Started job on |	Apr 01 15:17:08
                             Started mapping on |	Apr 01 15:17:18
                                    Finished on |	Apr 01 15:29:33
       Mapping speed, Million of reads per hour |	244.88

                          Number of input reads |	49996448
                      Average input read length |	299
                                    UNIQUE READS:
                   Uniquely mapped reads number |	48266079
                        Uniquely mapped reads % |	96.54%
                          Average mapped length |	298.70
                       Number of splices: Total |	26145393
            Number of splices: Annotated (sjdb) |	25779845
                       Number of splices: GT/AG |	25197311
                       Number of splices: GC/AG |	908836
                       Number of splices: AT/AC |	8688
               Number of splices: Non-canonical |	30558
                      Mismatch rate per base, % |	0.33%
                         Deletion rate per base |	0.02%
                        Deletion average length |	2.80
                        Insertion rate per base |	0.02%
                       Insertion average length |	1.98
                             MULTI-MAPPING READS:
        Number of reads mapped to multiple loci |	1207421
             % of reads mapped to multiple loci |	2.42%
        Number of reads mapped to too many loci |	370154
             % of reads mapped to too many loci |	0.74%
                                  UNMAPPED READS:
  Number of reads unmapped: too many mismatches |	0
       % of reads unmapped: too many mismatches |	0.00%
            Number of reads unmapped: too short |	117363
                 % of reads unmapped: too short |	0.23%
                Number of reads unmapped: other |	35431
                     % of reads unmapped: other |	0.07%
                                  CHIMERIC READS:
                       Number of chimeric reads |	0
                            % of chimeric reads |	0.00%
