                                 Started job on |	Apr 01 15:17:09
                             Started mapping on |	Apr 01 15:17:24
                                    Finished on |	Apr 01 15:32:07
       Mapping speed, Million of reads per hour |	203.84

                          Number of input reads |	49997726
                      Average input read length |	299
                                    UNIQUE READS:
                   Uniquely mapped reads number |	48028132
                        Uniquely mapped reads % |	96.06%
                          Average mapped length |	298.83
                       Number of splices: Total |	27106030
            Number of splices: Annotated (sjdb) |	26794463
                       Number of splices: GT/AG |	26154917
                       Number of splices: GC/AG |	916653
                       Number of splices: AT/AC |	10087
               Number of splices: Non-canonical |	24373
                      Mismatch rate per base, % |	0.33%
                         Deletion rate per base |	0.02%
                        Deletion average length |	2.81
                        Insertion rate per base |	0.02%
                       Insertion average length |	2.19
                             MULTI-MAPPING READS:
        Number of reads mapped to multiple loci |	1301992
             % of reads mapped to multiple loci |	2.60%
        Number of reads mapped to too many loci |	512308
             % of reads mapped to too many loci |	1.02%
                                  UNMAPPED READS:
  Number of reads unmapped: too many mismatches |	0
       % of reads unmapped: too many mismatches |	0.00%
            Number of reads unmapped: too short |	117312
                 % of reads unmapped: too short |	0.23%
                Number of reads unmapped: other |	37982
                     % of reads unmapped: other |	0.08%
                                  CHIMERIC READS:
                       Number of chimeric reads |	0
                            % of chimeric reads |	0.00%
