[INFO] Sample: HSF4_6H_2
[process:1393] === Options processing starts ... ===
Found value: /nfs/nas22/fs2202/biol_bc_jagannathan_comp_1/Sebastian/013.0_RNAseq_hsf4_14d29_0-6h25/00_admin/env/sortmerna/bin/sortmerna
Found flag: --ref
Found value: /nfs/nas22/fs2202/biol_bc_jagannathan_comp_1/Sebastian/013.0_RNAseq_hsf4_14d29_0-6h25/00_admin/env/sortmerna/db/silva-arc-16s-id95.fasta of previous flag: --ref
Found flag: --ref
Found value: /nfs/nas22/fs2202/biol_bc_jagannathan_comp_1/Sebastian/013.0_RNAseq_hsf4_14d29_0-6h25/00_admin/env/sortmerna/db/silva-arc-23s-id98.fasta of previous flag: --ref
Found flag: --ref
Found value: /nfs/nas22/fs2202/biol_bc_jagannathan_comp_1/Sebastian/013.0_RNAseq_hsf4_14d29_0-6h25/00_admin/env/sortmerna/db/silva-bac-16s-id90.fasta of previous flag: --ref
Found flag: --ref
Found value: /nfs/nas22/fs2202/biol_bc_jagannathan_comp_1/Sebastian/013.0_RNAseq_hsf4_14d29_0-6h25/00_admin/env/sortmerna/db/silva-bac-23s-id98.fasta of previous flag: --ref
Found flag: --ref
Found value: /nfs/nas22/fs2202/biol_bc_jagannathan_comp_1/Sebastian/013.0_RNAseq_hsf4_14d29_0-6h25/00_admin/env/sortmerna/db/silva-euk-18s-id95.fasta of previous flag: --ref
Found flag: --ref
Found value: /nfs/nas22/fs2202/biol_bc_jagannathan_comp_1/Sebastian/013.0_RNAseq_hsf4_14d29_0-6h25/00_admin/env/sortmerna/db/silva-euk-28s-id98.fasta of previous flag: --ref
Found flag: --ref
Found value: /nfs/nas22/fs2202/biol_bc_jagannathan_comp_1/Sebastian/013.0_RNAseq_hsf4_14d29_0-6h25/00_admin/env/sortmerna/db/rfam-5s-database-id98.fasta of previous flag: --ref
Found flag: --ref
Found value: /nfs/nas22/fs2202/biol_bc_jagannathan_comp_1/Sebastian/013.0_RNAseq_hsf4_14d29_0-6h25/00_admin/env/sortmerna/db/rfam-5.8s-database-id98.fasta of previous flag: --ref
Found flag: --reads
Found value: 01_raw/fastq/HSF4_6H_2_ZKRN250030478-1A_23F5KYLT4_L7_1.fq.gz of previous flag: --reads
Found flag: --reads
Found value: 01_raw/fastq/HSF4_6H_2_ZKRN250030478-1A_23F5KYLT4_L7_2.fq.gz of previous flag: --reads
Found flag: --fastx
Previous flag: --fastx is Boolean. Setting to True
Found flag: --paired_out
Previous flag: --paired_out is Boolean. Setting to True
Found flag: --out2
Previous flag: --out2 is Boolean. Setting to True
Found flag: --aligned
Found value: /nfs/nas22/fs2202/biol_bc_jagannathan_comp_1/Sebastian/013.0_RNAseq_hsf4_14d29_0-6h25/90_scratch/tmp/sortmerna_61918475_11/HSF4_6H_2.rRNA of previous flag: --aligned
Found flag: --other
Found value: /nfs/nas22/fs2202/biol_bc_jagannathan_comp_1/Sebastian/013.0_RNAseq_hsf4_14d29_0-6h25/02_work/12_sortmerna/HSF4_6H_2 of previous flag: --other
Found flag: --threads
Found value: 8 of previous flag: --threads
Found flag: --workdir
Found value: /nfs/nas22/fs2202/biol_bc_jagannathan_comp_1/Sebastian/013.0_RNAseq_hsf4_14d29_0-6h25/90_scratch/tmp/sortmerna_61918475_11 of previous flag: --workdir
[opt_workdir:995] Using WORKDIR: "/nfs/nas22/fs2202/biol_bc_jagannathan_comp_1/Sebastian/013.0_RNAseq_hsf4_14d29_0-6h25/90_scratch/tmp/sortmerna_61918475_11" as specified
[process:1483] Processing option: aligned with value: /nfs/nas22/fs2202/biol_bc_jagannathan_comp_1/Sebastian/013.0_RNAseq_hsf4_14d29_0-6h25/90_scratch/tmp/sortmerna_61918475_11/HSF4_6H_2.rRNA
[process:1483] Processing option: fastx with value: 
[process:1483] Processing option: other with value: /nfs/nas22/fs2202/biol_bc_jagannathan_comp_1/Sebastian/013.0_RNAseq_hsf4_14d29_0-6h25/02_work/12_sortmerna/HSF4_6H_2
[process:1483] Processing option: out2 with value: 
[process:1483] Processing option: paired_out with value: 
[process:1483] Processing option: reads with value: 01_raw/fastq/HSF4_6H_2_ZKRN250030478-1A_23F5KYLT4_L7_1.fq.gz
[opt_reads:98] Processing reads file [1] out of total [2] files
[process:1483] Processing option: reads with value: 01_raw/fastq/HSF4_6H_2_ZKRN250030478-1A_23F5KYLT4_L7_2.fq.gz
[opt_reads:98] Processing reads file [2] out of total [2] files
[process:1483] Processing option: ref with value: /nfs/nas22/fs2202/biol_bc_jagannathan_comp_1/Sebastian/013.0_RNAseq_hsf4_14d29_0-6h25/00_admin/env/sortmerna/db/silva-arc-16s-id95.fasta
[opt_ref:158] Processing reference [1] out of total [8] references
[opt_ref:206] File "/nfs/nas22/fs2202/biol_bc_jagannathan_comp_1/Sebastian/013.0_RNAseq_hsf4_14d29_0-6h25/00_admin/env/sortmerna/db/silva-arc-16s-id95.fasta" exists and is readable
[process:1483] Processing option: ref with value: /nfs/nas22/fs2202/biol_bc_jagannathan_comp_1/Sebastian/013.0_RNAseq_hsf4_14d29_0-6h25/00_admin/env/sortmerna/db/silva-arc-23s-id98.fasta
[opt_ref:158] Processing reference [2] out of total [8] references
[opt_ref:206] File "/nfs/nas22/fs2202/biol_bc_jagannathan_comp_1/Sebastian/013.0_RNAseq_hsf4_14d29_0-6h25/00_admin/env/sortmerna/db/silva-arc-23s-id98.fasta" exists and is readable
[process:1483] Processing option: ref with value: /nfs/nas22/fs2202/biol_bc_jagannathan_comp_1/Sebastian/013.0_RNAseq_hsf4_14d29_0-6h25/00_admin/env/sortmerna/db/silva-bac-16s-id90.fasta
[opt_ref:158] Processing reference [3] out of total [8] references
[opt_ref:206] File "/nfs/nas22/fs2202/biol_bc_jagannathan_comp_1/Sebastian/013.0_RNAseq_hsf4_14d29_0-6h25/00_admin/env/sortmerna/db/silva-bac-16s-id90.fasta" exists and is readable
[process:1483] Processing option: ref with value: /nfs/nas22/fs2202/biol_bc_jagannathan_comp_1/Sebastian/013.0_RNAseq_hsf4_14d29_0-6h25/00_admin/env/sortmerna/db/silva-bac-23s-id98.fasta
[opt_ref:158] Processing reference [4] out of total [8] references
[opt_ref:206] File "/nfs/nas22/fs2202/biol_bc_jagannathan_comp_1/Sebastian/013.0_RNAseq_hsf4_14d29_0-6h25/00_admin/env/sortmerna/db/silva-bac-23s-id98.fasta" exists and is readable
[process:1483] Processing option: ref with value: /nfs/nas22/fs2202/biol_bc_jagannathan_comp_1/Sebastian/013.0_RNAseq_hsf4_14d29_0-6h25/00_admin/env/sortmerna/db/silva-euk-18s-id95.fasta
[opt_ref:158] Processing reference [5] out of total [8] references
[opt_ref:206] File "/nfs/nas22/fs2202/biol_bc_jagannathan_comp_1/Sebastian/013.0_RNAseq_hsf4_14d29_0-6h25/00_admin/env/sortmerna/db/silva-euk-18s-id95.fasta" exists and is readable
[process:1483] Processing option: ref with value: /nfs/nas22/fs2202/biol_bc_jagannathan_comp_1/Sebastian/013.0_RNAseq_hsf4_14d29_0-6h25/00_admin/env/sortmerna/db/silva-euk-28s-id98.fasta
[opt_ref:158] Processing reference [6] out of total [8] references
[opt_ref:206] File "/nfs/nas22/fs2202/biol_bc_jagannathan_comp_1/Sebastian/013.0_RNAseq_hsf4_14d29_0-6h25/00_admin/env/sortmerna/db/silva-euk-28s-id98.fasta" exists and is readable
[process:1483] Processing option: ref with value: /nfs/nas22/fs2202/biol_bc_jagannathan_comp_1/Sebastian/013.0_RNAseq_hsf4_14d29_0-6h25/00_admin/env/sortmerna/db/rfam-5s-database-id98.fasta
[opt_ref:158] Processing reference [7] out of total [8] references
[opt_ref:206] File "/nfs/nas22/fs2202/biol_bc_jagannathan_comp_1/Sebastian/013.0_RNAseq_hsf4_14d29_0-6h25/00_admin/env/sortmerna/db/rfam-5s-database-id98.fasta" exists and is readable
[process:1483] Processing option: ref with value: /nfs/nas22/fs2202/biol_bc_jagannathan_comp_1/Sebastian/013.0_RNAseq_hsf4_14d29_0-6h25/00_admin/env/sortmerna/db/rfam-5.8s-database-id98.fasta
[opt_ref:158] Processing reference [8] out of total [8] references
[opt_ref:206] File "/nfs/nas22/fs2202/biol_bc_jagannathan_comp_1/Sebastian/013.0_RNAseq_hsf4_14d29_0-6h25/00_admin/env/sortmerna/db/rfam-5.8s-database-id98.fasta" exists and is readable
[process:1483] Processing option: threads with value: 8
[process:1503] === Options processing done ===
[process:1504] Alignment type: [best:1 num_alignments:1 min_lis:2 seeds:2]
[validate_kvdbdir:1248] Key-value DB location "/nfs/nas22/fs2202/biol_bc_jagannathan_comp_1/Sebastian/013.0_RNAseq_hsf4_14d29_0-6h25/90_scratch/tmp/sortmerna_61918475_11/kvdb"
[validate_kvdbdir:1284] Creating KVDB directory: "/nfs/nas22/fs2202/biol_bc_jagannathan_comp_1/Sebastian/013.0_RNAseq_hsf4_14d29_0-6h25/90_scratch/tmp/sortmerna_61918475_11/kvdb"
[validate_idxdir:1214] Using index directory: "/nfs/nas22/fs2202/biol_bc_jagannathan_comp_1/Sebastian/013.0_RNAseq_hsf4_14d29_0-6h25/90_scratch/tmp/sortmerna_61918475_11/idx"
[validate_idxdir:1222] Created index directory - OK
[validate_readb_dir:1306] Using split reads directory : "/nfs/nas22/fs2202/biol_bc_jagannathan_comp_1/Sebastian/013.0_RNAseq_hsf4_14d29_0-6h25/90_scratch/tmp/sortmerna_61918475_11/readb"
[validate_readb_dir:1314] Created split reads directory - OK
[main:62] Running command:
/nfs/nas22/fs2202/biol_bc_jagannathan_comp_1/Sebastian/013.0_RNAseq_hsf4_14d29_0-6h25/00_admin/env/sortmerna/bin/sortmerna --ref /nfs/nas22/fs2202/biol_bc_jagannathan_comp_1/Sebastian/013.0_RNAseq_hsf4_14d29_0-6h25/00_admin/env/sortmerna/db/silva-arc-16s-id95.fasta --ref /nfs/nas22/fs2202/biol_bc_jagannathan_comp_1/Sebastian/013.0_RNAseq_hsf4_14d29_0-6h25/00_admin/env/sortmerna/db/silva-arc-23s-id98.fasta --ref /nfs/nas22/fs2202/biol_bc_jagannathan_comp_1/Sebastian/013.0_RNAseq_hsf4_14d29_0-6h25/00_admin/env/sortmerna/db/silva-bac-16s-id90.fasta --ref /nfs/nas22/fs2202/biol_bc_jagannathan_comp_1/Sebastian/013.0_RNAseq_hsf4_14d29_0-6h25/00_admin/env/sortmerna/db/silva-bac-23s-id98.fasta --ref /nfs/nas22/fs2202/biol_bc_jagannathan_comp_1/Sebastian/013.0_RNAseq_hsf4_14d29_0-6h25/00_admin/env/sortmerna/db/silva-euk-18s-id95.fasta --ref /nfs/nas22/fs2202/biol_bc_jagannathan_comp_1/Sebastian/013.0_RNAseq_hsf4_14d29_0-6h25/00_admin/env/sortmerna/db/silva-euk-28s-id98.fasta --ref /nfs/nas22/fs2202/biol_bc_jagannathan_comp_1/Sebastian/013.0_RNAseq_hsf4_14d29_0-6h25/00_admin/env/sortmerna/db/rfam-5s-database-id98.fasta --ref /nfs/nas22/fs2202/biol_bc_jagannathan_comp_1/Sebastian/013.0_RNAseq_hsf4_14d29_0-6h25/00_admin/env/sortmerna/db/rfam-5.8s-database-id98.fasta --reads 01_raw/fastq/HSF4_6H_2_ZKRN250030478-1A_23F5KYLT4_L7_1.fq.gz --reads 01_raw/fastq/HSF4_6H_2_ZKRN250030478-1A_23F5KYLT4_L7_2.fq.gz --fastx --paired_out --out2 --aligned /nfs/nas22/fs2202/biol_bc_jagannathan_comp_1/Sebastian/013.0_RNAseq_hsf4_14d29_0-6h25/90_scratch/tmp/sortmerna_61918475_11/HSF4_6H_2.rRNA --other /nfs/nas22/fs2202/biol_bc_jagannathan_comp_1/Sebastian/013.0_RNAseq_hsf4_14d29_0-6h25/02_work/12_sortmerna/HSF4_6H_2 --threads 8 --workdir /nfs/nas22/fs2202/biol_bc_jagannathan_comp_1/Sebastian/013.0_RNAseq_hsf4_14d29_0-6h25/90_scratch/tmp/sortmerna_61918475_11 
[build_index:1123] ==== Index building started ====
[build_index:1180] Begin indexing file /nfs/nas22/fs2202/biol_bc_jagannathan_comp_1/Sebastian/013.0_RNAseq_hsf4_14d29_0-6h25/00_admin/env/sortmerna/db/silva-arc-16s-id95.fasta of size: 3893959 under index name /nfs/nas22/fs2202/biol_bc_jagannathan_comp_1/Sebastian/013.0_RNAseq_hsf4_14d29_0-6h25/90_scratch/tmp/sortmerna_61918475_11/idx/3436099190853847617
  done.

[build_index:1180] Begin indexing file /nfs/nas22/fs2202/biol_bc_jagannathan_comp_1/Sebastian/013.0_RNAseq_hsf4_14d29_0-6h25/00_admin/env/sortmerna/db/silva-arc-23s-id98.fasta of size: 752022 under index name /nfs/nas22/fs2202/biol_bc_jagannathan_comp_1/Sebastian/013.0_RNAseq_hsf4_14d29_0-6h25/90_scratch/tmp/sortmerna_61918475_11/idx/3400685301612210653
  done.

[build_index:1180] Begin indexing file /nfs/nas22/fs2202/biol_bc_jagannathan_comp_1/Sebastian/013.0_RNAseq_hsf4_14d29_0-6h25/00_admin/env/sortmerna/db/silva-bac-16s-id90.fasta of size: 19437013 under index name /nfs/nas22/fs2202/biol_bc_jagannathan_comp_1/Sebastian/013.0_RNAseq_hsf4_14d29_0-6h25/90_scratch/tmp/sortmerna_61918475_11/idx/15734375058464002811
  done.

[build_index:1180] Begin indexing file /nfs/nas22/fs2202/biol_bc_jagannathan_comp_1/Sebastian/013.0_RNAseq_hsf4_14d29_0-6h25/00_admin/env/sortmerna/db/silva-bac-23s-id98.fasta of size: 12911743 under index name /nfs/nas22/fs2202/biol_bc_jagannathan_comp_1/Sebastian/013.0_RNAseq_hsf4_14d29_0-6h25/90_scratch/tmp/sortmerna_61918475_11/idx/17299952793705614139
  done.

[build_index:1180] Begin indexing file /nfs/nas22/fs2202/biol_bc_jagannathan_comp_1/Sebastian/013.0_RNAseq_hsf4_14d29_0-6h25/00_admin/env/sortmerna/db/silva-euk-18s-id95.fasta of size: 13259584 under index name /nfs/nas22/fs2202/biol_bc_jagannathan_comp_1/Sebastian/013.0_RNAseq_hsf4_14d29_0-6h25/90_scratch/tmp/sortmerna_61918475_11/idx/2700646386527218729
  done.

[build_index:1180] Begin indexing file /nfs/nas22/fs2202/biol_bc_jagannathan_comp_1/Sebastian/013.0_RNAseq_hsf4_14d29_0-6h25/00_admin/env/sortmerna/db/silva-euk-28s-id98.fasta of size: 14945070 under index name /nfs/nas22/fs2202/biol_bc_jagannathan_comp_1/Sebastian/013.0_RNAseq_hsf4_14d29_0-6h25/90_scratch/tmp/sortmerna_61918475_11/idx/1845323523482939374
  done.

[build_index:1180] Begin indexing file /nfs/nas22/fs2202/biol_bc_jagannathan_comp_1/Sebastian/013.0_RNAseq_hsf4_14d29_0-6h25/00_admin/env/sortmerna/db/rfam-5s-database-id98.fasta of size: 8525326 under index name /nfs/nas22/fs2202/biol_bc_jagannathan_comp_1/Sebastian/013.0_RNAseq_hsf4_14d29_0-6h25/90_scratch/tmp/sortmerna_61918475_11/idx/13019673092862722585
  done.

[build_index:1180] Begin indexing file /nfs/nas22/fs2202/biol_bc_jagannathan_comp_1/Sebastian/013.0_RNAseq_hsf4_14d29_0-6h25/00_admin/env/sortmerna/db/rfam-5.8s-database-id98.fasta of size: 2280449 under index name /nfs/nas22/fs2202/biol_bc_jagannathan_comp_1/Sebastian/013.0_RNAseq_hsf4_14d29_0-6h25/90_scratch/tmp/sortmerna_61918475_11/idx/2169995244134016533
  done.

[build_index:2091] ==== Done index building in 116.334 sec ====

[init:108] Readfeed init started
[define_format:881] file: "01_raw/fastq/HSF4_6H_2_ZKRN250030478-1A_23F5KYLT4_L7_1.fq.gz" is FASTQ gzipped
[define_format:881] file: "01_raw/fastq/HSF4_6H_2_ZKRN250030478-1A_23F5KYLT4_L7_2.fq.gz" is FASTQ gzipped
[count_reads:915] started count  ...   
[next:322] EOF FWD reached. Total reads: 53187475
[next:322] EOF REV reached. Total reads: 53187475
[count_reads:945] done count. Elapsed time: 181.416 sec. Total reads: 106374950
[init_split_files:967] added file: /nfs/nas22/fs2202/biol_bc_jagannathan_comp_1/Sebastian/013.0_RNAseq_hsf4_14d29_0-6h25/90_scratch/tmp/sortmerna_61918475_11/readb/fwd_0.fq.gz
[init_split_files:967] added file: /nfs/nas22/fs2202/biol_bc_jagannathan_comp_1/Sebastian/013.0_RNAseq_hsf4_14d29_0-6h25/90_scratch/tmp/sortmerna_61918475_11/readb/rev_0.fq.gz
[init_split_files:967] added file: /nfs/nas22/fs2202/biol_bc_jagannathan_comp_1/Sebastian/013.0_RNAseq_hsf4_14d29_0-6h25/90_scratch/tmp/sortmerna_61918475_11/readb/fwd_1.fq.gz
[init_split_files:967] added file: /nfs/nas22/fs2202/biol_bc_jagannathan_comp_1/Sebastian/013.0_RNAseq_hsf4_14d29_0-6h25/90_scratch/tmp/sortmerna_61918475_11/readb/rev_1.fq.gz
[init_split_files:967] added file: /nfs/nas22/fs2202/biol_bc_jagannathan_comp_1/Sebastian/013.0_RNAseq_hsf4_14d29_0-6h25/90_scratch/tmp/sortmerna_61918475_11/readb/fwd_2.fq.gz
[init_split_files:967] added file: /nfs/nas22/fs2202/biol_bc_jagannathan_comp_1/Sebastian/013.0_RNAseq_hsf4_14d29_0-6h25/90_scratch/tmp/sortmerna_61918475_11/readb/rev_2.fq.gz
[init_split_files:967] added file: /nfs/nas22/fs2202/biol_bc_jagannathan_comp_1/Sebastian/013.0_RNAseq_hsf4_14d29_0-6h25/90_scratch/tmp/sortmerna_61918475_11/readb/fwd_3.fq.gz
[init_split_files:967] added file: /nfs/nas22/fs2202/biol_bc_jagannathan_comp_1/Sebastian/013.0_RNAseq_hsf4_14d29_0-6h25/90_scratch/tmp/sortmerna_61918475_11/readb/rev_3.fq.gz
[init_split_files:967] added file: /nfs/nas22/fs2202/biol_bc_jagannathan_comp_1/Sebastian/013.0_RNAseq_hsf4_14d29_0-6h25/90_scratch/tmp/sortmerna_61918475_11/readb/fwd_4.fq.gz
[init_split_files:967] added file: /nfs/nas22/fs2202/biol_bc_jagannathan_comp_1/Sebastian/013.0_RNAseq_hsf4_14d29_0-6h25/90_scratch/tmp/sortmerna_61918475_11/readb/rev_4.fq.gz
[init_split_files:967] added file: /nfs/nas22/fs2202/biol_bc_jagannathan_comp_1/Sebastian/013.0_RNAseq_hsf4_14d29_0-6h25/90_scratch/tmp/sortmerna_61918475_11/readb/fwd_5.fq.gz
[init_split_files:967] added file: /nfs/nas22/fs2202/biol_bc_jagannathan_comp_1/Sebastian/013.0_RNAseq_hsf4_14d29_0-6h25/90_scratch/tmp/sortmerna_61918475_11/readb/rev_5.fq.gz
[init_split_files:967] added file: /nfs/nas22/fs2202/biol_bc_jagannathan_comp_1/Sebastian/013.0_RNAseq_hsf4_14d29_0-6h25/90_scratch/tmp/sortmerna_61918475_11/readb/fwd_6.fq.gz
[init_split_files:967] added file: /nfs/nas22/fs2202/biol_bc_jagannathan_comp_1/Sebastian/013.0_RNAseq_hsf4_14d29_0-6h25/90_scratch/tmp/sortmerna_61918475_11/readb/rev_6.fq.gz
[init_split_files:967] added file: /nfs/nas22/fs2202/biol_bc_jagannathan_comp_1/Sebastian/013.0_RNAseq_hsf4_14d29_0-6h25/90_scratch/tmp/sortmerna_61918475_11/readb/fwd_7.fq.gz
[init_split_files:967] added file: /nfs/nas22/fs2202/biol_bc_jagannathan_comp_1/Sebastian/013.0_RNAseq_hsf4_14d29_0-6h25/90_scratch/tmp/sortmerna_61918475_11/readb/rev_7.fq.gz
[split:605] start splitting. Using number of splits equals number of processing threads: 8
[next:322] EOF FWD reached. Total reads: 53187475
[next:322] EOF REV reached. Total reads: 53187475
[split:717] Done splitting. Reads count: 106374950 Runtime sec: 3154.94

[init:135] Readfeed init done in sec [3336.39]
[store_to_db:292] Stored Reads statistics to DB:
     all_reads_count= 106374950 all_reads_len= 15956242500 min_read_len= 150 max_read_len= 150 total_aligned= 0 total_aligned_id= 0 total_aligned_cov= 0 total_aligned_id_cov= 0 total_denovo= 0 num_short= 0 reads_matched_per_db= TODO is_stats_calc= 0 is_total_reads_mapped_cov= 0

[align:143] ==== Starting alignment ====
[align:146] Number of cores: 192
[align:163] Using number of Processor threads: 8
[Refstats:60] Index Statistics calculation starts ... done in: 1.80612 sec
[align:185] Loading index: 0 part: 1/1 Memory KB: 330 ... 
[align:190] done in [1.11391] sec Memory KB: 330
[align:193] Loading references ...
[align:197] done in [0.0187347] sec. Memory KB: 330
[align2:70] Processor 0 thread 22830695560768 started
[align2:70] Processor 2 thread 22830699763264 started
[align2:70] Processor 1 thread 22830697662016 started
[align2:70] Processor 7 thread 22830781568576 started
[align2:70] Processor 3 thread 22830701864512 started
[align2:70] Processor 4 thread 22830775264832 started
[align2:70] Processor 6 thread 22830779467328 started
[align2:70] Processor 5 thread 22830777366080 started
[next:455] EOF FWD reached. Total reads: 6648435
[next:455] EOF REV reached. Total reads: 6648435
[align2:133] Processor 0 thread 22830695560768 done. Processed 13296870 reads. Skipped already processed: 0 reads Aligned reads (passing E-value): 9317 Runtime sec: 435.362
[next:455] EOF FWD reached. Total reads: 6648434
[next:455] EOF REV reached. Total reads: 6648434
[align2:133] Processor 7 thread 22830781568576 done. Processed 13296868 reads. Skipped already processed: 0 reads Aligned reads (passing E-value): 9370 Runtime sec: 435.731
[next:455] EOF FWD reached. Total reads: 6648434
[next:455] EOF REV reached. Total reads: 6648434
[align2:133] Processor 3 thread 22830701864512 done. Processed 13296868 reads. Skipped already processed: 0 reads Aligned reads (passing E-value): 9333 Runtime sec: 436.222
[next:455] EOF FWD reached. Total reads: 6648434
[next:455] EOF REV reached. Total reads: 6648434
[align2:133] Processor 4 thread 22830775264832 done. Processed 13296868 reads. Skipped already processed: 0 reads Aligned reads (passing E-value): 9055 Runtime sec: 436.354
[next:455] EOF FWD reached. Total reads: 6648435
[next:455] EOF REV reached. Total reads: 6648435
[align2:133] Processor 1 thread 22830697662016 done. Processed 13296870 reads. Skipped already processed: 0 reads Aligned reads (passing E-value): 9036 Runtime sec: 436.99
[next:455] EOF FWD reached. Total reads: 6648434
[next:455] EOF REV reached. Total reads: 6648434
[align2:133] Processor 6 thread 22830779467328 done. Processed 13296868 reads. Skipped already processed: 0 reads Aligned reads (passing E-value): 9100 Runtime sec: 437.715
[next:455] EOF FWD reached. Total reads: 6648434
[next:455] EOF REV reached. Total reads: 6648434
[align2:133] Processor 5 thread 22830777366080 done. Processed 13296868 reads. Skipped already processed: 0 reads Aligned reads (passing E-value): 9138 Runtime sec: 438.157
[next:455] EOF FWD reached. Total reads: 6648435
[next:455] EOF REV reached. Total reads: 6648435
[align2:133] Processor 2 thread 22830699763264 done. Processed 13296870 reads. Skipped already processed: 0 reads Aligned reads (passing E-value): 9364 Runtime sec: 438.42
[align:220] done index: 0 part: 1 in 438.421 sec Memory KB: 382
[align:227] Index and References unloaded in 0.0433721 sec. Memory KB: 382
[align:185] Loading index: 1 part: 1/1 Memory KB: 382 ... 
[align:190] done in [0.39515] sec Memory KB: 382
[align:193] Loading references ...
[align:197] done in [0.0141214] sec. Memory KB: 382
[align2:70] Processor 0 thread 22830781568576 started
[align2:70] Processor 1 thread 22830779467328 started
[align2:70] Processor 2 thread 22830777366080 started
[align2:70] Processor 3 thread 22830775264832 started
[align2:70] Processor 4 thread 22830701864512 started
[align2:70] Processor 5 thread 22830699763264 started
[align2:70] Processor 6 thread 22830697662016 started
[align2:70] Processor 7 thread 22830695560768 started
[next:455] EOF FWD reached. Total reads: 6648434
[next:455] EOF REV reached. Total reads: 6648434
[align2:133] Processor 3 thread 22830775264832 done. Processed 13296868 reads. Skipped already processed: 0 reads Aligned reads (passing E-value): 18444 Runtime sec: 272.368
[next:455] EOF FWD reached. Total reads: 6648434
[next:455] EOF REV reached. Total reads: 6648434
[align2:133] Processor 4 thread 22830701864512 done. Processed 13296868 reads. Skipped already processed: 0 reads Aligned reads (passing E-value): 17937 Runtime sec: 273.736
[next:455] EOF FWD reached. Total reads: 6648434
[next:455] EOF REV reached. Total reads: 6648434
[align2:133] Processor 7 thread 22830695560768 done. Processed 13296868 reads. Skipped already processed: 0 reads Aligned reads (passing E-value): 18406 Runtime sec: 273.855
[next:455] EOF FWD reached. Total reads: 6648435
[next:455] EOF REV reached. Total reads: 6648435
[align2:133] Processor 2 thread 22830777366080 done. Processed 13296870 reads. Skipped already processed: 0 reads Aligned reads (passing E-value): 18575 Runtime sec: 273.999
[next:455] EOF FWD reached. Total reads: 6648434
[next:455] EOF REV reached. Total reads: 6648434
[align2:133] Processor 5 thread 22830699763264 done. Processed 13296868 reads. Skipped already processed: 0 reads Aligned reads (passing E-value): 18362 Runtime sec: 274.147
[next:455] EOF FWD reached. Total reads: 6648435
[next:455] EOF REV reached. Total reads: 6648435
[align2:133] Processor 1 thread 22830779467328 done. Processed 13296870 reads. Skipped already processed: 0 reads Aligned reads (passing E-value): 18388 Runtime sec: 274.554
[next:455] EOF FWD reached. Total reads: 6648434
[next:455] EOF REV reached. Total reads: 6648434
[align2:133] Processor 6 thread 22830697662016 done. Processed 13296868 reads. Skipped already processed: 0 reads Aligned reads (passing E-value): 18342 Runtime sec: 274.609
[next:455] EOF FWD reached. Total reads: 6648435
[next:455] EOF REV reached. Total reads: 6648435
[align2:133] Processor 0 thread 22830781568576 done. Processed 13296870 reads. Skipped already processed: 0 reads Aligned reads (passing E-value): 18560 Runtime sec: 275.259
[align:220] done index: 1 part: 1 in 275.259 sec Memory KB: 416
[align:227] Index and References unloaded in 0.0153934 sec. Memory KB: 416
[align:185] Loading index: 2 part: 1/1 Memory KB: 416 ... 
[align:190] done in [3.63033] sec Memory KB: 590
[align:193] Loading references ...
[align:197] done in [0.047979] sec. Memory KB: 610
[align2:70] Processor 0 thread 22830695560768 started
[align2:70] Processor 1 thread 22830697662016 started
[align2:70] Processor 2 thread 22830699763264 started
[align2:70] Processor 3 thread 22830701864512 started
[align2:70] Processor 4 thread 22830775264832 started
[align2:70] Processor 5 thread 22830777366080 started
[align2:70] Processor 6 thread 22830779467328 started
[align2:70] Processor 7 thread 22830781568576 started
[next:455] EOF FWD reached. Total reads: 6648434
[next:455] EOF REV reached. Total reads: 6648434
[align2:133] Processor 3 thread 22830701864512 done. Processed 13296868 reads. Skipped already processed: 0 reads Aligned reads (passing E-value): 28929 Runtime sec: 1001.03
[next:455] EOF FWD reached. Total reads: 6648434
[next:455] EOF REV reached. Total reads: 6648434
[align2:133] Processor 7 thread 22830781568576 done. Processed 13296868 reads. Skipped already processed: 0 reads Aligned reads (passing E-value): 29646 Runtime sec: 1003.98
[next:455] EOF FWD reached. Total reads: 6648435
[next:455] EOF REV reached. Total reads: 6648435
[align2:133] Processor 0 thread 22830695560768 done. Processed 13296870 reads. Skipped already processed: 0 reads Aligned reads (passing E-value): 28813 Runtime sec: 1004.16
[next:455] EOF FWD reached. Total reads: 6648435
[next:455] EOF REV reached. Total reads: 6648435
[align2:133] Processor 2 thread 22830699763264 done. Processed 13296870 reads. Skipped already processed: 0 reads Aligned reads (passing E-value): 28711 Runtime sec: 1005.94
[next:455] EOF FWD reached. Total reads: 6648434
[next:455] EOF REV reached. Total reads: 6648434
[align2:133] Processor 4 thread 22830775264832 done. Processed 13296868 reads. Skipped already processed: 0 reads Aligned reads (passing E-value): 28772 Runtime sec: 1006.45
[next:455] EOF FWD reached. Total reads: 6648434
[next:455] EOF REV reached. Total reads: 6648434
[align2:133] Processor 6 thread 22830779467328 done. Processed 13296868 reads. Skipped already processed: 0 reads Aligned reads (passing E-value): 29034 Runtime sec: 1007.85
[next:455] EOF FWD reached. Total reads: 6648435
[next:455] EOF REV reached. Total reads: 6648435
[align2:133] Processor 1 thread 22830697662016 done. Processed 13296870 reads. Skipped already processed: 0 reads Aligned reads (passing E-value): 28491 Runtime sec: 1008.59
[next:455] EOF FWD reached. Total reads: 6648434
[next:455] EOF REV reached. Total reads: 6648434
[align2:133] Processor 5 thread 22830777366080 done. Processed 13296868 reads. Skipped already processed: 0 reads Aligned reads (passing E-value): 29203 Runtime sec: 1009.47
[align:220] done index: 2 part: 1 in 1009.47 sec Memory KB: 667
[align:227] Index and References unloaded in 0.144841 sec. Memory KB: 667
[align:185] Loading index: 3 part: 1/1 Memory KB: 667 ... 
[align:190] done in [3.09945] sec Memory KB: 667
[align:193] Loading references ...
[align:197] done in [0.0349499] sec. Memory KB: 667
[align2:70] Processor 0 thread 22830781568576 started
[align2:70] Processor 1 thread 22830779467328 started
[align2:70] Processor 2 thread 22830777366080 started
[align2:70] Processor 3 thread 22830775264832 started
[align2:70] Processor 4 thread 22830701864512 started
[align2:70] Processor 5 thread 22830699763264 started
[align2:70] Processor 6 thread 22830697662016 started
[align2:70] Processor 7 thread 22830695560768 started
[next:455] EOF FWD reached. Total reads: 6648434
[align2:133] Processor 3 thread 22830775264832 done. Processed 13296524 reads. Skipped already processed: 327 reads Aligned reads (passing E-value): 84758 Runtime sec: 912.223
[next:455] EOF REV reached. Total reads: 6648434
[next:455] EOF FWD reached. Total reads: 6648434
[align2:133] Processor 7 thread 22830695560768 done. Processed 13296563 reads. Skipped already processed: 305 reads Aligned reads (passing E-value): 85055 Runtime sec: 915.44
[next:455] EOF FWD reached. Total reads: 6648435
[next:455] EOF REV reached. Total reads: 6648435
[align2:133] Processor 0 thread 22830781568576 done. Processed 13296552 reads. Skipped already processed: 318 reads Aligned reads (passing E-value): 85348 Runtime sec: 916.417
[next:455] EOF FWD reached. Total reads: 6648435
[align2:133] Processor 2 thread 22830777366080 done. Processed 13296550 reads. Skipped already processed: 313 reads Aligned reads (passing E-value): 85485 Runtime sec: 919.315
[next:455] EOF REV reached. Total reads: 6648435
[align2:133] Processor 1 thread 22830779467328 done. Processed 13296563 reads. Skipped already processed: 305 reads Aligned reads (passing E-value): 86488 Runtime sec: 920.634
[next:455] EOF FWD reached. Total reads: 6648434
[align2:133] Processor 4 thread 22830701864512 done. Processed 13296562 reads. Skipped already processed: 282 reads Aligned reads (passing E-value): 84151 Runtime sec: 920.688
[next:455] EOF REV reached. Total reads: 6648434
[align2:133] Processor 5 thread 22830699763264 done. Processed 13296573 reads. Skipped already processed: 284 reads Aligned reads (passing E-value): 86355 Runtime sec: 922.17
[next:455] EOF REV reached. Total reads: 6648434
[align2:133] Processor 6 thread 22830697662016 done. Processed 13296539 reads. Skipped already processed: 312 reads Aligned reads (passing E-value): 85144 Runtime sec: 923.492
[align:220] done index: 3 part: 1 in 923.493 sec Memory KB: 765
[align:227] Index and References unloaded in 0.1066 sec. Memory KB: 765
[align:185] Loading index: 4 part: 1/1 Memory KB: 765 ... 
[align:190] done in [2.55767] sec Memory KB: 765
[align:193] Loading references ...
[align:197] done in [0.0338063] sec. Memory KB: 765
[align2:70] Processor 0 thread 22830695560768 started
[align2:70] Processor 1 thread 22830697662016 started
[align2:70] Processor 2 thread 22830699763264 started
[align2:70] Processor 3 thread 22830701864512 started
[align2:70] Processor 4 thread 22830775264832 started
[align2:70] Processor 5 thread 22830777366080 started
[align2:70] Processor 6 thread 22830779467328 started
[align2:70] Processor 7 thread 22830781568576 started
[next:455] EOF REV reached. Total reads: 6648435
[align2:133] Processor 0 thread 22830695560768 done. Processed 13295885 reads. Skipped already processed: 983 reads Aligned reads (passing E-value): 115496 Runtime sec: 1011.35
[next:455] EOF REV reached. Total reads: 6648434
[align2:133] Processor 5 thread 22830777366080 done. Processed 13295819 reads. Skipped already processed: 1043 reads Aligned reads (passing E-value): 115886 Runtime sec: 1015.87
[next:455] EOF REV reached. Total reads: 6648434
[align2:133] Processor 7 thread 22830781568576 done. Processed 13295883 reads. Skipped already processed: 955 reads Aligned reads (passing E-value): 115092 Runtime sec: 1016.46
[next:455] EOF FWD reached. Total reads: 6648434
[align2:133] Processor 4 thread 22830775264832 done. Processed 13295904 reads. Skipped already processed: 923 reads Aligned reads (passing E-value): 113455 Runtime sec: 1018.79
[next:455] EOF FWD reached. Total reads: 6648434
[align2:133] Processor 6 thread 22830779467328 done. Processed 13295928 reads. Skipped already processed: 932 reads Aligned reads (passing E-value): 115241 Runtime sec: 1019.39
[next:455] EOF FWD reached. Total reads: 6648434
[align2:133] Processor 3 thread 22830701864512 done. Processed 13295852 reads. Skipped already processed: 974 reads Aligned reads (passing E-value): 115133 Runtime sec: 1019.5
[next:455] EOF FWD reached. Total reads: 6648435
[align2:133] Processor 2 thread 22830699763264 done. Processed 13295818 reads. Skipped already processed: 1012 reads Aligned reads (passing E-value): 115389 Runtime sec: 1025.75
[next:455] EOF REV reached. Total reads: 6648435
[align2:133] Processor 1 thread 22830697662016 done. Processed 13295839 reads. Skipped already processed: 1002 reads Aligned reads (passing E-value): 116641 Runtime sec: 1026.7
[align:220] done index: 4 part: 1 in 1026.7 sec Memory KB: 808
[align:227] Index and References unloaded in 0.132739 sec. Memory KB: 808
[align:185] Loading index: 5 part: 1/1 Memory KB: 808 ... 
[align:190] done in [2.88907] sec Memory KB: 808
[align:193] Loading references ...
[align:197] done in [0.0329741] sec. Memory KB: 808
[align2:70] Processor 0 thread 22830781568576 started
[align2:70] Processor 1 thread 22830779467328 started
[align2:70] Processor 2 thread 22830777366080 started
[align2:70] Processor 3 thread 22830775264832 started
[align2:70] Processor 4 thread 22830701864512 started
[align2:70] Processor 5 thread 22830699763264 started
[align2:70] Processor 6 thread 22830697662016 started
[align2:70] Processor 7 thread 22830695560768 started
[next:455] EOF FWD reached. Total reads: 6648434
[align2:133] Processor 3 thread 22830775264832 done. Processed 13272432 reads. Skipped already processed: 24275 reads Aligned reads (passing E-value): 124088 Runtime sec: 1153.34
[next:455] EOF FWD reached. Total reads: 6648434
[align2:133] Processor 7 thread 22830695560768 done. Processed 13273066 reads. Skipped already processed: 23772 reads Aligned reads (passing E-value): 124007 Runtime sec: 1156.02
[next:455] EOF FWD reached. Total reads: 6648435
[align2:133] Processor 0 thread 22830781568576 done. Processed 13272324 reads. Skipped already processed: 24321 reads Aligned reads (passing E-value): 124235 Runtime sec: 1156.57
[next:455] EOF FWD reached. Total reads: 6648434
[align2:133] Processor 4 thread 22830701864512 done. Processed 13273286 reads. Skipped already processed: 23315 reads Aligned reads (passing E-value): 122375 Runtime sec: 1157.99
[next:455] EOF FWD reached. Total reads: 6648434
[align2:133] Processor 5 thread 22830699763264 done. Processed 13273508 reads. Skipped already processed: 23335 reads Aligned reads (passing E-value): 125578 Runtime sec: 1160.45
[next:455] EOF FWD reached. Total reads: 6648435
[align2:133] Processor 2 thread 22830777366080 done. Processed 13272522 reads. Skipped already processed: 24274 reads Aligned reads (passing E-value): 124537 Runtime sec: 1162.14
[next:455] EOF FWD reached. Total reads: 6648435
[align2:133] Processor 1 thread 22830779467328 done. Processed 13272822 reads. Skipped already processed: 23991 reads Aligned reads (passing E-value): 125622 Runtime sec: 1164.94
[next:455] EOF REV reached. Total reads: 6648434
[align2:133] Processor 6 thread 22830697662016 done. Processed 13273421 reads. Skipped already processed: 23345 reads Aligned reads (passing E-value): 124803 Runtime sec: 1165.75
[align:220] done index: 5 part: 1 in 1165.75 sec Memory KB: 879
[align:227] Index and References unloaded in 0.116439 sec. Memory KB: 879
[align:185] Loading index: 6 part: 1/1 Memory KB: 879 ... 
[align:190] done in [1.63507] sec Memory KB: 879
[align:193] Loading references ...
[align:197] done in [0.0486139] sec. Memory KB: 732
[align2:70] Processor 0 thread 22830695560768 started
[align2:70] Processor 1 thread 22830697662016 started
[align2:70] Processor 2 thread 22830699763264 started
[align2:70] Processor 3 thread 22830701864512 started
[align2:70] Processor 4 thread 22830775264832 started
[align2:70] Processor 5 thread 22830777366080 started
[align2:70] Processor 6 thread 22830779467328 started
[align2:70] Processor 7 thread 22830781568576 started
[next:455] EOF FWD reached. Total reads: 6648435
[align2:133] Processor 0 thread 22830695560768 done. Processed 13250472 reads. Skipped already processed: 45928 reads Aligned reads (passing E-value): 102626 Runtime sec: 552.45
[next:455] EOF FWD reached. Total reads: 6648434
[align2:133] Processor 7 thread 22830781568576 done. Processed 13251588 reads. Skipped already processed: 44681 reads Aligned reads (passing E-value): 103095 Runtime sec: 553.432
[next:455] EOF FWD reached. Total reads: 6648434
[align2:133] Processor 4 thread 22830775264832 done. Processed 13252264 reads. Skipped already processed: 43919 reads Aligned reads (passing E-value): 101769 Runtime sec: 553.457
[next:455] EOF FWD reached. Total reads: 6648434
[align2:133] Processor 3 thread 22830701864512 done. Processed 13250328 reads. Skipped already processed: 46071 reads Aligned reads (passing E-value): 102294 Runtime sec: 553.591
[next:455] EOF FWD reached. Total reads: 6648434
[align2:133] Processor 6 thread 22830779467328 done. Processed 13252418 reads. Skipped already processed: 44265 reads Aligned reads (passing E-value): 103883 Runtime sec: 556.187
[next:455] EOF FWD reached. Total reads: 6648434
[align2:133] Processor 5 thread 22830777366080 done. Processed 13252132 reads. Skipped already processed: 44333 reads Aligned reads (passing E-value): 104577 Runtime sec: 557.112
[next:455] EOF FWD reached. Total reads: 6648435
[align2:133] Processor 1 thread 22830697662016 done. Processed 13250752 reads. Skipped already processed: 45692 reads Aligned reads (passing E-value): 103911 Runtime sec: 558.561
[next:455] EOF FWD reached. Total reads: 6648435
[align2:133] Processor 2 thread 22830699763264 done. Processed 13250412 reads. Skipped already processed: 46082 reads Aligned reads (passing E-value): 102730 Runtime sec: 563.134
[align:220] done index: 6 part: 1 in 563.134 sec Memory KB: 735
[align:227] Index and References unloaded in 0.0324005 sec. Memory KB: 735
[align:185] Loading index: 7 part: 1/1 Memory KB: 735 ... 
[align:190] done in [0.494367] sec Memory KB: 735
[align:193] Loading references ...
[align:197] done in [0.0232146] sec. Memory KB: 735
[align2:70] Processor 0 thread 22830781568576 started
[align2:70] Processor 1 thread 22830779467328 started
[align2:70] Processor 2 thread 22830777366080 started
[align2:70] Processor 3 thread 22830775264832 started
[align2:70] Processor 4 thread 22830701864512 started
[align2:70] Processor 5 thread 22830699763264 started
[align2:70] Processor 6 thread 22830697662016 started
[align2:70] Processor 7 thread 22830695560768 started
[next:455] EOF FWD reached. Total reads: 6648434
[align2:133] Processor 4 thread 22830701864512 done. Processed 13252264 reads. Skipped already processed: 43919 reads Aligned reads (passing E-value): 101826 Runtime sec: 345.832
[next:455] EOF FWD reached. Total reads: 6648435
[align2:133] Processor 0 thread 22830781568576 done. Processed 13250472 reads. Skipped already processed: 45928 reads Aligned reads (passing E-value): 102687 Runtime sec: 346.92
[next:455] EOF FWD reached. Total reads: 6648434
[align2:133] Processor 3 thread 22830775264832 done. Processed 13250328 reads. Skipped already processed: 46071 reads Aligned reads (passing E-value): 102349 Runtime sec: 346.988
[next:455] EOF FWD reached. Total reads: 6648434
[align2:133] Processor 7 thread 22830695560768 done. Processed 13251588 reads. Skipped already processed: 44681 reads Aligned reads (passing E-value): 103157 Runtime sec: 347.185
[next:455] EOF FWD reached. Total reads: 6648434
[align2:133] Processor 6 thread 22830697662016 done. Processed 13252418 reads. Skipped already processed: 44265 reads Aligned reads (passing E-value): 103926 Runtime sec: 347.308
[next:455] EOF FWD reached. Total reads: 6648435
[align2:133] Processor 2 thread 22830777366080 done. Processed 13250412 reads. Skipped already processed: 46082 reads Aligned reads (passing E-value): 102789 Runtime sec: 347.828
[next:455] EOF FWD reached. Total reads: 6648434
[align2:133] Processor 5 thread 22830699763264 done. Processed 13252132 reads. Skipped already processed: 44333 reads Aligned reads (passing E-value): 104626 Runtime sec: 348.058
[next:455] EOF FWD reached. Total reads: 6648435
[align2:133] Processor 1 thread 22830779467328 done. Processed 13250752 reads. Skipped already processed: 45692 reads Aligned reads (passing E-value): 103979 Runtime sec: 348.651
[align:220] done index: 7 part: 1 in 348.652 sec Memory KB: 737
[align:227] Index and References unloaded in 0.0144856 sec. Memory KB: 737
[align:237] ==== Done alignment in 5767.58 sec ====

[store_to_db:292] Stored Reads statistics to DB:
     all_reads_count= 106374950 all_reads_len= 15956242500 min_read_len= 150 max_read_len= 150 total_aligned= 1186353 total_aligned_id= 0 total_aligned_cov= 0 total_aligned_id_cov= 0 total_denovo= 0 num_short= 0 reads_matched_per_db= TODO is_stats_calc= 0 is_total_reads_mapped_cov= 0

[writeSummary:179] ==== Starting summary of alignment statistics ====
[Refstats:60] Index Statistics calculation starts ... done in: 1.70583 sec
[write:62] Using summary file: /nfs/nas22/fs2202/biol_bc_jagannathan_comp_1/Sebastian/013.0_RNAseq_hsf4_14d29_0-6h25/90_scratch/tmp/sortmerna_61918475_11/HSF4_6H_2.rRNA.log
[writeSummary:185] ==== Done summary in sec [1.71796] ====

[writeReports:169] === Report generation starts ===
[writeReports:184] Restored Readstats from DB: 1
[Refstats:60] Index Statistics calculation starts ... done in: 1.62446 sec
[validate_out_type:140] Output type: 
1-file  2-files  paired  paired_in  paired_out  out2  sout  other  otype
           +        +                  +           +           +     36
[set_num_out:163] num_out: 2
[init:60] num_out: 2
[validate_out_type:140] Output type: 
1-file  2-files  paired  paired_in  paired_out  out2  sout  other  otype
           +        +                  +           +           +     36
[set_num_out:163] num_out: 2
[init:60] num_out: 2
[writeReports:199] loading reference 0 part 1/1 ... done in 0.0213927 sec
[report:93] Report Processor: 0 thread: 22830695560768 started. Memory KB: 737
[report:93] Report Processor: 1 thread: 22830697662016 started. Memory KB: 737
[report:93] Report Processor: 2 thread: 22830699763264 started. Memory KB: 737
[report:93] Report Processor: 3 thread: 22830701864512 started. Memory KB: 737
[report:93] Report Processor: 5 thread: 22830777366080 started. Memory KB: 737
[report:93] Report Processor: 7 thread: 22830781568576 started. Memory KB: 737
[report:93] Report Processor: 4 thread: 22830775264832 started. Memory KB: 737
[report:93] Report Processor: 6 thread: 22830779467328 started. Memory KB: 737
[next:455] EOF FWD reached. Total reads: 6648434
[next:455] EOF REV reached. Total reads: 6648434
[report:152] Report processor: 3 thread: 22830701864512 done. Processed reads: 13296868 Invalid reads: 0 Memory KB: 737
[next:455] EOF FWD reached. Total reads: 6648434
[next:455] EOF REV reached. Total reads: 6648434
[report:152] Report processor: 7 thread: 22830781568576 done. Processed reads: 13296868 Invalid reads: 0 Memory KB: 737
[next:455] EOF FWD reached. Total reads: 6648435
[next:455] EOF REV reached. Total reads: 6648435
[report:152] Report processor: 0 thread: 22830695560768 done. Processed reads: 13296870 Invalid reads: 0 Memory KB: 737
[next:455] EOF FWD reached. Total reads: 6648435
[next:455] EOF REV reached. Total reads: 6648435
[report:152] Report processor: 2 thread: 22830699763264 done. Processed reads: 13296870 Invalid reads: 0 Memory KB: 738
[next:455] EOF FWD reached. Total reads: 6648434
[next:455] EOF REV reached. Total reads: 6648434
[report:152] Report processor: 4 thread: 22830775264832 done. Processed reads: 13296868 Invalid reads: 0 Memory KB: 738
[next:455] EOF FWD reached. Total reads: 6648434
[next:455] EOF REV reached. Total reads: 6648434
[report:152] Report processor: 5 thread: 22830777366080 done. Processed reads: 13296868 Invalid reads: 0 Memory KB: 738
[next:455] EOF FWD reached. Total reads: 6648434
[next:455] EOF REV reached. Total reads: 6648434
[report:152] Report processor: 6 thread: 22830779467328 done. Processed reads: 13296868 Invalid reads: 0 Memory KB: 738
[next:455] EOF FWD reached. Total reads: 6648435
[next:455] EOF REV reached. Total reads: 6648435
[report:152] Report processor: 1 thread: 22830697662016 done. Processed reads: 13296870 Invalid reads: 0 Memory KB: 738
[writeReports:220] done reference 0 part: 1 in 450.658 sec
[writeReports:226] references unloaded in 0.000440167 sec Memory KB: 738
[openfr:129] Opened output file /nfs/nas22/fs2202/biol_bc_jagannathan_comp_1/Sebastian/013.0_RNAseq_hsf4_14d29_0-6h25/90_scratch/tmp/sortmerna_61918475_11/HSF4_6H_2.rRNA_fwd_1.fq.gz for reading.
[merge:83] merged /nfs/nas22/fs2202/biol_bc_jagannathan_comp_1/Sebastian/013.0_RNAseq_hsf4_14d29_0-6h25/90_scratch/tmp/sortmerna_61918475_11/HSF4_6H_2.rRNA_fwd_1.fq.gz -> /nfs/nas22/fs2202/biol_bc_jagannathan_comp_1/Sebastian/013.0_RNAseq_hsf4_14d29_0-6h25/90_scratch/tmp/sortmerna_61918475_11/HSF4_6H_2.rRNA_fwd_0.fq.gz
[merge:90] deleted /nfs/nas22/fs2202/biol_bc_jagannathan_comp_1/Sebastian/013.0_RNAseq_hsf4_14d29_0-6h25/90_scratch/tmp/sortmerna_61918475_11/HSF4_6H_2.rRNA_fwd_1.fq.gz
[openfr:129] Opened output file /nfs/nas22/fs2202/biol_bc_jagannathan_comp_1/Sebastian/013.0_RNAseq_hsf4_14d29_0-6h25/90_scratch/tmp/sortmerna_61918475_11/HSF4_6H_2.rRNA_fwd_2.fq.gz for reading.
[merge:83] merged /nfs/nas22/fs2202/biol_bc_jagannathan_comp_1/Sebastian/013.0_RNAseq_hsf4_14d29_0-6h25/90_scratch/tmp/sortmerna_61918475_11/HSF4_6H_2.rRNA_fwd_2.fq.gz -> /nfs/nas22/fs2202/biol_bc_jagannathan_comp_1/Sebastian/013.0_RNAseq_hsf4_14d29_0-6h25/90_scratch/tmp/sortmerna_61918475_11/HSF4_6H_2.rRNA_fwd_0.fq.gz
[merge:90] deleted /nfs/nas22/fs2202/biol_bc_jagannathan_comp_1/Sebastian/013.0_RNAseq_hsf4_14d29_0-6h25/90_scratch/tmp/sortmerna_61918475_11/HSF4_6H_2.rRNA_fwd_2.fq.gz
[openfr:129] Opened output file /nfs/nas22/fs2202/biol_bc_jagannathan_comp_1/Sebastian/013.0_RNAseq_hsf4_14d29_0-6h25/90_scratch/tmp/sortmerna_61918475_11/HSF4_6H_2.rRNA_fwd_3.fq.gz for reading.
[merge:83] merged /nfs/nas22/fs2202/biol_bc_jagannathan_comp_1/Sebastian/013.0_RNAseq_hsf4_14d29_0-6h25/90_scratch/tmp/sortmerna_61918475_11/HSF4_6H_2.rRNA_fwd_3.fq.gz -> /nfs/nas22/fs2202/biol_bc_jagannathan_comp_1/Sebastian/013.0_RNAseq_hsf4_14d29_0-6h25/90_scratch/tmp/sortmerna_61918475_11/HSF4_6H_2.rRNA_fwd_0.fq.gz
[merge:90] deleted /nfs/nas22/fs2202/biol_bc_jagannathan_comp_1/Sebastian/013.0_RNAseq_hsf4_14d29_0-6h25/90_scratch/tmp/sortmerna_61918475_11/HSF4_6H_2.rRNA_fwd_3.fq.gz
[openfr:129] Opened output file /nfs/nas22/fs2202/biol_bc_jagannathan_comp_1/Sebastian/013.0_RNAseq_hsf4_14d29_0-6h25/90_scratch/tmp/sortmerna_61918475_11/HSF4_6H_2.rRNA_fwd_4.fq.gz for reading.
[merge:83] merged /nfs/nas22/fs2202/biol_bc_jagannathan_comp_1/Sebastian/013.0_RNAseq_hsf4_14d29_0-6h25/90_scratch/tmp/sortmerna_61918475_11/HSF4_6H_2.rRNA_fwd_4.fq.gz -> /nfs/nas22/fs2202/biol_bc_jagannathan_comp_1/Sebastian/013.0_RNAseq_hsf4_14d29_0-6h25/90_scratch/tmp/sortmerna_61918475_11/HSF4_6H_2.rRNA_fwd_0.fq.gz
[merge:90] deleted /nfs/nas22/fs2202/biol_bc_jagannathan_comp_1/Sebastian/013.0_RNAseq_hsf4_14d29_0-6h25/90_scratch/tmp/sortmerna_61918475_11/HSF4_6H_2.rRNA_fwd_4.fq.gz
[openfr:129] Opened output file /nfs/nas22/fs2202/biol_bc_jagannathan_comp_1/Sebastian/013.0_RNAseq_hsf4_14d29_0-6h25/90_scratch/tmp/sortmerna_61918475_11/HSF4_6H_2.rRNA_fwd_5.fq.gz for reading.
[merge:83] merged /nfs/nas22/fs2202/biol_bc_jagannathan_comp_1/Sebastian/013.0_RNAseq_hsf4_14d29_0-6h25/90_scratch/tmp/sortmerna_61918475_11/HSF4_6H_2.rRNA_fwd_5.fq.gz -> /nfs/nas22/fs2202/biol_bc_jagannathan_comp_1/Sebastian/013.0_RNAseq_hsf4_14d29_0-6h25/90_scratch/tmp/sortmerna_61918475_11/HSF4_6H_2.rRNA_fwd_0.fq.gz
[merge:90] deleted /nfs/nas22/fs2202/biol_bc_jagannathan_comp_1/Sebastian/013.0_RNAseq_hsf4_14d29_0-6h25/90_scratch/tmp/sortmerna_61918475_11/HSF4_6H_2.rRNA_fwd_5.fq.gz
[openfr:129] Opened output file /nfs/nas22/fs2202/biol_bc_jagannathan_comp_1/Sebastian/013.0_RNAseq_hsf4_14d29_0-6h25/90_scratch/tmp/sortmerna_61918475_11/HSF4_6H_2.rRNA_fwd_6.fq.gz for reading.
[merge:83] merged /nfs/nas22/fs2202/biol_bc_jagannathan_comp_1/Sebastian/013.0_RNAseq_hsf4_14d29_0-6h25/90_scratch/tmp/sortmerna_61918475_11/HSF4_6H_2.rRNA_fwd_6.fq.gz -> /nfs/nas22/fs2202/biol_bc_jagannathan_comp_1/Sebastian/013.0_RNAseq_hsf4_14d29_0-6h25/90_scratch/tmp/sortmerna_61918475_11/HSF4_6H_2.rRNA_fwd_0.fq.gz
[merge:90] deleted /nfs/nas22/fs2202/biol_bc_jagannathan_comp_1/Sebastian/013.0_RNAseq_hsf4_14d29_0-6h25/90_scratch/tmp/sortmerna_61918475_11/HSF4_6H_2.rRNA_fwd_6.fq.gz
[openfr:129] Opened output file /nfs/nas22/fs2202/biol_bc_jagannathan_comp_1/Sebastian/013.0_RNAseq_hsf4_14d29_0-6h25/90_scratch/tmp/sortmerna_61918475_11/HSF4_6H_2.rRNA_fwd_7.fq.gz for reading.
[merge:83] merged /nfs/nas22/fs2202/biol_bc_jagannathan_comp_1/Sebastian/013.0_RNAseq_hsf4_14d29_0-6h25/90_scratch/tmp/sortmerna_61918475_11/HSF4_6H_2.rRNA_fwd_7.fq.gz -> /nfs/nas22/fs2202/biol_bc_jagannathan_comp_1/Sebastian/013.0_RNAseq_hsf4_14d29_0-6h25/90_scratch/tmp/sortmerna_61918475_11/HSF4_6H_2.rRNA_fwd_0.fq.gz
[merge:90] deleted /nfs/nas22/fs2202/biol_bc_jagannathan_comp_1/Sebastian/013.0_RNAseq_hsf4_14d29_0-6h25/90_scratch/tmp/sortmerna_61918475_11/HSF4_6H_2.rRNA_fwd_7.fq.gz
[strip_path_sfx:169] moving /nfs/nas22/fs2202/biol_bc_jagannathan_comp_1/Sebastian/013.0_RNAseq_hsf4_14d29_0-6h25/90_scratch/tmp/sortmerna_61918475_11/HSF4_6H_2.rRNA_fwd_0.fq.gz -> "/nfs/nas22/fs2202/biol_bc_jagannathan_comp_1/Sebastian/013.0_RNAseq_hsf4_14d29_0-6h25/90_scratch/tmp/sortmerna_61918475_11/HSF4_6H_2.rRNA_fwd.fq.gz"
[openfr:129] Opened output file /nfs/nas22/fs2202/biol_bc_jagannathan_comp_1/Sebastian/013.0_RNAseq_hsf4_14d29_0-6h25/90_scratch/tmp/sortmerna_61918475_11/HSF4_6H_2.rRNA_rev_1.fq.gz for reading.
[merge:83] merged /nfs/nas22/fs2202/biol_bc_jagannathan_comp_1/Sebastian/013.0_RNAseq_hsf4_14d29_0-6h25/90_scratch/tmp/sortmerna_61918475_11/HSF4_6H_2.rRNA_rev_1.fq.gz -> /nfs/nas22/fs2202/biol_bc_jagannathan_comp_1/Sebastian/013.0_RNAseq_hsf4_14d29_0-6h25/90_scratch/tmp/sortmerna_61918475_11/HSF4_6H_2.rRNA_rev_0.fq.gz
[merge:90] deleted /nfs/nas22/fs2202/biol_bc_jagannathan_comp_1/Sebastian/013.0_RNAseq_hsf4_14d29_0-6h25/90_scratch/tmp/sortmerna_61918475_11/HSF4_6H_2.rRNA_rev_1.fq.gz
[openfr:129] Opened output file /nfs/nas22/fs2202/biol_bc_jagannathan_comp_1/Sebastian/013.0_RNAseq_hsf4_14d29_0-6h25/90_scratch/tmp/sortmerna_61918475_11/HSF4_6H_2.rRNA_rev_2.fq.gz for reading.
[merge:83] merged /nfs/nas22/fs2202/biol_bc_jagannathan_comp_1/Sebastian/013.0_RNAseq_hsf4_14d29_0-6h25/90_scratch/tmp/sortmerna_61918475_11/HSF4_6H_2.rRNA_rev_2.fq.gz -> /nfs/nas22/fs2202/biol_bc_jagannathan_comp_1/Sebastian/013.0_RNAseq_hsf4_14d29_0-6h25/90_scratch/tmp/sortmerna_61918475_11/HSF4_6H_2.rRNA_rev_0.fq.gz
[merge:90] deleted /nfs/nas22/fs2202/biol_bc_jagannathan_comp_1/Sebastian/013.0_RNAseq_hsf4_14d29_0-6h25/90_scratch/tmp/sortmerna_61918475_11/HSF4_6H_2.rRNA_rev_2.fq.gz
[openfr:129] Opened output file /nfs/nas22/fs2202/biol_bc_jagannathan_comp_1/Sebastian/013.0_RNAseq_hsf4_14d29_0-6h25/90_scratch/tmp/sortmerna_61918475_11/HSF4_6H_2.rRNA_rev_3.fq.gz for reading.
[merge:83] merged /nfs/nas22/fs2202/biol_bc_jagannathan_comp_1/Sebastian/013.0_RNAseq_hsf4_14d29_0-6h25/90_scratch/tmp/sortmerna_61918475_11/HSF4_6H_2.rRNA_rev_3.fq.gz -> /nfs/nas22/fs2202/biol_bc_jagannathan_comp_1/Sebastian/013.0_RNAseq_hsf4_14d29_0-6h25/90_scratch/tmp/sortmerna_61918475_11/HSF4_6H_2.rRNA_rev_0.fq.gz
[merge:90] deleted /nfs/nas22/fs2202/biol_bc_jagannathan_comp_1/Sebastian/013.0_RNAseq_hsf4_14d29_0-6h25/90_scratch/tmp/sortmerna_61918475_11/HSF4_6H_2.rRNA_rev_3.fq.gz
[openfr:129] Opened output file /nfs/nas22/fs2202/biol_bc_jagannathan_comp_1/Sebastian/013.0_RNAseq_hsf4_14d29_0-6h25/90_scratch/tmp/sortmerna_61918475_11/HSF4_6H_2.rRNA_rev_4.fq.gz for reading.
[merge:83] merged /nfs/nas22/fs2202/biol_bc_jagannathan_comp_1/Sebastian/013.0_RNAseq_hsf4_14d29_0-6h25/90_scratch/tmp/sortmerna_61918475_11/HSF4_6H_2.rRNA_rev_4.fq.gz -> /nfs/nas22/fs2202/biol_bc_jagannathan_comp_1/Sebastian/013.0_RNAseq_hsf4_14d29_0-6h25/90_scratch/tmp/sortmerna_61918475_11/HSF4_6H_2.rRNA_rev_0.fq.gz
[merge:90] deleted /nfs/nas22/fs2202/biol_bc_jagannathan_comp_1/Sebastian/013.0_RNAseq_hsf4_14d29_0-6h25/90_scratch/tmp/sortmerna_61918475_11/HSF4_6H_2.rRNA_rev_4.fq.gz
[openfr:129] Opened output file /nfs/nas22/fs2202/biol_bc_jagannathan_comp_1/Sebastian/013.0_RNAseq_hsf4_14d29_0-6h25/90_scratch/tmp/sortmerna_61918475_11/HSF4_6H_2.rRNA_rev_5.fq.gz for reading.
[merge:83] merged /nfs/nas22/fs2202/biol_bc_jagannathan_comp_1/Sebastian/013.0_RNAseq_hsf4_14d29_0-6h25/90_scratch/tmp/sortmerna_61918475_11/HSF4_6H_2.rRNA_rev_5.fq.gz -> /nfs/nas22/fs2202/biol_bc_jagannathan_comp_1/Sebastian/013.0_RNAseq_hsf4_14d29_0-6h25/90_scratch/tmp/sortmerna_61918475_11/HSF4_6H_2.rRNA_rev_0.fq.gz
[merge:90] deleted /nfs/nas22/fs2202/biol_bc_jagannathan_comp_1/Sebastian/013.0_RNAseq_hsf4_14d29_0-6h25/90_scratch/tmp/sortmerna_61918475_11/HSF4_6H_2.rRNA_rev_5.fq.gz
[openfr:129] Opened output file /nfs/nas22/fs2202/biol_bc_jagannathan_comp_1/Sebastian/013.0_RNAseq_hsf4_14d29_0-6h25/90_scratch/tmp/sortmerna_61918475_11/HSF4_6H_2.rRNA_rev_6.fq.gz for reading.
[merge:83] merged /nfs/nas22/fs2202/biol_bc_jagannathan_comp_1/Sebastian/013.0_RNAseq_hsf4_14d29_0-6h25/90_scratch/tmp/sortmerna_61918475_11/HSF4_6H_2.rRNA_rev_6.fq.gz -> /nfs/nas22/fs2202/biol_bc_jagannathan_comp_1/Sebastian/013.0_RNAseq_hsf4_14d29_0-6h25/90_scratch/tmp/sortmerna_61918475_11/HSF4_6H_2.rRNA_rev_0.fq.gz
[merge:90] deleted /nfs/nas22/fs2202/biol_bc_jagannathan_comp_1/Sebastian/013.0_RNAseq_hsf4_14d29_0-6h25/90_scratch/tmp/sortmerna_61918475_11/HSF4_6H_2.rRNA_rev_6.fq.gz
[openfr:129] Opened output file /nfs/nas22/fs2202/biol_bc_jagannathan_comp_1/Sebastian/013.0_RNAseq_hsf4_14d29_0-6h25/90_scratch/tmp/sortmerna_61918475_11/HSF4_6H_2.rRNA_rev_7.fq.gz for reading.
[merge:83] merged /nfs/nas22/fs2202/biol_bc_jagannathan_comp_1/Sebastian/013.0_RNAseq_hsf4_14d29_0-6h25/90_scratch/tmp/sortmerna_61918475_11/HSF4_6H_2.rRNA_rev_7.fq.gz -> /nfs/nas22/fs2202/biol_bc_jagannathan_comp_1/Sebastian/013.0_RNAseq_hsf4_14d29_0-6h25/90_scratch/tmp/sortmerna_61918475_11/HSF4_6H_2.rRNA_rev_0.fq.gz
[merge:90] deleted /nfs/nas22/fs2202/biol_bc_jagannathan_comp_1/Sebastian/013.0_RNAseq_hsf4_14d29_0-6h25/90_scratch/tmp/sortmerna_61918475_11/HSF4_6H_2.rRNA_rev_7.fq.gz
[strip_path_sfx:169] moving /nfs/nas22/fs2202/biol_bc_jagannathan_comp_1/Sebastian/013.0_RNAseq_hsf4_14d29_0-6h25/90_scratch/tmp/sortmerna_61918475_11/HSF4_6H_2.rRNA_rev_0.fq.gz -> "/nfs/nas22/fs2202/biol_bc_jagannathan_comp_1/Sebastian/013.0_RNAseq_hsf4_14d29_0-6h25/90_scratch/tmp/sortmerna_61918475_11/HSF4_6H_2.rRNA_rev.fq.gz"
[openfr:129] Opened output file /nfs/nas22/fs2202/biol_bc_jagannathan_comp_1/Sebastian/013.0_RNAseq_hsf4_14d29_0-6h25/02_work/12_sortmerna/HSF4_6H_2_fwd_1.fq.gz for reading.
[merge:83] merged /nfs/nas22/fs2202/biol_bc_jagannathan_comp_1/Sebastian/013.0_RNAseq_hsf4_14d29_0-6h25/02_work/12_sortmerna/HSF4_6H_2_fwd_1.fq.gz -> /nfs/nas22/fs2202/biol_bc_jagannathan_comp_1/Sebastian/013.0_RNAseq_hsf4_14d29_0-6h25/02_work/12_sortmerna/HSF4_6H_2_fwd_0.fq.gz
[merge:90] deleted /nfs/nas22/fs2202/biol_bc_jagannathan_comp_1/Sebastian/013.0_RNAseq_hsf4_14d29_0-6h25/02_work/12_sortmerna/HSF4_6H_2_fwd_1.fq.gz
[openfr:129] Opened output file /nfs/nas22/fs2202/biol_bc_jagannathan_comp_1/Sebastian/013.0_RNAseq_hsf4_14d29_0-6h25/02_work/12_sortmerna/HSF4_6H_2_fwd_2.fq.gz for reading.
[merge:83] merged /nfs/nas22/fs2202/biol_bc_jagannathan_comp_1/Sebastian/013.0_RNAseq_hsf4_14d29_0-6h25/02_work/12_sortmerna/HSF4_6H_2_fwd_2.fq.gz -> /nfs/nas22/fs2202/biol_bc_jagannathan_comp_1/Sebastian/013.0_RNAseq_hsf4_14d29_0-6h25/02_work/12_sortmerna/HSF4_6H_2_fwd_0.fq.gz
[merge:90] deleted /nfs/nas22/fs2202/biol_bc_jagannathan_comp_1/Sebastian/013.0_RNAseq_hsf4_14d29_0-6h25/02_work/12_sortmerna/HSF4_6H_2_fwd_2.fq.gz
[openfr:129] Opened output file /nfs/nas22/fs2202/biol_bc_jagannathan_comp_1/Sebastian/013.0_RNAseq_hsf4_14d29_0-6h25/02_work/12_sortmerna/HSF4_6H_2_fwd_3.fq.gz for reading.
[merge:83] merged /nfs/nas22/fs2202/biol_bc_jagannathan_comp_1/Sebastian/013.0_RNAseq_hsf4_14d29_0-6h25/02_work/12_sortmerna/HSF4_6H_2_fwd_3.fq.gz -> /nfs/nas22/fs2202/biol_bc_jagannathan_comp_1/Sebastian/013.0_RNAseq_hsf4_14d29_0-6h25/02_work/12_sortmerna/HSF4_6H_2_fwd_0.fq.gz
[merge:90] deleted /nfs/nas22/fs2202/biol_bc_jagannathan_comp_1/Sebastian/013.0_RNAseq_hsf4_14d29_0-6h25/02_work/12_sortmerna/HSF4_6H_2_fwd_3.fq.gz
[openfr:129] Opened output file /nfs/nas22/fs2202/biol_bc_jagannathan_comp_1/Sebastian/013.0_RNAseq_hsf4_14d29_0-6h25/02_work/12_sortmerna/HSF4_6H_2_fwd_4.fq.gz for reading.
[merge:83] merged /nfs/nas22/fs2202/biol_bc_jagannathan_comp_1/Sebastian/013.0_RNAseq_hsf4_14d29_0-6h25/02_work/12_sortmerna/HSF4_6H_2_fwd_4.fq.gz -> /nfs/nas22/fs2202/biol_bc_jagannathan_comp_1/Sebastian/013.0_RNAseq_hsf4_14d29_0-6h25/02_work/12_sortmerna/HSF4_6H_2_fwd_0.fq.gz
[merge:90] deleted /nfs/nas22/fs2202/biol_bc_jagannathan_comp_1/Sebastian/013.0_RNAseq_hsf4_14d29_0-6h25/02_work/12_sortmerna/HSF4_6H_2_fwd_4.fq.gz
[openfr:129] Opened output file /nfs/nas22/fs2202/biol_bc_jagannathan_comp_1/Sebastian/013.0_RNAseq_hsf4_14d29_0-6h25/02_work/12_sortmerna/HSF4_6H_2_fwd_5.fq.gz for reading.
[merge:83] merged /nfs/nas22/fs2202/biol_bc_jagannathan_comp_1/Sebastian/013.0_RNAseq_hsf4_14d29_0-6h25/02_work/12_sortmerna/HSF4_6H_2_fwd_5.fq.gz -> /nfs/nas22/fs2202/biol_bc_jagannathan_comp_1/Sebastian/013.0_RNAseq_hsf4_14d29_0-6h25/02_work/12_sortmerna/HSF4_6H_2_fwd_0.fq.gz
[merge:90] deleted /nfs/nas22/fs2202/biol_bc_jagannathan_comp_1/Sebastian/013.0_RNAseq_hsf4_14d29_0-6h25/02_work/12_sortmerna/HSF4_6H_2_fwd_5.fq.gz
[openfr:129] Opened output file /nfs/nas22/fs2202/biol_bc_jagannathan_comp_1/Sebastian/013.0_RNAseq_hsf4_14d29_0-6h25/02_work/12_sortmerna/HSF4_6H_2_fwd_6.fq.gz for reading.
[merge:83] merged /nfs/nas22/fs2202/biol_bc_jagannathan_comp_1/Sebastian/013.0_RNAseq_hsf4_14d29_0-6h25/02_work/12_sortmerna/HSF4_6H_2_fwd_6.fq.gz -> /nfs/nas22/fs2202/biol_bc_jagannathan_comp_1/Sebastian/013.0_RNAseq_hsf4_14d29_0-6h25/02_work/12_sortmerna/HSF4_6H_2_fwd_0.fq.gz
[merge:90] deleted /nfs/nas22/fs2202/biol_bc_jagannathan_comp_1/Sebastian/013.0_RNAseq_hsf4_14d29_0-6h25/02_work/12_sortmerna/HSF4_6H_2_fwd_6.fq.gz
[openfr:129] Opened output file /nfs/nas22/fs2202/biol_bc_jagannathan_comp_1/Sebastian/013.0_RNAseq_hsf4_14d29_0-6h25/02_work/12_sortmerna/HSF4_6H_2_fwd_7.fq.gz for reading.
[merge:83] merged /nfs/nas22/fs2202/biol_bc_jagannathan_comp_1/Sebastian/013.0_RNAseq_hsf4_14d29_0-6h25/02_work/12_sortmerna/HSF4_6H_2_fwd_7.fq.gz -> /nfs/nas22/fs2202/biol_bc_jagannathan_comp_1/Sebastian/013.0_RNAseq_hsf4_14d29_0-6h25/02_work/12_sortmerna/HSF4_6H_2_fwd_0.fq.gz
[merge:90] deleted /nfs/nas22/fs2202/biol_bc_jagannathan_comp_1/Sebastian/013.0_RNAseq_hsf4_14d29_0-6h25/02_work/12_sortmerna/HSF4_6H_2_fwd_7.fq.gz
[strip_path_sfx:169] moving /nfs/nas22/fs2202/biol_bc_jagannathan_comp_1/Sebastian/013.0_RNAseq_hsf4_14d29_0-6h25/02_work/12_sortmerna/HSF4_6H_2_fwd_0.fq.gz -> "/nfs/nas22/fs2202/biol_bc_jagannathan_comp_1/Sebastian/013.0_RNAseq_hsf4_14d29_0-6h25/02_work/12_sortmerna/HSF4_6H_2_fwd.fq.gz"
[openfr:129] Opened output file /nfs/nas22/fs2202/biol_bc_jagannathan_comp_1/Sebastian/013.0_RNAseq_hsf4_14d29_0-6h25/02_work/12_sortmerna/HSF4_6H_2_rev_1.fq.gz for reading.
[merge:83] merged /nfs/nas22/fs2202/biol_bc_jagannathan_comp_1/Sebastian/013.0_RNAseq_hsf4_14d29_0-6h25/02_work/12_sortmerna/HSF4_6H_2_rev_1.fq.gz -> /nfs/nas22/fs2202/biol_bc_jagannathan_comp_1/Sebastian/013.0_RNAseq_hsf4_14d29_0-6h25/02_work/12_sortmerna/HSF4_6H_2_rev_0.fq.gz
[merge:90] deleted /nfs/nas22/fs2202/biol_bc_jagannathan_comp_1/Sebastian/013.0_RNAseq_hsf4_14d29_0-6h25/02_work/12_sortmerna/HSF4_6H_2_rev_1.fq.gz
[openfr:129] Opened output file /nfs/nas22/fs2202/biol_bc_jagannathan_comp_1/Sebastian/013.0_RNAseq_hsf4_14d29_0-6h25/02_work/12_sortmerna/HSF4_6H_2_rev_2.fq.gz for reading.
[merge:83] merged /nfs/nas22/fs2202/biol_bc_jagannathan_comp_1/Sebastian/013.0_RNAseq_hsf4_14d29_0-6h25/02_work/12_sortmerna/HSF4_6H_2_rev_2.fq.gz -> /nfs/nas22/fs2202/biol_bc_jagannathan_comp_1/Sebastian/013.0_RNAseq_hsf4_14d29_0-6h25/02_work/12_sortmerna/HSF4_6H_2_rev_0.fq.gz
[merge:90] deleted /nfs/nas22/fs2202/biol_bc_jagannathan_comp_1/Sebastian/013.0_RNAseq_hsf4_14d29_0-6h25/02_work/12_sortmerna/HSF4_6H_2_rev_2.fq.gz
[openfr:129] Opened output file /nfs/nas22/fs2202/biol_bc_jagannathan_comp_1/Sebastian/013.0_RNAseq_hsf4_14d29_0-6h25/02_work/12_sortmerna/HSF4_6H_2_rev_3.fq.gz for reading.
[merge:83] merged /nfs/nas22/fs2202/biol_bc_jagannathan_comp_1/Sebastian/013.0_RNAseq_hsf4_14d29_0-6h25/02_work/12_sortmerna/HSF4_6H_2_rev_3.fq.gz -> /nfs/nas22/fs2202/biol_bc_jagannathan_comp_1/Sebastian/013.0_RNAseq_hsf4_14d29_0-6h25/02_work/12_sortmerna/HSF4_6H_2_rev_0.fq.gz
[merge:90] deleted /nfs/nas22/fs2202/biol_bc_jagannathan_comp_1/Sebastian/013.0_RNAseq_hsf4_14d29_0-6h25/02_work/12_sortmerna/HSF4_6H_2_rev_3.fq.gz
[openfr:129] Opened output file /nfs/nas22/fs2202/biol_bc_jagannathan_comp_1/Sebastian/013.0_RNAseq_hsf4_14d29_0-6h25/02_work/12_sortmerna/HSF4_6H_2_rev_4.fq.gz for reading.
[merge:83] merged /nfs/nas22/fs2202/biol_bc_jagannathan_comp_1/Sebastian/013.0_RNAseq_hsf4_14d29_0-6h25/02_work/12_sortmerna/HSF4_6H_2_rev_4.fq.gz -> /nfs/nas22/fs2202/biol_bc_jagannathan_comp_1/Sebastian/013.0_RNAseq_hsf4_14d29_0-6h25/02_work/12_sortmerna/HSF4_6H_2_rev_0.fq.gz
[merge:90] deleted /nfs/nas22/fs2202/biol_bc_jagannathan_comp_1/Sebastian/013.0_RNAseq_hsf4_14d29_0-6h25/02_work/12_sortmerna/HSF4_6H_2_rev_4.fq.gz
[openfr:129] Opened output file /nfs/nas22/fs2202/biol_bc_jagannathan_comp_1/Sebastian/013.0_RNAseq_hsf4_14d29_0-6h25/02_work/12_sortmerna/HSF4_6H_2_rev_5.fq.gz for reading.
[merge:83] merged /nfs/nas22/fs2202/biol_bc_jagannathan_comp_1/Sebastian/013.0_RNAseq_hsf4_14d29_0-6h25/02_work/12_sortmerna/HSF4_6H_2_rev_5.fq.gz -> /nfs/nas22/fs2202/biol_bc_jagannathan_comp_1/Sebastian/013.0_RNAseq_hsf4_14d29_0-6h25/02_work/12_sortmerna/HSF4_6H_2_rev_0.fq.gz
[merge:90] deleted /nfs/nas22/fs2202/biol_bc_jagannathan_comp_1/Sebastian/013.0_RNAseq_hsf4_14d29_0-6h25/02_work/12_sortmerna/HSF4_6H_2_rev_5.fq.gz
[openfr:129] Opened output file /nfs/nas22/fs2202/biol_bc_jagannathan_comp_1/Sebastian/013.0_RNAseq_hsf4_14d29_0-6h25/02_work/12_sortmerna/HSF4_6H_2_rev_6.fq.gz for reading.
[merge:83] merged /nfs/nas22/fs2202/biol_bc_jagannathan_comp_1/Sebastian/013.0_RNAseq_hsf4_14d29_0-6h25/02_work/12_sortmerna/HSF4_6H_2_rev_6.fq.gz -> /nfs/nas22/fs2202/biol_bc_jagannathan_comp_1/Sebastian/013.0_RNAseq_hsf4_14d29_0-6h25/02_work/12_sortmerna/HSF4_6H_2_rev_0.fq.gz
[merge:90] deleted /nfs/nas22/fs2202/biol_bc_jagannathan_comp_1/Sebastian/013.0_RNAseq_hsf4_14d29_0-6h25/02_work/12_sortmerna/HSF4_6H_2_rev_6.fq.gz
[openfr:129] Opened output file /nfs/nas22/fs2202/biol_bc_jagannathan_comp_1/Sebastian/013.0_RNAseq_hsf4_14d29_0-6h25/02_work/12_sortmerna/HSF4_6H_2_rev_7.fq.gz for reading.
[merge:83] merged /nfs/nas22/fs2202/biol_bc_jagannathan_comp_1/Sebastian/013.0_RNAseq_hsf4_14d29_0-6h25/02_work/12_sortmerna/HSF4_6H_2_rev_7.fq.gz -> /nfs/nas22/fs2202/biol_bc_jagannathan_comp_1/Sebastian/013.0_RNAseq_hsf4_14d29_0-6h25/02_work/12_sortmerna/HSF4_6H_2_rev_0.fq.gz
[merge:90] deleted /nfs/nas22/fs2202/biol_bc_jagannathan_comp_1/Sebastian/013.0_RNAseq_hsf4_14d29_0-6h25/02_work/12_sortmerna/HSF4_6H_2_rev_7.fq.gz
[strip_path_sfx:169] moving /nfs/nas22/fs2202/biol_bc_jagannathan_comp_1/Sebastian/013.0_RNAseq_hsf4_14d29_0-6h25/02_work/12_sortmerna/HSF4_6H_2_rev_0.fq.gz -> "/nfs/nas22/fs2202/biol_bc_jagannathan_comp_1/Sebastian/013.0_RNAseq_hsf4_14d29_0-6h25/02_work/12_sortmerna/HSF4_6H_2_rev.fq.gz"
[writeReports:269] === done Reports in 524.163 sec ===

[INFO] Pre-sync — fwd: 52861631  rev: 52861631
[INFO] Already equal — skipping sync
[INFO] Done: /nfs/nas22/fs2202/biol_bc_jagannathan_comp_1/Sebastian/013.0_RNAseq_hsf4_14d29_0-6h25/02_work/12_sortmerna/HSF4_6H_2_fwd.fq.gz
