[INFO] Sample: HSF4_4H_3
[process:1393] === Options processing starts ... ===
Found value: /nfs/nas22/fs2202/biol_bc_jagannathan_comp_1/Sebastian/013.0_RNAseq_hsf4_14d29_0-6h25/00_admin/env/sortmerna/bin/sortmerna
Found flag: --ref
Found value: /nfs/nas22/fs2202/biol_bc_jagannathan_comp_1/Sebastian/013.0_RNAseq_hsf4_14d29_0-6h25/00_admin/env/sortmerna/db/silva-arc-16s-id95.fasta of previous flag: --ref
Found flag: --ref
Found value: /nfs/nas22/fs2202/biol_bc_jagannathan_comp_1/Sebastian/013.0_RNAseq_hsf4_14d29_0-6h25/00_admin/env/sortmerna/db/silva-arc-23s-id98.fasta of previous flag: --ref
Found flag: --ref
Found value: /nfs/nas22/fs2202/biol_bc_jagannathan_comp_1/Sebastian/013.0_RNAseq_hsf4_14d29_0-6h25/00_admin/env/sortmerna/db/silva-bac-16s-id90.fasta of previous flag: --ref
Found flag: --ref
Found value: /nfs/nas22/fs2202/biol_bc_jagannathan_comp_1/Sebastian/013.0_RNAseq_hsf4_14d29_0-6h25/00_admin/env/sortmerna/db/silva-bac-23s-id98.fasta of previous flag: --ref
Found flag: --ref
Found value: /nfs/nas22/fs2202/biol_bc_jagannathan_comp_1/Sebastian/013.0_RNAseq_hsf4_14d29_0-6h25/00_admin/env/sortmerna/db/silva-euk-18s-id95.fasta of previous flag: --ref
Found flag: --ref
Found value: /nfs/nas22/fs2202/biol_bc_jagannathan_comp_1/Sebastian/013.0_RNAseq_hsf4_14d29_0-6h25/00_admin/env/sortmerna/db/silva-euk-28s-id98.fasta of previous flag: --ref
Found flag: --ref
Found value: /nfs/nas22/fs2202/biol_bc_jagannathan_comp_1/Sebastian/013.0_RNAseq_hsf4_14d29_0-6h25/00_admin/env/sortmerna/db/rfam-5s-database-id98.fasta of previous flag: --ref
Found flag: --ref
Found value: /nfs/nas22/fs2202/biol_bc_jagannathan_comp_1/Sebastian/013.0_RNAseq_hsf4_14d29_0-6h25/00_admin/env/sortmerna/db/rfam-5.8s-database-id98.fasta of previous flag: --ref
Found flag: --reads
Found value: 01_raw/fastq/HSF4_4H_3_ZKRN250030476-1A_23F5KYLT4_L7_1.fq.gz of previous flag: --reads
Found flag: --reads
Found value: 01_raw/fastq/HSF4_4H_3_ZKRN250030476-1A_23F5KYLT4_L7_2.fq.gz of previous flag: --reads
Found flag: --fastx
Previous flag: --fastx is Boolean. Setting to True
Found flag: --paired_out
Previous flag: --paired_out is Boolean. Setting to True
Found flag: --out2
Previous flag: --out2 is Boolean. Setting to True
Found flag: --aligned
Found value: /nfs/nas22/fs2202/biol_bc_jagannathan_comp_1/Sebastian/013.0_RNAseq_hsf4_14d29_0-6h25/90_scratch/tmp/sortmerna_61918473_9/HSF4_4H_3.rRNA of previous flag: --aligned
Found flag: --other
Found value: /nfs/nas22/fs2202/biol_bc_jagannathan_comp_1/Sebastian/013.0_RNAseq_hsf4_14d29_0-6h25/02_work/12_sortmerna/HSF4_4H_3 of previous flag: --other
Found flag: --threads
Found value: 8 of previous flag: --threads
Found flag: --workdir
Found value: /nfs/nas22/fs2202/biol_bc_jagannathan_comp_1/Sebastian/013.0_RNAseq_hsf4_14d29_0-6h25/90_scratch/tmp/sortmerna_61918473_9 of previous flag: --workdir
[opt_workdir:995] Using WORKDIR: "/nfs/nas22/fs2202/biol_bc_jagannathan_comp_1/Sebastian/013.0_RNAseq_hsf4_14d29_0-6h25/90_scratch/tmp/sortmerna_61918473_9" as specified
[process:1483] Processing option: aligned with value: /nfs/nas22/fs2202/biol_bc_jagannathan_comp_1/Sebastian/013.0_RNAseq_hsf4_14d29_0-6h25/90_scratch/tmp/sortmerna_61918473_9/HSF4_4H_3.rRNA
[process:1483] Processing option: fastx with value: 
[process:1483] Processing option: other with value: /nfs/nas22/fs2202/biol_bc_jagannathan_comp_1/Sebastian/013.0_RNAseq_hsf4_14d29_0-6h25/02_work/12_sortmerna/HSF4_4H_3
[process:1483] Processing option: out2 with value: 
[process:1483] Processing option: paired_out with value: 
[process:1483] Processing option: reads with value: 01_raw/fastq/HSF4_4H_3_ZKRN250030476-1A_23F5KYLT4_L7_1.fq.gz
[opt_reads:98] Processing reads file [1] out of total [2] files
[process:1483] Processing option: reads with value: 01_raw/fastq/HSF4_4H_3_ZKRN250030476-1A_23F5KYLT4_L7_2.fq.gz
[opt_reads:98] Processing reads file [2] out of total [2] files
[process:1483] Processing option: ref with value: /nfs/nas22/fs2202/biol_bc_jagannathan_comp_1/Sebastian/013.0_RNAseq_hsf4_14d29_0-6h25/00_admin/env/sortmerna/db/silva-arc-16s-id95.fasta
[opt_ref:158] Processing reference [1] out of total [8] references
[opt_ref:206] File "/nfs/nas22/fs2202/biol_bc_jagannathan_comp_1/Sebastian/013.0_RNAseq_hsf4_14d29_0-6h25/00_admin/env/sortmerna/db/silva-arc-16s-id95.fasta" exists and is readable
[process:1483] Processing option: ref with value: /nfs/nas22/fs2202/biol_bc_jagannathan_comp_1/Sebastian/013.0_RNAseq_hsf4_14d29_0-6h25/00_admin/env/sortmerna/db/silva-arc-23s-id98.fasta
[opt_ref:158] Processing reference [2] out of total [8] references
[opt_ref:206] File "/nfs/nas22/fs2202/biol_bc_jagannathan_comp_1/Sebastian/013.0_RNAseq_hsf4_14d29_0-6h25/00_admin/env/sortmerna/db/silva-arc-23s-id98.fasta" exists and is readable
[process:1483] Processing option: ref with value: /nfs/nas22/fs2202/biol_bc_jagannathan_comp_1/Sebastian/013.0_RNAseq_hsf4_14d29_0-6h25/00_admin/env/sortmerna/db/silva-bac-16s-id90.fasta
[opt_ref:158] Processing reference [3] out of total [8] references
[opt_ref:206] File "/nfs/nas22/fs2202/biol_bc_jagannathan_comp_1/Sebastian/013.0_RNAseq_hsf4_14d29_0-6h25/00_admin/env/sortmerna/db/silva-bac-16s-id90.fasta" exists and is readable
[process:1483] Processing option: ref with value: /nfs/nas22/fs2202/biol_bc_jagannathan_comp_1/Sebastian/013.0_RNAseq_hsf4_14d29_0-6h25/00_admin/env/sortmerna/db/silva-bac-23s-id98.fasta
[opt_ref:158] Processing reference [4] out of total [8] references
[opt_ref:206] File "/nfs/nas22/fs2202/biol_bc_jagannathan_comp_1/Sebastian/013.0_RNAseq_hsf4_14d29_0-6h25/00_admin/env/sortmerna/db/silva-bac-23s-id98.fasta" exists and is readable
[process:1483] Processing option: ref with value: /nfs/nas22/fs2202/biol_bc_jagannathan_comp_1/Sebastian/013.0_RNAseq_hsf4_14d29_0-6h25/00_admin/env/sortmerna/db/silva-euk-18s-id95.fasta
[opt_ref:158] Processing reference [5] out of total [8] references
[opt_ref:206] File "/nfs/nas22/fs2202/biol_bc_jagannathan_comp_1/Sebastian/013.0_RNAseq_hsf4_14d29_0-6h25/00_admin/env/sortmerna/db/silva-euk-18s-id95.fasta" exists and is readable
[process:1483] Processing option: ref with value: /nfs/nas22/fs2202/biol_bc_jagannathan_comp_1/Sebastian/013.0_RNAseq_hsf4_14d29_0-6h25/00_admin/env/sortmerna/db/silva-euk-28s-id98.fasta
[opt_ref:158] Processing reference [6] out of total [8] references
[opt_ref:206] File "/nfs/nas22/fs2202/biol_bc_jagannathan_comp_1/Sebastian/013.0_RNAseq_hsf4_14d29_0-6h25/00_admin/env/sortmerna/db/silva-euk-28s-id98.fasta" exists and is readable
[process:1483] Processing option: ref with value: /nfs/nas22/fs2202/biol_bc_jagannathan_comp_1/Sebastian/013.0_RNAseq_hsf4_14d29_0-6h25/00_admin/env/sortmerna/db/rfam-5s-database-id98.fasta
[opt_ref:158] Processing reference [7] out of total [8] references
[opt_ref:206] File "/nfs/nas22/fs2202/biol_bc_jagannathan_comp_1/Sebastian/013.0_RNAseq_hsf4_14d29_0-6h25/00_admin/env/sortmerna/db/rfam-5s-database-id98.fasta" exists and is readable
[process:1483] Processing option: ref with value: /nfs/nas22/fs2202/biol_bc_jagannathan_comp_1/Sebastian/013.0_RNAseq_hsf4_14d29_0-6h25/00_admin/env/sortmerna/db/rfam-5.8s-database-id98.fasta
[opt_ref:158] Processing reference [8] out of total [8] references
[opt_ref:206] File "/nfs/nas22/fs2202/biol_bc_jagannathan_comp_1/Sebastian/013.0_RNAseq_hsf4_14d29_0-6h25/00_admin/env/sortmerna/db/rfam-5.8s-database-id98.fasta" exists and is readable
[process:1483] Processing option: threads with value: 8
[process:1503] === Options processing done ===
[process:1504] Alignment type: [best:1 num_alignments:1 min_lis:2 seeds:2]
[validate_kvdbdir:1248] Key-value DB location "/nfs/nas22/fs2202/biol_bc_jagannathan_comp_1/Sebastian/013.0_RNAseq_hsf4_14d29_0-6h25/90_scratch/tmp/sortmerna_61918473_9/kvdb"
[validate_kvdbdir:1284] Creating KVDB directory: "/nfs/nas22/fs2202/biol_bc_jagannathan_comp_1/Sebastian/013.0_RNAseq_hsf4_14d29_0-6h25/90_scratch/tmp/sortmerna_61918473_9/kvdb"
[validate_idxdir:1214] Using index directory: "/nfs/nas22/fs2202/biol_bc_jagannathan_comp_1/Sebastian/013.0_RNAseq_hsf4_14d29_0-6h25/90_scratch/tmp/sortmerna_61918473_9/idx"
[validate_idxdir:1222] Created index directory - OK
[validate_readb_dir:1306] Using split reads directory : "/nfs/nas22/fs2202/biol_bc_jagannathan_comp_1/Sebastian/013.0_RNAseq_hsf4_14d29_0-6h25/90_scratch/tmp/sortmerna_61918473_9/readb"
[validate_readb_dir:1314] Created split reads directory - OK
[main:62] Running command:
/nfs/nas22/fs2202/biol_bc_jagannathan_comp_1/Sebastian/013.0_RNAseq_hsf4_14d29_0-6h25/00_admin/env/sortmerna/bin/sortmerna --ref /nfs/nas22/fs2202/biol_bc_jagannathan_comp_1/Sebastian/013.0_RNAseq_hsf4_14d29_0-6h25/00_admin/env/sortmerna/db/silva-arc-16s-id95.fasta --ref /nfs/nas22/fs2202/biol_bc_jagannathan_comp_1/Sebastian/013.0_RNAseq_hsf4_14d29_0-6h25/00_admin/env/sortmerna/db/silva-arc-23s-id98.fasta --ref /nfs/nas22/fs2202/biol_bc_jagannathan_comp_1/Sebastian/013.0_RNAseq_hsf4_14d29_0-6h25/00_admin/env/sortmerna/db/silva-bac-16s-id90.fasta --ref /nfs/nas22/fs2202/biol_bc_jagannathan_comp_1/Sebastian/013.0_RNAseq_hsf4_14d29_0-6h25/00_admin/env/sortmerna/db/silva-bac-23s-id98.fasta --ref /nfs/nas22/fs2202/biol_bc_jagannathan_comp_1/Sebastian/013.0_RNAseq_hsf4_14d29_0-6h25/00_admin/env/sortmerna/db/silva-euk-18s-id95.fasta --ref /nfs/nas22/fs2202/biol_bc_jagannathan_comp_1/Sebastian/013.0_RNAseq_hsf4_14d29_0-6h25/00_admin/env/sortmerna/db/silva-euk-28s-id98.fasta --ref /nfs/nas22/fs2202/biol_bc_jagannathan_comp_1/Sebastian/013.0_RNAseq_hsf4_14d29_0-6h25/00_admin/env/sortmerna/db/rfam-5s-database-id98.fasta --ref /nfs/nas22/fs2202/biol_bc_jagannathan_comp_1/Sebastian/013.0_RNAseq_hsf4_14d29_0-6h25/00_admin/env/sortmerna/db/rfam-5.8s-database-id98.fasta --reads 01_raw/fastq/HSF4_4H_3_ZKRN250030476-1A_23F5KYLT4_L7_1.fq.gz --reads 01_raw/fastq/HSF4_4H_3_ZKRN250030476-1A_23F5KYLT4_L7_2.fq.gz --fastx --paired_out --out2 --aligned /nfs/nas22/fs2202/biol_bc_jagannathan_comp_1/Sebastian/013.0_RNAseq_hsf4_14d29_0-6h25/90_scratch/tmp/sortmerna_61918473_9/HSF4_4H_3.rRNA --other /nfs/nas22/fs2202/biol_bc_jagannathan_comp_1/Sebastian/013.0_RNAseq_hsf4_14d29_0-6h25/02_work/12_sortmerna/HSF4_4H_3 --threads 8 --workdir /nfs/nas22/fs2202/biol_bc_jagannathan_comp_1/Sebastian/013.0_RNAseq_hsf4_14d29_0-6h25/90_scratch/tmp/sortmerna_61918473_9 
[build_index:1123] ==== Index building started ====
[build_index:1180] Begin indexing file /nfs/nas22/fs2202/biol_bc_jagannathan_comp_1/Sebastian/013.0_RNAseq_hsf4_14d29_0-6h25/00_admin/env/sortmerna/db/silva-arc-16s-id95.fasta of size: 3893959 under index name /nfs/nas22/fs2202/biol_bc_jagannathan_comp_1/Sebastian/013.0_RNAseq_hsf4_14d29_0-6h25/90_scratch/tmp/sortmerna_61918473_9/idx/3436099190853847617
  done.

[build_index:1180] Begin indexing file /nfs/nas22/fs2202/biol_bc_jagannathan_comp_1/Sebastian/013.0_RNAseq_hsf4_14d29_0-6h25/00_admin/env/sortmerna/db/silva-arc-23s-id98.fasta of size: 752022 under index name /nfs/nas22/fs2202/biol_bc_jagannathan_comp_1/Sebastian/013.0_RNAseq_hsf4_14d29_0-6h25/90_scratch/tmp/sortmerna_61918473_9/idx/3400685301612210653
  done.

[build_index:1180] Begin indexing file /nfs/nas22/fs2202/biol_bc_jagannathan_comp_1/Sebastian/013.0_RNAseq_hsf4_14d29_0-6h25/00_admin/env/sortmerna/db/silva-bac-16s-id90.fasta of size: 19437013 under index name /nfs/nas22/fs2202/biol_bc_jagannathan_comp_1/Sebastian/013.0_RNAseq_hsf4_14d29_0-6h25/90_scratch/tmp/sortmerna_61918473_9/idx/15734375058464002811
  done.

[build_index:1180] Begin indexing file /nfs/nas22/fs2202/biol_bc_jagannathan_comp_1/Sebastian/013.0_RNAseq_hsf4_14d29_0-6h25/00_admin/env/sortmerna/db/silva-bac-23s-id98.fasta of size: 12911743 under index name /nfs/nas22/fs2202/biol_bc_jagannathan_comp_1/Sebastian/013.0_RNAseq_hsf4_14d29_0-6h25/90_scratch/tmp/sortmerna_61918473_9/idx/17299952793705614139
  done.

[build_index:1180] Begin indexing file /nfs/nas22/fs2202/biol_bc_jagannathan_comp_1/Sebastian/013.0_RNAseq_hsf4_14d29_0-6h25/00_admin/env/sortmerna/db/silva-euk-18s-id95.fasta of size: 13259584 under index name /nfs/nas22/fs2202/biol_bc_jagannathan_comp_1/Sebastian/013.0_RNAseq_hsf4_14d29_0-6h25/90_scratch/tmp/sortmerna_61918473_9/idx/2700646386527218729
  done.

[build_index:1180] Begin indexing file /nfs/nas22/fs2202/biol_bc_jagannathan_comp_1/Sebastian/013.0_RNAseq_hsf4_14d29_0-6h25/00_admin/env/sortmerna/db/silva-euk-28s-id98.fasta of size: 14945070 under index name /nfs/nas22/fs2202/biol_bc_jagannathan_comp_1/Sebastian/013.0_RNAseq_hsf4_14d29_0-6h25/90_scratch/tmp/sortmerna_61918473_9/idx/1845323523482939374
  done.

[build_index:1180] Begin indexing file /nfs/nas22/fs2202/biol_bc_jagannathan_comp_1/Sebastian/013.0_RNAseq_hsf4_14d29_0-6h25/00_admin/env/sortmerna/db/rfam-5s-database-id98.fasta of size: 8525326 under index name /nfs/nas22/fs2202/biol_bc_jagannathan_comp_1/Sebastian/013.0_RNAseq_hsf4_14d29_0-6h25/90_scratch/tmp/sortmerna_61918473_9/idx/13019673092862722585
  done.

[build_index:1180] Begin indexing file /nfs/nas22/fs2202/biol_bc_jagannathan_comp_1/Sebastian/013.0_RNAseq_hsf4_14d29_0-6h25/00_admin/env/sortmerna/db/rfam-5.8s-database-id98.fasta of size: 2280449 under index name /nfs/nas22/fs2202/biol_bc_jagannathan_comp_1/Sebastian/013.0_RNAseq_hsf4_14d29_0-6h25/90_scratch/tmp/sortmerna_61918473_9/idx/2169995244134016533
  done.

[build_index:2091] ==== Done index building in 116.303 sec ====

[init:108] Readfeed init started
[define_format:881] file: "01_raw/fastq/HSF4_4H_3_ZKRN250030476-1A_23F5KYLT4_L7_1.fq.gz" is FASTQ gzipped
[define_format:881] file: "01_raw/fastq/HSF4_4H_3_ZKRN250030476-1A_23F5KYLT4_L7_2.fq.gz" is FASTQ gzipped
[count_reads:915] started count  ...   
[next:322] EOF FWD reached. Total reads: 51657803
[next:322] EOF REV reached. Total reads: 51657803
[count_reads:945] done count. Elapsed time: 174.329 sec. Total reads: 103315606
[init_split_files:967] added file: /nfs/nas22/fs2202/biol_bc_jagannathan_comp_1/Sebastian/013.0_RNAseq_hsf4_14d29_0-6h25/90_scratch/tmp/sortmerna_61918473_9/readb/fwd_0.fq.gz
[init_split_files:967] added file: /nfs/nas22/fs2202/biol_bc_jagannathan_comp_1/Sebastian/013.0_RNAseq_hsf4_14d29_0-6h25/90_scratch/tmp/sortmerna_61918473_9/readb/rev_0.fq.gz
[init_split_files:967] added file: /nfs/nas22/fs2202/biol_bc_jagannathan_comp_1/Sebastian/013.0_RNAseq_hsf4_14d29_0-6h25/90_scratch/tmp/sortmerna_61918473_9/readb/fwd_1.fq.gz
[init_split_files:967] added file: /nfs/nas22/fs2202/biol_bc_jagannathan_comp_1/Sebastian/013.0_RNAseq_hsf4_14d29_0-6h25/90_scratch/tmp/sortmerna_61918473_9/readb/rev_1.fq.gz
[init_split_files:967] added file: /nfs/nas22/fs2202/biol_bc_jagannathan_comp_1/Sebastian/013.0_RNAseq_hsf4_14d29_0-6h25/90_scratch/tmp/sortmerna_61918473_9/readb/fwd_2.fq.gz
[init_split_files:967] added file: /nfs/nas22/fs2202/biol_bc_jagannathan_comp_1/Sebastian/013.0_RNAseq_hsf4_14d29_0-6h25/90_scratch/tmp/sortmerna_61918473_9/readb/rev_2.fq.gz
[init_split_files:967] added file: /nfs/nas22/fs2202/biol_bc_jagannathan_comp_1/Sebastian/013.0_RNAseq_hsf4_14d29_0-6h25/90_scratch/tmp/sortmerna_61918473_9/readb/fwd_3.fq.gz
[init_split_files:967] added file: /nfs/nas22/fs2202/biol_bc_jagannathan_comp_1/Sebastian/013.0_RNAseq_hsf4_14d29_0-6h25/90_scratch/tmp/sortmerna_61918473_9/readb/rev_3.fq.gz
[init_split_files:967] added file: /nfs/nas22/fs2202/biol_bc_jagannathan_comp_1/Sebastian/013.0_RNAseq_hsf4_14d29_0-6h25/90_scratch/tmp/sortmerna_61918473_9/readb/fwd_4.fq.gz
[init_split_files:967] added file: /nfs/nas22/fs2202/biol_bc_jagannathan_comp_1/Sebastian/013.0_RNAseq_hsf4_14d29_0-6h25/90_scratch/tmp/sortmerna_61918473_9/readb/rev_4.fq.gz
[init_split_files:967] added file: /nfs/nas22/fs2202/biol_bc_jagannathan_comp_1/Sebastian/013.0_RNAseq_hsf4_14d29_0-6h25/90_scratch/tmp/sortmerna_61918473_9/readb/fwd_5.fq.gz
[init_split_files:967] added file: /nfs/nas22/fs2202/biol_bc_jagannathan_comp_1/Sebastian/013.0_RNAseq_hsf4_14d29_0-6h25/90_scratch/tmp/sortmerna_61918473_9/readb/rev_5.fq.gz
[init_split_files:967] added file: /nfs/nas22/fs2202/biol_bc_jagannathan_comp_1/Sebastian/013.0_RNAseq_hsf4_14d29_0-6h25/90_scratch/tmp/sortmerna_61918473_9/readb/fwd_6.fq.gz
[init_split_files:967] added file: /nfs/nas22/fs2202/biol_bc_jagannathan_comp_1/Sebastian/013.0_RNAseq_hsf4_14d29_0-6h25/90_scratch/tmp/sortmerna_61918473_9/readb/rev_6.fq.gz
[init_split_files:967] added file: /nfs/nas22/fs2202/biol_bc_jagannathan_comp_1/Sebastian/013.0_RNAseq_hsf4_14d29_0-6h25/90_scratch/tmp/sortmerna_61918473_9/readb/fwd_7.fq.gz
[init_split_files:967] added file: /nfs/nas22/fs2202/biol_bc_jagannathan_comp_1/Sebastian/013.0_RNAseq_hsf4_14d29_0-6h25/90_scratch/tmp/sortmerna_61918473_9/readb/rev_7.fq.gz
[split:605] start splitting. Using number of splits equals number of processing threads: 8
[next:322] EOF FWD reached. Total reads: 51657803
[next:322] EOF REV reached. Total reads: 51657803
[split:717] Done splitting. Reads count: 103315606 Runtime sec: 3024.7

[init:135] Readfeed init done in sec [3199.06]
[store_to_db:292] Stored Reads statistics to DB:
     all_reads_count= 103315606 all_reads_len= 15497340900 min_read_len= 150 max_read_len= 150 total_aligned= 0 total_aligned_id= 0 total_aligned_cov= 0 total_aligned_id_cov= 0 total_denovo= 0 num_short= 0 reads_matched_per_db= TODO is_stats_calc= 0 is_total_reads_mapped_cov= 0

[align:143] ==== Starting alignment ====
[align:146] Number of cores: 192
[align:163] Using number of Processor threads: 8
[Refstats:60] Index Statistics calculation starts ... done in: 1.73669 sec
[align:185] Loading index: 0 part: 1/1 Memory KB: 329 ... 
[align:190] done in [0.847761] sec Memory KB: 329
[align:193] Loading references ...
[align:197] done in [0.00976213] sec. Memory KB: 329
[align2:70] Processor 0 thread 22691591362112 started
[align2:70] Processor 2 thread 22691595564608 started
[align2:70] Processor 4 thread 22691599767104 started
[align2:70] Processor 1 thread 22691593463360 started
[align2:70] Processor 7 thread 22691606070848 started
[align2:70] Processor 5 thread 22691601868352 started
[align2:70] Processor 6 thread 22691603969600 started
[align2:70] Processor 3 thread 22691597665856 started
[next:455] EOF FWD reached. Total reads: 6457226
[next:455] EOF REV reached. Total reads: 6457226
[align2:133] Processor 0 thread 22691591362112 done. Processed 12914452 reads. Skipped already processed: 0 reads Aligned reads (passing E-value): 10562 Runtime sec: 403.026
[next:455] EOF FWD reached. Total reads: 6457225
[next:455] EOF REV reached. Total reads: 6457225
[align2:133] Processor 7 thread 22691606070848 done. Processed 12914450 reads. Skipped already processed: 0 reads Aligned reads (passing E-value): 10562 Runtime sec: 403.804
[next:455] EOF FWD reached. Total reads: 6457225
[next:455] EOF REV reached. Total reads: 6457225
[align2:133] Processor 4 thread 22691599767104 done. Processed 12914450 reads. Skipped already processed: 0 reads Aligned reads (passing E-value): 10389 Runtime sec: 404.566
[next:455] EOF FWD reached. Total reads: 6457225
[next:455] EOF REV reached. Total reads: 6457225
[align2:133] Processor 3 thread 22691597665856 done. Processed 12914450 reads. Skipped already processed: 0 reads Aligned reads (passing E-value): 10354 Runtime sec: 404.615
[next:455] EOF FWD reached. Total reads: 6457226
[next:455] EOF REV reached. Total reads: 6457226
[align2:133] Processor 1 thread 22691593463360 done. Processed 12914452 reads. Skipped already processed: 0 reads Aligned reads (passing E-value): 10434 Runtime sec: 404.651
[next:455] EOF FWD reached. Total reads: 6457226
[next:455] EOF REV reached. Total reads: 6457226
[align2:133] Processor 2 thread 22691595564608 done. Processed 12914452 reads. Skipped already processed: 0 reads Aligned reads (passing E-value): 10381 Runtime sec: 404.944
[next:455] EOF FWD reached. Total reads: 6457225
[next:455] EOF REV reached. Total reads: 6457225
[align2:133] Processor 5 thread 22691601868352 done. Processed 12914450 reads. Skipped already processed: 0 reads Aligned reads (passing E-value): 10493 Runtime sec: 405.836
[next:455] EOF FWD reached. Total reads: 6457225
[next:455] EOF REV reached. Total reads: 6457225
[align2:133] Processor 6 thread 22691603969600 done. Processed 12914450 reads. Skipped already processed: 0 reads Aligned reads (passing E-value): 10602 Runtime sec: 407.048
[align:220] done index: 0 part: 1 in 407.049 sec Memory KB: 387
[align:227] Index and References unloaded in 0.0332318 sec. Memory KB: 387
[align:185] Loading index: 1 part: 1/1 Memory KB: 387 ... 
[align:190] done in [0.444256] sec Memory KB: 387
[align:193] Loading references ...
[align:197] done in [0.00321572] sec. Memory KB: 387
[align2:70] Processor 0 thread 22691606070848 started
[align2:70] Processor 1 thread 22691603969600 started
[align2:70] Processor 2 thread 22691601868352 started
[align2:70] Processor 3 thread 22691599767104 started
[align2:70] Processor 4 thread 22691597665856 started
[align2:70] Processor 7 thread 22691591362112 started
[align2:70] Processor 5 thread 22691595564608 started
[align2:70] Processor 6 thread 22691593463360 started
[next:455] EOF FWD reached. Total reads: 6457225
[next:455] EOF REV reached. Total reads: 6457225
[align2:133] Processor 7 thread 22691591362112 done. Processed 12914450 reads. Skipped already processed: 0 reads Aligned reads (passing E-value): 21478 Runtime sec: 260.997
[next:455] EOF FWD reached. Total reads: 6457225
[next:455] EOF REV reached. Total reads: 6457225
[align2:133] Processor 3 thread 22691599767104 done. Processed 12914450 reads. Skipped already processed: 0 reads Aligned reads (passing E-value): 21315 Runtime sec: 261.306
[next:455] EOF FWD reached. Total reads: 6457225
[next:455] EOF REV reached. Total reads: 6457225
[align2:133] Processor 5 thread 22691595564608 done. Processed 12914450 reads. Skipped already processed: 0 reads Aligned reads (passing E-value): 21350 Runtime sec: 261.377
[next:455] EOF FWD reached. Total reads: 6457225
[next:455] EOF REV reached. Total reads: 6457225
[align2:133] Processor 6 thread 22691593463360 done. Processed 12914450 reads. Skipped already processed: 0 reads Aligned reads (passing E-value): 21803 Runtime sec: 261.588
[next:455] EOF FWD reached. Total reads: 6457226
[next:455] EOF REV reached. Total reads: 6457226
[align2:133] Processor 2 thread 22691601868352 done. Processed 12914452 reads. Skipped already processed: 0 reads Aligned reads (passing E-value): 21401 Runtime sec: 261.712
[next:455] EOF FWD reached. Total reads: 6457226
[next:455] EOF REV reached. Total reads: 6457226
[align2:133] Processor 0 thread 22691606070848 done. Processed 12914452 reads. Skipped already processed: 0 reads Aligned reads (passing E-value): 21542 Runtime sec: 261.743
[next:455] EOF FWD reached. Total reads: 6457225
[next:455] EOF REV reached. Total reads: 6457225
[align2:133] Processor 4 thread 22691597665856 done. Processed 12914450 reads. Skipped already processed: 0 reads Aligned reads (passing E-value): 21180 Runtime sec: 261.815
[next:455] EOF FWD reached. Total reads: 6457226
[next:455] EOF REV reached. Total reads: 6457226
[align2:133] Processor 1 thread 22691603969600 done. Processed 12914452 reads. Skipped already processed: 0 reads Aligned reads (passing E-value): 21211 Runtime sec: 264.729
[align:220] done index: 1 part: 1 in 264.729 sec Memory KB: 429
[align:227] Index and References unloaded in 0.0165746 sec. Memory KB: 429
[align:185] Loading index: 2 part: 1/1 Memory KB: 429 ... 
[align:190] done in [3.57769] sec Memory KB: 604
[align:193] Loading references ...
[align:197] done in [0.0314024] sec. Memory KB: 624
[align2:70] Processor 0 thread 22691591362112 started
[align2:70] Processor 1 thread 22691593463360 started
[align2:70] Processor 2 thread 22691595564608 started
[align2:70] Processor 3 thread 22691597665856 started
[align2:70] Processor 4 thread 22691599767104 started
[align2:70] Processor 5 thread 22691601868352 started
[align2:70] Processor 6 thread 22691603969600 started
[align2:70] Processor 7 thread 22691606070848 started
[next:455] EOF FWD reached. Total reads: 6457225
[next:455] EOF REV reached. Total reads: 6457225
[align2:133] Processor 7 thread 22691606070848 done. Processed 12914450 reads. Skipped already processed: 0 reads Aligned reads (passing E-value): 31543 Runtime sec: 893.673
[next:455] EOF FWD reached. Total reads: 6457225
[next:455] EOF REV reached. Total reads: 6457225
[align2:133] Processor 3 thread 22691597665856 done. Processed 12914450 reads. Skipped already processed: 0 reads Aligned reads (passing E-value): 30921 Runtime sec: 893.715
[next:455] EOF FWD reached. Total reads: 6457226
[next:455] EOF REV reached. Total reads: 6457226
[align2:133] Processor 0 thread 22691591362112 done. Processed 12914452 reads. Skipped already processed: 0 reads Aligned reads (passing E-value): 31308 Runtime sec: 896.033
[next:455] EOF FWD reached. Total reads: 6457226
[next:455] EOF REV reached. Total reads: 6457226
[align2:133] Processor 1 thread 22691593463360 done. Processed 12914452 reads. Skipped already processed: 0 reads Aligned reads (passing E-value): 30634 Runtime sec: 896.892
[next:455] EOF FWD reached. Total reads: 6457225
[next:455] EOF REV reached. Total reads: 6457225
[align2:133] Processor 4 thread 22691599767104 done. Processed 12914450 reads. Skipped already processed: 0 reads Aligned reads (passing E-value): 31262 Runtime sec: 897.089
[next:455] EOF FWD reached. Total reads: 6457226
[next:455] EOF REV reached. Total reads: 6457226
[align2:133] Processor 2 thread 22691595564608 done. Processed 12914452 reads. Skipped already processed: 0 reads Aligned reads (passing E-value): 30886 Runtime sec: 898.578
[next:455] EOF FWD reached. Total reads: 6457225
[next:455] EOF REV reached. Total reads: 6457225
[align2:133] Processor 5 thread 22691601868352 done. Processed 12914450 reads. Skipped already processed: 0 reads Aligned reads (passing E-value): 31169 Runtime sec: 899.316
[next:455] EOF FWD reached. Total reads: 6457225
[next:455] EOF REV reached. Total reads: 6457225
[align2:133] Processor 6 thread 22691603969600 done. Processed 12914450 reads. Skipped already processed: 0 reads Aligned reads (passing E-value): 31729 Runtime sec: 902.642
[align:220] done index: 2 part: 1 in 902.643 sec Memory KB: 678
[align:227] Index and References unloaded in 0.142865 sec. Memory KB: 678
[align:185] Loading index: 3 part: 1/1 Memory KB: 678 ... 
[align:190] done in [2.41454] sec Memory KB: 678
[align:193] Loading references ...
[align:197] done in [0.016167] sec. Memory KB: 678
[align2:70] Processor 0 thread 22691606070848 started
[align2:70] Processor 1 thread 22691603969600 started
[align2:70] Processor 2 thread 22691601868352 started
[align2:70] Processor 3 thread 22691599767104 started
[align2:70] Processor 4 thread 22691597665856 started
[align2:70] Processor 5 thread 22691595564608 started
[align2:70] Processor 7 thread 22691591362112 started
[align2:70] Processor 6 thread 22691593463360 started
[next:455] EOF FWD reached. Total reads: 6457225
[align2:133] Processor 7 thread 22691591362112 done. Processed 12914108 reads. Skipped already processed: 318 reads Aligned reads (passing E-value): 93990 Runtime sec: 822.101
[next:455] EOF FWD reached. Total reads: 6457225
[align2:133] Processor 5 thread 22691595564608 done. Processed 12914160 reads. Skipped already processed: 288 reads Aligned reads (passing E-value): 95082 Runtime sec: 824.481
[next:455] EOF REV reached. Total reads: 6457225
[align2:133] Processor 3 thread 22691599767104 done. Processed 12914175 reads. Skipped already processed: 272 reads Aligned reads (passing E-value): 93402 Runtime sec: 824.673
[next:455] EOF REV reached. Total reads: 6457226
[align2:133] Processor 0 thread 22691606070848 done. Processed 12914139 reads. Skipped already processed: 302 reads Aligned reads (passing E-value): 93195 Runtime sec: 825.463
[next:455] EOF FWD reached. Total reads: 6457226
[next:455] EOF REV reached. Total reads: 6457226
[align2:133] Processor 2 thread 22691601868352 done. Processed 12914172 reads. Skipped already processed: 280 reads Aligned reads (passing E-value): 94392 Runtime sec: 825.552
[next:455] EOF REV reached. Total reads: 6457225
[next:455] EOF FWD reached. Total reads: 6457225
[align2:133] Processor 6 thread 22691593463360 done. Processed 12914121 reads. Skipped already processed: 329 reads Aligned reads (passing E-value): 95099 Runtime sec: 825.632
[next:455] EOF FWD reached. Total reads: 6457225
[align2:133] Processor 4 thread 22691597665856 done. Processed 12914166 reads. Skipped already processed: 273 reads Aligned reads (passing E-value): 93274 Runtime sec: 827.211
[next:455] EOF REV reached. Total reads: 6457226
[align2:133] Processor 1 thread 22691603969600 done. Processed 12914105 reads. Skipped already processed: 326 reads Aligned reads (passing E-value): 94483 Runtime sec: 831.924
[align:220] done index: 3 part: 1 in 831.924 sec Memory KB: 788
[align:227] Index and References unloaded in 0.102275 sec. Memory KB: 788
[align:185] Loading index: 4 part: 1/1 Memory KB: 788 ... 
[align:190] done in [2.65666] sec Memory KB: 788
[align:193] Loading references ...
[align:197] done in [0.0214941] sec. Memory KB: 788
[align2:70] Processor 0 thread 22691591362112 started
[align2:70] Processor 1 thread 22691593463360 started
[align2:70] Processor 2 thread 22691595564608 started
[align2:70] Processor 3 thread 22691597665856 started
[align2:70] Processor 4 thread 22691599767104 started
[align2:70] Processor 5 thread 22691601868352 started
[align2:70] Processor 6 thread 22691603969600 started
[align2:70] Processor 7 thread 22691606070848 started
[next:455] EOF FWD reached. Total reads: 6457225
[align2:133] Processor 7 thread 22691606070848 done. Processed 12913158 reads. Skipped already processed: 1283 reads Aligned reads (passing E-value): 134245 Runtime sec: 929.682
[next:455] EOF FWD reached. Total reads: 6457226
[align2:133] Processor 0 thread 22691591362112 done. Processed 12913120 reads. Skipped already processed: 1307 reads Aligned reads (passing E-value): 133477 Runtime sec: 938.96
[next:455] EOF FWD reached. Total reads: 6457226
[align2:133] Processor 2 thread 22691595564608 done. Processed 12913100 reads. Skipped already processed: 1340 reads Aligned reads (passing E-value): 135115 Runtime sec: 942.766
[next:455] EOF FWD reached. Total reads: 6457225
[align2:133] Processor 3 thread 22691597665856 done. Processed 12913110 reads. Skipped already processed: 1324 reads Aligned reads (passing E-value): 134086 Runtime sec: 944.143
[next:455] EOF FWD reached. Total reads: 6457225
[align2:133] Processor 4 thread 22691599767104 done. Processed 12913156 reads. Skipped already processed: 1266 reads Aligned reads (passing E-value): 133299 Runtime sec: 945.166
[next:455] EOF REV reached. Total reads: 6457226
[align2:133] Processor 1 thread 22691593463360 done. Processed 12913151 reads. Skipped already processed: 1258 reads Aligned reads (passing E-value): 135096 Runtime sec: 945.253
[next:455] EOF FWD reached. Total reads: 6457225
[align2:133] Processor 6 thread 22691603969600 done. Processed 12913088 reads. Skipped already processed: 1357 reads Aligned reads (passing E-value): 135814 Runtime sec: 947.507
[next:455] EOF REV reached. Total reads: 6457225
[align2:133] Processor 5 thread 22691601868352 done. Processed 12913153 reads. Skipped already processed: 1252 reads Aligned reads (passing E-value): 135959 Runtime sec: 947.897
[align:220] done index: 4 part: 1 in 947.898 sec Memory KB: 845
[align:227] Index and References unloaded in 0.109531 sec. Memory KB: 845
[align:185] Loading index: 5 part: 1/1 Memory KB: 845 ... 
[align:190] done in [2.7784] sec Memory KB: 845
[align:193] Loading references ...
[align:197] done in [0.0186505] sec. Memory KB: 845
[align2:70] Processor 0 thread 22691606070848 started
[align2:70] Processor 1 thread 22691603969600 started
[align2:70] Processor 2 thread 22691601868352 started
[align2:70] Processor 3 thread 22691599767104 started
[align2:70] Processor 5 thread 22691595564608 started
[align2:70] Processor 6 thread 22691593463360 started
[align2:70] Processor 7 thread 22691591362112 started
[align2:70] Processor 4 thread 22691597665856 started
[next:455] EOF FWD reached. Total reads: 6457225
[align2:133] Processor 7 thread 22691591362112 done. Processed 12886316 reads. Skipped already processed: 27962 reads Aligned reads (passing E-value): 140562 Runtime sec: 1042.16
[next:455] EOF REV reached. Total reads: 6457226
[align2:133] Processor 0 thread 22691606070848 done. Processed 12886089 reads. Skipped already processed: 28324 reads Aligned reads (passing E-value): 139407 Runtime sec: 1042.2
[next:455] EOF FWD reached. Total reads: 6457225
[align2:133] Processor 3 thread 22691599767104 done. Processed 12886238 reads. Skipped already processed: 28207 reads Aligned reads (passing E-value): 140243 Runtime sec: 1042.7
[next:455] EOF FWD reached. Total reads: 6457226
[align2:133] Processor 2 thread 22691601868352 done. Processed 12886270 reads. Skipped already processed: 28151 reads Aligned reads (passing E-value): 141503 Runtime sec: 1043.12
[next:455] EOF REV reached. Total reads: 6457226
[align2:133] Processor 1 thread 22691603969600 done. Processed 12886267 reads. Skipped already processed: 28107 reads Aligned reads (passing E-value): 141607 Runtime sec: 1049.65
[next:455] EOF REV reached. Total reads: 6457225
[align2:133] Processor 4 thread 22691597665856 done. Processed 12886503 reads. Skipped already processed: 27912 reads Aligned reads (passing E-value): 139308 Runtime sec: 1049.7
[next:455] EOF REV reached. Total reads: 6457225
[align2:133] Processor 5 thread 22691595564608 done. Processed 12886249 reads. Skipped already processed: 28029 reads Aligned reads (passing E-value): 142414 Runtime sec: 1050.64
[next:455] EOF REV reached. Total reads: 6457225
[align2:133] Processor 6 thread 22691593463360 done. Processed 12886691 reads. Skipped already processed: 27703 reads Aligned reads (passing E-value): 143401 Runtime sec: 1052.66
[align:220] done index: 5 part: 1 in 1052.66 sec Memory KB: 934
[align:227] Index and References unloaded in 0.116699 sec. Memory KB: 934
[align:185] Loading index: 6 part: 1/1 Memory KB: 934 ... 
[align:190] done in [1.22666] sec Memory KB: 934
[align:193] Loading references ...
[align:197] done in [0.0349089] sec. Memory KB: 769
[align2:70] Processor 0 thread 22691591362112 started
[align2:70] Processor 1 thread 22691593463360 started
[align2:70] Processor 2 thread 22691595564608 started
[align2:70] Processor 3 thread 22691597665856 started
[align2:70] Processor 4 thread 22691599767104 started
[align2:70] Processor 6 thread 22691603969600 started
[align2:70] Processor 7 thread 22691606070848 started
[align2:70] Processor 5 thread 22691601868352 started
[next:455] EOF FWD reached. Total reads: 6457225
[align2:133] Processor 7 thread 22691606070848 done. Processed 12859790 reads. Skipped already processed: 53960 reads Aligned reads (passing E-value): 114561 Runtime sec: 492.468
[next:455] EOF FWD reached. Total reads: 6457225
[align2:133] Processor 4 thread 22691599767104 done. Processed 12860838 reads. Skipped already processed: 53348 reads Aligned reads (passing E-value): 113869 Runtime sec: 492.61
[next:455] EOF FWD reached. Total reads: 6457226
[align2:133] Processor 0 thread 22691591362112 done. Processed 12859518 reads. Skipped already processed: 54490 reads Aligned reads (passing E-value): 113246 Runtime sec: 492.697
[next:455] EOF FWD reached. Total reads: 6457225
[align2:133] Processor 3 thread 22691597665856 done. Processed 12859998 reads. Skipped already processed: 54109 reads Aligned reads (passing E-value): 114348 Runtime sec: 492.937
[next:455] EOF FWD reached. Total reads: 6457225
[align2:133] Processor 6 thread 22691603969600 done. Processed 12860516 reads. Skipped already processed: 53811 reads Aligned reads (passing E-value): 117297 Runtime sec: 495.414
[next:455] EOF FWD reached. Total reads: 6457226
[align2:133] Processor 1 thread 22691593463360 done. Processed 12860070 reads. Skipped already processed: 54207 reads Aligned reads (passing E-value): 115513 Runtime sec: 495.422
[next:455] EOF FWD reached. Total reads: 6457226
[align2:133] Processor 2 thread 22691595564608 done. Processed 12859914 reads. Skipped already processed: 54225 reads Aligned reads (passing E-value): 115431 Runtime sec: 496.641
[next:455] EOF FWD reached. Total reads: 6457225
[align2:133] Processor 5 thread 22691601868352 done. Processed 12859884 reads. Skipped already processed: 54238 reads Aligned reads (passing E-value): 116206 Runtime sec: 496.646
[align:220] done index: 6 part: 1 in 496.647 sec Memory KB: 770
[align:227] Index and References unloaded in 0.0330329 sec. Memory KB: 770
[align:185] Loading index: 7 part: 1/1 Memory KB: 770 ... 
[align:190] done in [0.551707] sec Memory KB: 770
[align:193] Loading references ...
[align:197] done in [0.07993] sec. Memory KB: 770
[align2:70] Processor 0 thread 22691606070848 started
[align2:70] Processor 1 thread 22691603969600 started
[align2:70] Processor 2 thread 22691601868352 started
[align2:70] Processor 3 thread 22691599767104 started
[align2:70] Processor 4 thread 22691597665856 started
[align2:70] Processor 5 thread 22691595564608 started
[align2:70] Processor 6 thread 22691593463360 started
[align2:70] Processor 7 thread 22691591362112 started
[next:455] EOF FWD reached. Total reads: 6457225
[align2:133] Processor 4 thread 22691597665856 done. Processed 12860838 reads. Skipped already processed: 53348 reads Aligned reads (passing E-value): 113915 Runtime sec: 314.413
[next:455] EOF FWD reached. Total reads: 6457226
[align2:133] Processor 0 thread 22691606070848 done. Processed 12859518 reads. Skipped already processed: 54490 reads Aligned reads (passing E-value): 113311 Runtime sec: 314.718
[next:455] EOF FWD reached. Total reads: 6457225
[align2:133] Processor 3 thread 22691599767104 done. Processed 12859998 reads. Skipped already processed: 54109 reads Aligned reads (passing E-value): 114414 Runtime sec: 315.01
[next:455] EOF FWD reached. Total reads: 6457225
[align2:133] Processor 7 thread 22691591362112 done. Processed 12859790 reads. Skipped already processed: 53960 reads Aligned reads (passing E-value): 114630 Runtime sec: 316.104
[next:455] EOF FWD reached. Total reads: 6457226
[align2:133] Processor 2 thread 22691601868352 done. Processed 12859914 reads. Skipped already processed: 54225 reads Aligned reads (passing E-value): 115493 Runtime sec: 316.279
[next:455] EOF FWD reached. Total reads: 6457226
[align2:133] Processor 1 thread 22691603969600 done. Processed 12860070 reads. Skipped already processed: 54207 reads Aligned reads (passing E-value): 115567 Runtime sec: 316.425
[next:455] EOF FWD reached. Total reads: 6457225
[align2:133] Processor 6 thread 22691593463360 done. Processed 12860516 reads. Skipped already processed: 53811 reads Aligned reads (passing E-value): 117350 Runtime sec: 316.653
[next:455] EOF FWD reached. Total reads: 6457225
[align2:133] Processor 5 thread 22691595564608 done. Processed 12859884 reads. Skipped already processed: 54238 reads Aligned reads (passing E-value): 116274 Runtime sec: 317.93
[align:220] done index: 7 part: 1 in 317.931 sec Memory KB: 772
[align:227] Index and References unloaded in 0.0139455 sec. Memory KB: 772
[align:237] ==== Done alignment in 5236.79 sec ====

[store_to_db:292] Stored Reads statistics to DB:
     all_reads_count= 103315606 all_reads_len= 15497340900 min_read_len= 150 max_read_len= 150 total_aligned= 1353363 total_aligned_id= 0 total_aligned_cov= 0 total_aligned_id_cov= 0 total_denovo= 0 num_short= 0 reads_matched_per_db= TODO is_stats_calc= 0 is_total_reads_mapped_cov= 0

[writeSummary:179] ==== Starting summary of alignment statistics ====
[Refstats:60] Index Statistics calculation starts ... done in: 1.63213 sec
[write:62] Using summary file: /nfs/nas22/fs2202/biol_bc_jagannathan_comp_1/Sebastian/013.0_RNAseq_hsf4_14d29_0-6h25/90_scratch/tmp/sortmerna_61918473_9/HSF4_4H_3.rRNA.log
[writeSummary:185] ==== Done summary in sec [1.64444] ====

[writeReports:169] === Report generation starts ===
[writeReports:184] Restored Readstats from DB: 1
[Refstats:60] Index Statistics calculation starts ... done in: 1.60475 sec
[validate_out_type:140] Output type: 
1-file  2-files  paired  paired_in  paired_out  out2  sout  other  otype
           +        +                  +           +           +     36
[set_num_out:163] num_out: 2
[init:60] num_out: 2
[validate_out_type:140] Output type: 
1-file  2-files  paired  paired_in  paired_out  out2  sout  other  otype
           +        +                  +           +           +     36
[set_num_out:163] num_out: 2
[init:60] num_out: 2
[writeReports:199] loading reference 0 part 1/1 ... done in 0.0205602 sec
[report:93] Report Processor: 1 thread: 22691593463360 started. Memory KB: 772
[report:93] Report Processor: 0 thread: 22691591362112 started. Memory KB: 772
[report:93] Report Processor: 2 thread: 22691595564608 started. Memory KB: 772
[report:93] Report Processor: 3 thread: 22691597665856 started. Memory KB: 772
[report:93] Report Processor: 7 thread: 22691606070848 started. Memory KB: 772
[report:93] Report Processor: 4 thread: 22691599767104 started. Memory KB: 772
[report:93] Report Processor: 5 thread: 22691601868352 started. Memory KB: 772
[report:93] Report Processor: 6 thread: 22691603969600 started. Memory KB: 772
[next:455] EOF FWD reached. Total reads: 6457225
[next:455] EOF REV reached. Total reads: 6457225
[report:152] Report processor: 3 thread: 22691597665856 done. Processed reads: 12914450 Invalid reads: 0 Memory KB: 772
[next:455] EOF FWD reached. Total reads: 6457226
[next:455] EOF REV reached. Total reads: 6457226
[report:152] Report processor: 0 thread: 22691591362112 done. Processed reads: 12914452 Invalid reads: 0 Memory KB: 772
[next:455] EOF FWD reached. Total reads: 6457225
[next:455] EOF REV reached. Total reads: 6457225
[report:152] Report processor: 7 thread: 22691606070848 done. Processed reads: 12914450 Invalid reads: 0 Memory KB: 772
[next:455] EOF FWD reached. Total reads: 6457226
[next:455] EOF REV reached. Total reads: 6457226
[report:152] Report processor: 2 thread: 22691595564608 done. Processed reads: 12914452 Invalid reads: 0 Memory KB: 772
[next:455] EOF FWD reached. Total reads: 6457225
[next:455] EOF REV reached. Total reads: 6457225
[report:152] Report processor: 4 thread: 22691599767104 done. Processed reads: 12914450 Invalid reads: 0 Memory KB: 772
[next:455] EOF FWD reached. Total reads: 6457226
[next:455] EOF REV reached. Total reads: 6457226
[report:152] Report processor: 1 thread: 22691593463360 done. Processed reads: 12914452 Invalid reads: 0 Memory KB: 772
[next:455] EOF FWD reached. Total reads: 6457225
[next:455] EOF REV reached. Total reads: 6457225
[report:152] Report processor: 6 thread: 22691603969600 done. Processed reads: 12914450 Invalid reads: 0 Memory KB: 772
[next:455] EOF FWD reached. Total reads: 6457225
[next:455] EOF REV reached. Total reads: 6457225
[report:152] Report processor: 5 thread: 22691601868352 done. Processed reads: 12914450 Invalid reads: 0 Memory KB: 772
[writeReports:220] done reference 0 part: 1 in 421.786 sec
[writeReports:226] references unloaded in 0.000451437 sec Memory KB: 772
[openfr:129] Opened output file /nfs/nas22/fs2202/biol_bc_jagannathan_comp_1/Sebastian/013.0_RNAseq_hsf4_14d29_0-6h25/90_scratch/tmp/sortmerna_61918473_9/HSF4_4H_3.rRNA_fwd_1.fq.gz for reading.
[merge:83] merged /nfs/nas22/fs2202/biol_bc_jagannathan_comp_1/Sebastian/013.0_RNAseq_hsf4_14d29_0-6h25/90_scratch/tmp/sortmerna_61918473_9/HSF4_4H_3.rRNA_fwd_1.fq.gz -> /nfs/nas22/fs2202/biol_bc_jagannathan_comp_1/Sebastian/013.0_RNAseq_hsf4_14d29_0-6h25/90_scratch/tmp/sortmerna_61918473_9/HSF4_4H_3.rRNA_fwd_0.fq.gz
[merge:90] deleted /nfs/nas22/fs2202/biol_bc_jagannathan_comp_1/Sebastian/013.0_RNAseq_hsf4_14d29_0-6h25/90_scratch/tmp/sortmerna_61918473_9/HSF4_4H_3.rRNA_fwd_1.fq.gz
[openfr:129] Opened output file /nfs/nas22/fs2202/biol_bc_jagannathan_comp_1/Sebastian/013.0_RNAseq_hsf4_14d29_0-6h25/90_scratch/tmp/sortmerna_61918473_9/HSF4_4H_3.rRNA_fwd_2.fq.gz for reading.
[merge:83] merged /nfs/nas22/fs2202/biol_bc_jagannathan_comp_1/Sebastian/013.0_RNAseq_hsf4_14d29_0-6h25/90_scratch/tmp/sortmerna_61918473_9/HSF4_4H_3.rRNA_fwd_2.fq.gz -> /nfs/nas22/fs2202/biol_bc_jagannathan_comp_1/Sebastian/013.0_RNAseq_hsf4_14d29_0-6h25/90_scratch/tmp/sortmerna_61918473_9/HSF4_4H_3.rRNA_fwd_0.fq.gz
[merge:90] deleted /nfs/nas22/fs2202/biol_bc_jagannathan_comp_1/Sebastian/013.0_RNAseq_hsf4_14d29_0-6h25/90_scratch/tmp/sortmerna_61918473_9/HSF4_4H_3.rRNA_fwd_2.fq.gz
[openfr:129] Opened output file /nfs/nas22/fs2202/biol_bc_jagannathan_comp_1/Sebastian/013.0_RNAseq_hsf4_14d29_0-6h25/90_scratch/tmp/sortmerna_61918473_9/HSF4_4H_3.rRNA_fwd_3.fq.gz for reading.
[merge:83] merged /nfs/nas22/fs2202/biol_bc_jagannathan_comp_1/Sebastian/013.0_RNAseq_hsf4_14d29_0-6h25/90_scratch/tmp/sortmerna_61918473_9/HSF4_4H_3.rRNA_fwd_3.fq.gz -> /nfs/nas22/fs2202/biol_bc_jagannathan_comp_1/Sebastian/013.0_RNAseq_hsf4_14d29_0-6h25/90_scratch/tmp/sortmerna_61918473_9/HSF4_4H_3.rRNA_fwd_0.fq.gz
[merge:90] deleted /nfs/nas22/fs2202/biol_bc_jagannathan_comp_1/Sebastian/013.0_RNAseq_hsf4_14d29_0-6h25/90_scratch/tmp/sortmerna_61918473_9/HSF4_4H_3.rRNA_fwd_3.fq.gz
[openfr:129] Opened output file /nfs/nas22/fs2202/biol_bc_jagannathan_comp_1/Sebastian/013.0_RNAseq_hsf4_14d29_0-6h25/90_scratch/tmp/sortmerna_61918473_9/HSF4_4H_3.rRNA_fwd_4.fq.gz for reading.
[merge:83] merged /nfs/nas22/fs2202/biol_bc_jagannathan_comp_1/Sebastian/013.0_RNAseq_hsf4_14d29_0-6h25/90_scratch/tmp/sortmerna_61918473_9/HSF4_4H_3.rRNA_fwd_4.fq.gz -> /nfs/nas22/fs2202/biol_bc_jagannathan_comp_1/Sebastian/013.0_RNAseq_hsf4_14d29_0-6h25/90_scratch/tmp/sortmerna_61918473_9/HSF4_4H_3.rRNA_fwd_0.fq.gz
[merge:90] deleted /nfs/nas22/fs2202/biol_bc_jagannathan_comp_1/Sebastian/013.0_RNAseq_hsf4_14d29_0-6h25/90_scratch/tmp/sortmerna_61918473_9/HSF4_4H_3.rRNA_fwd_4.fq.gz
[openfr:129] Opened output file /nfs/nas22/fs2202/biol_bc_jagannathan_comp_1/Sebastian/013.0_RNAseq_hsf4_14d29_0-6h25/90_scratch/tmp/sortmerna_61918473_9/HSF4_4H_3.rRNA_fwd_5.fq.gz for reading.
[merge:83] merged /nfs/nas22/fs2202/biol_bc_jagannathan_comp_1/Sebastian/013.0_RNAseq_hsf4_14d29_0-6h25/90_scratch/tmp/sortmerna_61918473_9/HSF4_4H_3.rRNA_fwd_5.fq.gz -> /nfs/nas22/fs2202/biol_bc_jagannathan_comp_1/Sebastian/013.0_RNAseq_hsf4_14d29_0-6h25/90_scratch/tmp/sortmerna_61918473_9/HSF4_4H_3.rRNA_fwd_0.fq.gz
[merge:90] deleted /nfs/nas22/fs2202/biol_bc_jagannathan_comp_1/Sebastian/013.0_RNAseq_hsf4_14d29_0-6h25/90_scratch/tmp/sortmerna_61918473_9/HSF4_4H_3.rRNA_fwd_5.fq.gz
[openfr:129] Opened output file /nfs/nas22/fs2202/biol_bc_jagannathan_comp_1/Sebastian/013.0_RNAseq_hsf4_14d29_0-6h25/90_scratch/tmp/sortmerna_61918473_9/HSF4_4H_3.rRNA_fwd_6.fq.gz for reading.
[merge:83] merged /nfs/nas22/fs2202/biol_bc_jagannathan_comp_1/Sebastian/013.0_RNAseq_hsf4_14d29_0-6h25/90_scratch/tmp/sortmerna_61918473_9/HSF4_4H_3.rRNA_fwd_6.fq.gz -> /nfs/nas22/fs2202/biol_bc_jagannathan_comp_1/Sebastian/013.0_RNAseq_hsf4_14d29_0-6h25/90_scratch/tmp/sortmerna_61918473_9/HSF4_4H_3.rRNA_fwd_0.fq.gz
[merge:90] deleted /nfs/nas22/fs2202/biol_bc_jagannathan_comp_1/Sebastian/013.0_RNAseq_hsf4_14d29_0-6h25/90_scratch/tmp/sortmerna_61918473_9/HSF4_4H_3.rRNA_fwd_6.fq.gz
[openfr:129] Opened output file /nfs/nas22/fs2202/biol_bc_jagannathan_comp_1/Sebastian/013.0_RNAseq_hsf4_14d29_0-6h25/90_scratch/tmp/sortmerna_61918473_9/HSF4_4H_3.rRNA_fwd_7.fq.gz for reading.
[merge:83] merged /nfs/nas22/fs2202/biol_bc_jagannathan_comp_1/Sebastian/013.0_RNAseq_hsf4_14d29_0-6h25/90_scratch/tmp/sortmerna_61918473_9/HSF4_4H_3.rRNA_fwd_7.fq.gz -> /nfs/nas22/fs2202/biol_bc_jagannathan_comp_1/Sebastian/013.0_RNAseq_hsf4_14d29_0-6h25/90_scratch/tmp/sortmerna_61918473_9/HSF4_4H_3.rRNA_fwd_0.fq.gz
[merge:90] deleted /nfs/nas22/fs2202/biol_bc_jagannathan_comp_1/Sebastian/013.0_RNAseq_hsf4_14d29_0-6h25/90_scratch/tmp/sortmerna_61918473_9/HSF4_4H_3.rRNA_fwd_7.fq.gz
[strip_path_sfx:169] moving /nfs/nas22/fs2202/biol_bc_jagannathan_comp_1/Sebastian/013.0_RNAseq_hsf4_14d29_0-6h25/90_scratch/tmp/sortmerna_61918473_9/HSF4_4H_3.rRNA_fwd_0.fq.gz -> "/nfs/nas22/fs2202/biol_bc_jagannathan_comp_1/Sebastian/013.0_RNAseq_hsf4_14d29_0-6h25/90_scratch/tmp/sortmerna_61918473_9/HSF4_4H_3.rRNA_fwd.fq.gz"
[openfr:129] Opened output file /nfs/nas22/fs2202/biol_bc_jagannathan_comp_1/Sebastian/013.0_RNAseq_hsf4_14d29_0-6h25/90_scratch/tmp/sortmerna_61918473_9/HSF4_4H_3.rRNA_rev_1.fq.gz for reading.
[merge:83] merged /nfs/nas22/fs2202/biol_bc_jagannathan_comp_1/Sebastian/013.0_RNAseq_hsf4_14d29_0-6h25/90_scratch/tmp/sortmerna_61918473_9/HSF4_4H_3.rRNA_rev_1.fq.gz -> /nfs/nas22/fs2202/biol_bc_jagannathan_comp_1/Sebastian/013.0_RNAseq_hsf4_14d29_0-6h25/90_scratch/tmp/sortmerna_61918473_9/HSF4_4H_3.rRNA_rev_0.fq.gz
[merge:90] deleted /nfs/nas22/fs2202/biol_bc_jagannathan_comp_1/Sebastian/013.0_RNAseq_hsf4_14d29_0-6h25/90_scratch/tmp/sortmerna_61918473_9/HSF4_4H_3.rRNA_rev_1.fq.gz
[openfr:129] Opened output file /nfs/nas22/fs2202/biol_bc_jagannathan_comp_1/Sebastian/013.0_RNAseq_hsf4_14d29_0-6h25/90_scratch/tmp/sortmerna_61918473_9/HSF4_4H_3.rRNA_rev_2.fq.gz for reading.
[merge:83] merged /nfs/nas22/fs2202/biol_bc_jagannathan_comp_1/Sebastian/013.0_RNAseq_hsf4_14d29_0-6h25/90_scratch/tmp/sortmerna_61918473_9/HSF4_4H_3.rRNA_rev_2.fq.gz -> /nfs/nas22/fs2202/biol_bc_jagannathan_comp_1/Sebastian/013.0_RNAseq_hsf4_14d29_0-6h25/90_scratch/tmp/sortmerna_61918473_9/HSF4_4H_3.rRNA_rev_0.fq.gz
[merge:90] deleted /nfs/nas22/fs2202/biol_bc_jagannathan_comp_1/Sebastian/013.0_RNAseq_hsf4_14d29_0-6h25/90_scratch/tmp/sortmerna_61918473_9/HSF4_4H_3.rRNA_rev_2.fq.gz
[openfr:129] Opened output file /nfs/nas22/fs2202/biol_bc_jagannathan_comp_1/Sebastian/013.0_RNAseq_hsf4_14d29_0-6h25/90_scratch/tmp/sortmerna_61918473_9/HSF4_4H_3.rRNA_rev_3.fq.gz for reading.
[merge:83] merged /nfs/nas22/fs2202/biol_bc_jagannathan_comp_1/Sebastian/013.0_RNAseq_hsf4_14d29_0-6h25/90_scratch/tmp/sortmerna_61918473_9/HSF4_4H_3.rRNA_rev_3.fq.gz -> /nfs/nas22/fs2202/biol_bc_jagannathan_comp_1/Sebastian/013.0_RNAseq_hsf4_14d29_0-6h25/90_scratch/tmp/sortmerna_61918473_9/HSF4_4H_3.rRNA_rev_0.fq.gz
[merge:90] deleted /nfs/nas22/fs2202/biol_bc_jagannathan_comp_1/Sebastian/013.0_RNAseq_hsf4_14d29_0-6h25/90_scratch/tmp/sortmerna_61918473_9/HSF4_4H_3.rRNA_rev_3.fq.gz
[openfr:129] Opened output file /nfs/nas22/fs2202/biol_bc_jagannathan_comp_1/Sebastian/013.0_RNAseq_hsf4_14d29_0-6h25/90_scratch/tmp/sortmerna_61918473_9/HSF4_4H_3.rRNA_rev_4.fq.gz for reading.
[merge:83] merged /nfs/nas22/fs2202/biol_bc_jagannathan_comp_1/Sebastian/013.0_RNAseq_hsf4_14d29_0-6h25/90_scratch/tmp/sortmerna_61918473_9/HSF4_4H_3.rRNA_rev_4.fq.gz -> /nfs/nas22/fs2202/biol_bc_jagannathan_comp_1/Sebastian/013.0_RNAseq_hsf4_14d29_0-6h25/90_scratch/tmp/sortmerna_61918473_9/HSF4_4H_3.rRNA_rev_0.fq.gz
[merge:90] deleted /nfs/nas22/fs2202/biol_bc_jagannathan_comp_1/Sebastian/013.0_RNAseq_hsf4_14d29_0-6h25/90_scratch/tmp/sortmerna_61918473_9/HSF4_4H_3.rRNA_rev_4.fq.gz
[openfr:129] Opened output file /nfs/nas22/fs2202/biol_bc_jagannathan_comp_1/Sebastian/013.0_RNAseq_hsf4_14d29_0-6h25/90_scratch/tmp/sortmerna_61918473_9/HSF4_4H_3.rRNA_rev_5.fq.gz for reading.
[merge:83] merged /nfs/nas22/fs2202/biol_bc_jagannathan_comp_1/Sebastian/013.0_RNAseq_hsf4_14d29_0-6h25/90_scratch/tmp/sortmerna_61918473_9/HSF4_4H_3.rRNA_rev_5.fq.gz -> /nfs/nas22/fs2202/biol_bc_jagannathan_comp_1/Sebastian/013.0_RNAseq_hsf4_14d29_0-6h25/90_scratch/tmp/sortmerna_61918473_9/HSF4_4H_3.rRNA_rev_0.fq.gz
[merge:90] deleted /nfs/nas22/fs2202/biol_bc_jagannathan_comp_1/Sebastian/013.0_RNAseq_hsf4_14d29_0-6h25/90_scratch/tmp/sortmerna_61918473_9/HSF4_4H_3.rRNA_rev_5.fq.gz
[openfr:129] Opened output file /nfs/nas22/fs2202/biol_bc_jagannathan_comp_1/Sebastian/013.0_RNAseq_hsf4_14d29_0-6h25/90_scratch/tmp/sortmerna_61918473_9/HSF4_4H_3.rRNA_rev_6.fq.gz for reading.
[merge:83] merged /nfs/nas22/fs2202/biol_bc_jagannathan_comp_1/Sebastian/013.0_RNAseq_hsf4_14d29_0-6h25/90_scratch/tmp/sortmerna_61918473_9/HSF4_4H_3.rRNA_rev_6.fq.gz -> /nfs/nas22/fs2202/biol_bc_jagannathan_comp_1/Sebastian/013.0_RNAseq_hsf4_14d29_0-6h25/90_scratch/tmp/sortmerna_61918473_9/HSF4_4H_3.rRNA_rev_0.fq.gz
[merge:90] deleted /nfs/nas22/fs2202/biol_bc_jagannathan_comp_1/Sebastian/013.0_RNAseq_hsf4_14d29_0-6h25/90_scratch/tmp/sortmerna_61918473_9/HSF4_4H_3.rRNA_rev_6.fq.gz
[openfr:129] Opened output file /nfs/nas22/fs2202/biol_bc_jagannathan_comp_1/Sebastian/013.0_RNAseq_hsf4_14d29_0-6h25/90_scratch/tmp/sortmerna_61918473_9/HSF4_4H_3.rRNA_rev_7.fq.gz for reading.
[merge:83] merged /nfs/nas22/fs2202/biol_bc_jagannathan_comp_1/Sebastian/013.0_RNAseq_hsf4_14d29_0-6h25/90_scratch/tmp/sortmerna_61918473_9/HSF4_4H_3.rRNA_rev_7.fq.gz -> /nfs/nas22/fs2202/biol_bc_jagannathan_comp_1/Sebastian/013.0_RNAseq_hsf4_14d29_0-6h25/90_scratch/tmp/sortmerna_61918473_9/HSF4_4H_3.rRNA_rev_0.fq.gz
[merge:90] deleted /nfs/nas22/fs2202/biol_bc_jagannathan_comp_1/Sebastian/013.0_RNAseq_hsf4_14d29_0-6h25/90_scratch/tmp/sortmerna_61918473_9/HSF4_4H_3.rRNA_rev_7.fq.gz
[strip_path_sfx:169] moving /nfs/nas22/fs2202/biol_bc_jagannathan_comp_1/Sebastian/013.0_RNAseq_hsf4_14d29_0-6h25/90_scratch/tmp/sortmerna_61918473_9/HSF4_4H_3.rRNA_rev_0.fq.gz -> "/nfs/nas22/fs2202/biol_bc_jagannathan_comp_1/Sebastian/013.0_RNAseq_hsf4_14d29_0-6h25/90_scratch/tmp/sortmerna_61918473_9/HSF4_4H_3.rRNA_rev.fq.gz"
[openfr:129] Opened output file /nfs/nas22/fs2202/biol_bc_jagannathan_comp_1/Sebastian/013.0_RNAseq_hsf4_14d29_0-6h25/02_work/12_sortmerna/HSF4_4H_3_fwd_1.fq.gz for reading.
[merge:83] merged /nfs/nas22/fs2202/biol_bc_jagannathan_comp_1/Sebastian/013.0_RNAseq_hsf4_14d29_0-6h25/02_work/12_sortmerna/HSF4_4H_3_fwd_1.fq.gz -> /nfs/nas22/fs2202/biol_bc_jagannathan_comp_1/Sebastian/013.0_RNAseq_hsf4_14d29_0-6h25/02_work/12_sortmerna/HSF4_4H_3_fwd_0.fq.gz
[merge:90] deleted /nfs/nas22/fs2202/biol_bc_jagannathan_comp_1/Sebastian/013.0_RNAseq_hsf4_14d29_0-6h25/02_work/12_sortmerna/HSF4_4H_3_fwd_1.fq.gz
[openfr:129] Opened output file /nfs/nas22/fs2202/biol_bc_jagannathan_comp_1/Sebastian/013.0_RNAseq_hsf4_14d29_0-6h25/02_work/12_sortmerna/HSF4_4H_3_fwd_2.fq.gz for reading.
[merge:83] merged /nfs/nas22/fs2202/biol_bc_jagannathan_comp_1/Sebastian/013.0_RNAseq_hsf4_14d29_0-6h25/02_work/12_sortmerna/HSF4_4H_3_fwd_2.fq.gz -> /nfs/nas22/fs2202/biol_bc_jagannathan_comp_1/Sebastian/013.0_RNAseq_hsf4_14d29_0-6h25/02_work/12_sortmerna/HSF4_4H_3_fwd_0.fq.gz
[merge:90] deleted /nfs/nas22/fs2202/biol_bc_jagannathan_comp_1/Sebastian/013.0_RNAseq_hsf4_14d29_0-6h25/02_work/12_sortmerna/HSF4_4H_3_fwd_2.fq.gz
[openfr:129] Opened output file /nfs/nas22/fs2202/biol_bc_jagannathan_comp_1/Sebastian/013.0_RNAseq_hsf4_14d29_0-6h25/02_work/12_sortmerna/HSF4_4H_3_fwd_3.fq.gz for reading.
[merge:83] merged /nfs/nas22/fs2202/biol_bc_jagannathan_comp_1/Sebastian/013.0_RNAseq_hsf4_14d29_0-6h25/02_work/12_sortmerna/HSF4_4H_3_fwd_3.fq.gz -> /nfs/nas22/fs2202/biol_bc_jagannathan_comp_1/Sebastian/013.0_RNAseq_hsf4_14d29_0-6h25/02_work/12_sortmerna/HSF4_4H_3_fwd_0.fq.gz
[merge:90] deleted /nfs/nas22/fs2202/biol_bc_jagannathan_comp_1/Sebastian/013.0_RNAseq_hsf4_14d29_0-6h25/02_work/12_sortmerna/HSF4_4H_3_fwd_3.fq.gz
[openfr:129] Opened output file /nfs/nas22/fs2202/biol_bc_jagannathan_comp_1/Sebastian/013.0_RNAseq_hsf4_14d29_0-6h25/02_work/12_sortmerna/HSF4_4H_3_fwd_4.fq.gz for reading.
[merge:83] merged /nfs/nas22/fs2202/biol_bc_jagannathan_comp_1/Sebastian/013.0_RNAseq_hsf4_14d29_0-6h25/02_work/12_sortmerna/HSF4_4H_3_fwd_4.fq.gz -> /nfs/nas22/fs2202/biol_bc_jagannathan_comp_1/Sebastian/013.0_RNAseq_hsf4_14d29_0-6h25/02_work/12_sortmerna/HSF4_4H_3_fwd_0.fq.gz
[merge:90] deleted /nfs/nas22/fs2202/biol_bc_jagannathan_comp_1/Sebastian/013.0_RNAseq_hsf4_14d29_0-6h25/02_work/12_sortmerna/HSF4_4H_3_fwd_4.fq.gz
[openfr:129] Opened output file /nfs/nas22/fs2202/biol_bc_jagannathan_comp_1/Sebastian/013.0_RNAseq_hsf4_14d29_0-6h25/02_work/12_sortmerna/HSF4_4H_3_fwd_5.fq.gz for reading.
[merge:83] merged /nfs/nas22/fs2202/biol_bc_jagannathan_comp_1/Sebastian/013.0_RNAseq_hsf4_14d29_0-6h25/02_work/12_sortmerna/HSF4_4H_3_fwd_5.fq.gz -> /nfs/nas22/fs2202/biol_bc_jagannathan_comp_1/Sebastian/013.0_RNAseq_hsf4_14d29_0-6h25/02_work/12_sortmerna/HSF4_4H_3_fwd_0.fq.gz
[merge:90] deleted /nfs/nas22/fs2202/biol_bc_jagannathan_comp_1/Sebastian/013.0_RNAseq_hsf4_14d29_0-6h25/02_work/12_sortmerna/HSF4_4H_3_fwd_5.fq.gz
[openfr:129] Opened output file /nfs/nas22/fs2202/biol_bc_jagannathan_comp_1/Sebastian/013.0_RNAseq_hsf4_14d29_0-6h25/02_work/12_sortmerna/HSF4_4H_3_fwd_6.fq.gz for reading.
[merge:83] merged /nfs/nas22/fs2202/biol_bc_jagannathan_comp_1/Sebastian/013.0_RNAseq_hsf4_14d29_0-6h25/02_work/12_sortmerna/HSF4_4H_3_fwd_6.fq.gz -> /nfs/nas22/fs2202/biol_bc_jagannathan_comp_1/Sebastian/013.0_RNAseq_hsf4_14d29_0-6h25/02_work/12_sortmerna/HSF4_4H_3_fwd_0.fq.gz
[merge:90] deleted /nfs/nas22/fs2202/biol_bc_jagannathan_comp_1/Sebastian/013.0_RNAseq_hsf4_14d29_0-6h25/02_work/12_sortmerna/HSF4_4H_3_fwd_6.fq.gz
[openfr:129] Opened output file /nfs/nas22/fs2202/biol_bc_jagannathan_comp_1/Sebastian/013.0_RNAseq_hsf4_14d29_0-6h25/02_work/12_sortmerna/HSF4_4H_3_fwd_7.fq.gz for reading.
[merge:83] merged /nfs/nas22/fs2202/biol_bc_jagannathan_comp_1/Sebastian/013.0_RNAseq_hsf4_14d29_0-6h25/02_work/12_sortmerna/HSF4_4H_3_fwd_7.fq.gz -> /nfs/nas22/fs2202/biol_bc_jagannathan_comp_1/Sebastian/013.0_RNAseq_hsf4_14d29_0-6h25/02_work/12_sortmerna/HSF4_4H_3_fwd_0.fq.gz
[merge:90] deleted /nfs/nas22/fs2202/biol_bc_jagannathan_comp_1/Sebastian/013.0_RNAseq_hsf4_14d29_0-6h25/02_work/12_sortmerna/HSF4_4H_3_fwd_7.fq.gz
[strip_path_sfx:169] moving /nfs/nas22/fs2202/biol_bc_jagannathan_comp_1/Sebastian/013.0_RNAseq_hsf4_14d29_0-6h25/02_work/12_sortmerna/HSF4_4H_3_fwd_0.fq.gz -> "/nfs/nas22/fs2202/biol_bc_jagannathan_comp_1/Sebastian/013.0_RNAseq_hsf4_14d29_0-6h25/02_work/12_sortmerna/HSF4_4H_3_fwd.fq.gz"
[openfr:129] Opened output file /nfs/nas22/fs2202/biol_bc_jagannathan_comp_1/Sebastian/013.0_RNAseq_hsf4_14d29_0-6h25/02_work/12_sortmerna/HSF4_4H_3_rev_1.fq.gz for reading.
[merge:83] merged /nfs/nas22/fs2202/biol_bc_jagannathan_comp_1/Sebastian/013.0_RNAseq_hsf4_14d29_0-6h25/02_work/12_sortmerna/HSF4_4H_3_rev_1.fq.gz -> /nfs/nas22/fs2202/biol_bc_jagannathan_comp_1/Sebastian/013.0_RNAseq_hsf4_14d29_0-6h25/02_work/12_sortmerna/HSF4_4H_3_rev_0.fq.gz
[merge:90] deleted /nfs/nas22/fs2202/biol_bc_jagannathan_comp_1/Sebastian/013.0_RNAseq_hsf4_14d29_0-6h25/02_work/12_sortmerna/HSF4_4H_3_rev_1.fq.gz
[openfr:129] Opened output file /nfs/nas22/fs2202/biol_bc_jagannathan_comp_1/Sebastian/013.0_RNAseq_hsf4_14d29_0-6h25/02_work/12_sortmerna/HSF4_4H_3_rev_2.fq.gz for reading.
[merge:83] merged /nfs/nas22/fs2202/biol_bc_jagannathan_comp_1/Sebastian/013.0_RNAseq_hsf4_14d29_0-6h25/02_work/12_sortmerna/HSF4_4H_3_rev_2.fq.gz -> /nfs/nas22/fs2202/biol_bc_jagannathan_comp_1/Sebastian/013.0_RNAseq_hsf4_14d29_0-6h25/02_work/12_sortmerna/HSF4_4H_3_rev_0.fq.gz
[merge:90] deleted /nfs/nas22/fs2202/biol_bc_jagannathan_comp_1/Sebastian/013.0_RNAseq_hsf4_14d29_0-6h25/02_work/12_sortmerna/HSF4_4H_3_rev_2.fq.gz
[openfr:129] Opened output file /nfs/nas22/fs2202/biol_bc_jagannathan_comp_1/Sebastian/013.0_RNAseq_hsf4_14d29_0-6h25/02_work/12_sortmerna/HSF4_4H_3_rev_3.fq.gz for reading.
[merge:83] merged /nfs/nas22/fs2202/biol_bc_jagannathan_comp_1/Sebastian/013.0_RNAseq_hsf4_14d29_0-6h25/02_work/12_sortmerna/HSF4_4H_3_rev_3.fq.gz -> /nfs/nas22/fs2202/biol_bc_jagannathan_comp_1/Sebastian/013.0_RNAseq_hsf4_14d29_0-6h25/02_work/12_sortmerna/HSF4_4H_3_rev_0.fq.gz
[merge:90] deleted /nfs/nas22/fs2202/biol_bc_jagannathan_comp_1/Sebastian/013.0_RNAseq_hsf4_14d29_0-6h25/02_work/12_sortmerna/HSF4_4H_3_rev_3.fq.gz
[openfr:129] Opened output file /nfs/nas22/fs2202/biol_bc_jagannathan_comp_1/Sebastian/013.0_RNAseq_hsf4_14d29_0-6h25/02_work/12_sortmerna/HSF4_4H_3_rev_4.fq.gz for reading.
[merge:83] merged /nfs/nas22/fs2202/biol_bc_jagannathan_comp_1/Sebastian/013.0_RNAseq_hsf4_14d29_0-6h25/02_work/12_sortmerna/HSF4_4H_3_rev_4.fq.gz -> /nfs/nas22/fs2202/biol_bc_jagannathan_comp_1/Sebastian/013.0_RNAseq_hsf4_14d29_0-6h25/02_work/12_sortmerna/HSF4_4H_3_rev_0.fq.gz
[merge:90] deleted /nfs/nas22/fs2202/biol_bc_jagannathan_comp_1/Sebastian/013.0_RNAseq_hsf4_14d29_0-6h25/02_work/12_sortmerna/HSF4_4H_3_rev_4.fq.gz
[openfr:129] Opened output file /nfs/nas22/fs2202/biol_bc_jagannathan_comp_1/Sebastian/013.0_RNAseq_hsf4_14d29_0-6h25/02_work/12_sortmerna/HSF4_4H_3_rev_5.fq.gz for reading.
[merge:83] merged /nfs/nas22/fs2202/biol_bc_jagannathan_comp_1/Sebastian/013.0_RNAseq_hsf4_14d29_0-6h25/02_work/12_sortmerna/HSF4_4H_3_rev_5.fq.gz -> /nfs/nas22/fs2202/biol_bc_jagannathan_comp_1/Sebastian/013.0_RNAseq_hsf4_14d29_0-6h25/02_work/12_sortmerna/HSF4_4H_3_rev_0.fq.gz
[merge:90] deleted /nfs/nas22/fs2202/biol_bc_jagannathan_comp_1/Sebastian/013.0_RNAseq_hsf4_14d29_0-6h25/02_work/12_sortmerna/HSF4_4H_3_rev_5.fq.gz
[openfr:129] Opened output file /nfs/nas22/fs2202/biol_bc_jagannathan_comp_1/Sebastian/013.0_RNAseq_hsf4_14d29_0-6h25/02_work/12_sortmerna/HSF4_4H_3_rev_6.fq.gz for reading.
[merge:83] merged /nfs/nas22/fs2202/biol_bc_jagannathan_comp_1/Sebastian/013.0_RNAseq_hsf4_14d29_0-6h25/02_work/12_sortmerna/HSF4_4H_3_rev_6.fq.gz -> /nfs/nas22/fs2202/biol_bc_jagannathan_comp_1/Sebastian/013.0_RNAseq_hsf4_14d29_0-6h25/02_work/12_sortmerna/HSF4_4H_3_rev_0.fq.gz
[merge:90] deleted /nfs/nas22/fs2202/biol_bc_jagannathan_comp_1/Sebastian/013.0_RNAseq_hsf4_14d29_0-6h25/02_work/12_sortmerna/HSF4_4H_3_rev_6.fq.gz
[openfr:129] Opened output file /nfs/nas22/fs2202/biol_bc_jagannathan_comp_1/Sebastian/013.0_RNAseq_hsf4_14d29_0-6h25/02_work/12_sortmerna/HSF4_4H_3_rev_7.fq.gz for reading.
[merge:83] merged /nfs/nas22/fs2202/biol_bc_jagannathan_comp_1/Sebastian/013.0_RNAseq_hsf4_14d29_0-6h25/02_work/12_sortmerna/HSF4_4H_3_rev_7.fq.gz -> /nfs/nas22/fs2202/biol_bc_jagannathan_comp_1/Sebastian/013.0_RNAseq_hsf4_14d29_0-6h25/02_work/12_sortmerna/HSF4_4H_3_rev_0.fq.gz
[merge:90] deleted /nfs/nas22/fs2202/biol_bc_jagannathan_comp_1/Sebastian/013.0_RNAseq_hsf4_14d29_0-6h25/02_work/12_sortmerna/HSF4_4H_3_rev_7.fq.gz
[strip_path_sfx:169] moving /nfs/nas22/fs2202/biol_bc_jagannathan_comp_1/Sebastian/013.0_RNAseq_hsf4_14d29_0-6h25/02_work/12_sortmerna/HSF4_4H_3_rev_0.fq.gz -> "/nfs/nas22/fs2202/biol_bc_jagannathan_comp_1/Sebastian/013.0_RNAseq_hsf4_14d29_0-6h25/02_work/12_sortmerna/HSF4_4H_3_rev.fq.gz"
[writeReports:269] === done Reports in 493.153 sec ===

[INFO] Pre-sync — fwd: 51281452  rev: 51281452
[INFO] Already equal — skipping sync
[INFO] Done: /nfs/nas22/fs2202/biol_bc_jagannathan_comp_1/Sebastian/013.0_RNAseq_hsf4_14d29_0-6h25/02_work/12_sortmerna/HSF4_4H_3_fwd.fq.gz
