[INFO] Sample: HSF4_4H_2
[process:1393] === Options processing starts ... ===
Found value: /nfs/nas22/fs2202/biol_bc_jagannathan_comp_1/Sebastian/013.0_RNAseq_hsf4_14d29_0-6h25/00_admin/env/sortmerna/bin/sortmerna
Found flag: --ref
Found value: /nfs/nas22/fs2202/biol_bc_jagannathan_comp_1/Sebastian/013.0_RNAseq_hsf4_14d29_0-6h25/00_admin/env/sortmerna/db/silva-arc-16s-id95.fasta of previous flag: --ref
Found flag: --ref
Found value: /nfs/nas22/fs2202/biol_bc_jagannathan_comp_1/Sebastian/013.0_RNAseq_hsf4_14d29_0-6h25/00_admin/env/sortmerna/db/silva-arc-23s-id98.fasta of previous flag: --ref
Found flag: --ref
Found value: /nfs/nas22/fs2202/biol_bc_jagannathan_comp_1/Sebastian/013.0_RNAseq_hsf4_14d29_0-6h25/00_admin/env/sortmerna/db/silva-bac-16s-id90.fasta of previous flag: --ref
Found flag: --ref
Found value: /nfs/nas22/fs2202/biol_bc_jagannathan_comp_1/Sebastian/013.0_RNAseq_hsf4_14d29_0-6h25/00_admin/env/sortmerna/db/silva-bac-23s-id98.fasta of previous flag: --ref
Found flag: --ref
Found value: /nfs/nas22/fs2202/biol_bc_jagannathan_comp_1/Sebastian/013.0_RNAseq_hsf4_14d29_0-6h25/00_admin/env/sortmerna/db/silva-euk-18s-id95.fasta of previous flag: --ref
Found flag: --ref
Found value: /nfs/nas22/fs2202/biol_bc_jagannathan_comp_1/Sebastian/013.0_RNAseq_hsf4_14d29_0-6h25/00_admin/env/sortmerna/db/silva-euk-28s-id98.fasta of previous flag: --ref
Found flag: --ref
Found value: /nfs/nas22/fs2202/biol_bc_jagannathan_comp_1/Sebastian/013.0_RNAseq_hsf4_14d29_0-6h25/00_admin/env/sortmerna/db/rfam-5s-database-id98.fasta of previous flag: --ref
Found flag: --ref
Found value: /nfs/nas22/fs2202/biol_bc_jagannathan_comp_1/Sebastian/013.0_RNAseq_hsf4_14d29_0-6h25/00_admin/env/sortmerna/db/rfam-5.8s-database-id98.fasta of previous flag: --ref
Found flag: --reads
Found value: 01_raw/fastq/HSF4_4H_2_ZKRN250030475-1A_23F5KYLT4_L7_1.fq.gz of previous flag: --reads
Found flag: --reads
Found value: 01_raw/fastq/HSF4_4H_2_ZKRN250030475-1A_23F5KYLT4_L7_2.fq.gz of previous flag: --reads
Found flag: --fastx
Previous flag: --fastx is Boolean. Setting to True
Found flag: --paired_out
Previous flag: --paired_out is Boolean. Setting to True
Found flag: --out2
Previous flag: --out2 is Boolean. Setting to True
Found flag: --aligned
Found value: /nfs/nas22/fs2202/biol_bc_jagannathan_comp_1/Sebastian/013.0_RNAseq_hsf4_14d29_0-6h25/90_scratch/tmp/sortmerna_61918472_8/HSF4_4H_2.rRNA of previous flag: --aligned
Found flag: --other
Found value: /nfs/nas22/fs2202/biol_bc_jagannathan_comp_1/Sebastian/013.0_RNAseq_hsf4_14d29_0-6h25/02_work/12_sortmerna/HSF4_4H_2 of previous flag: --other
Found flag: --threads
Found value: 8 of previous flag: --threads
Found flag: --workdir
Found value: /nfs/nas22/fs2202/biol_bc_jagannathan_comp_1/Sebastian/013.0_RNAseq_hsf4_14d29_0-6h25/90_scratch/tmp/sortmerna_61918472_8 of previous flag: --workdir
[opt_workdir:995] Using WORKDIR: "/nfs/nas22/fs2202/biol_bc_jagannathan_comp_1/Sebastian/013.0_RNAseq_hsf4_14d29_0-6h25/90_scratch/tmp/sortmerna_61918472_8" as specified
[process:1483] Processing option: aligned with value: /nfs/nas22/fs2202/biol_bc_jagannathan_comp_1/Sebastian/013.0_RNAseq_hsf4_14d29_0-6h25/90_scratch/tmp/sortmerna_61918472_8/HSF4_4H_2.rRNA
[process:1483] Processing option: fastx with value: 
[process:1483] Processing option: other with value: /nfs/nas22/fs2202/biol_bc_jagannathan_comp_1/Sebastian/013.0_RNAseq_hsf4_14d29_0-6h25/02_work/12_sortmerna/HSF4_4H_2
[process:1483] Processing option: out2 with value: 
[process:1483] Processing option: paired_out with value: 
[process:1483] Processing option: reads with value: 01_raw/fastq/HSF4_4H_2_ZKRN250030475-1A_23F5KYLT4_L7_1.fq.gz
[opt_reads:98] Processing reads file [1] out of total [2] files
[process:1483] Processing option: reads with value: 01_raw/fastq/HSF4_4H_2_ZKRN250030475-1A_23F5KYLT4_L7_2.fq.gz
[opt_reads:98] Processing reads file [2] out of total [2] files
[process:1483] Processing option: ref with value: /nfs/nas22/fs2202/biol_bc_jagannathan_comp_1/Sebastian/013.0_RNAseq_hsf4_14d29_0-6h25/00_admin/env/sortmerna/db/silva-arc-16s-id95.fasta
[opt_ref:158] Processing reference [1] out of total [8] references
[opt_ref:206] File "/nfs/nas22/fs2202/biol_bc_jagannathan_comp_1/Sebastian/013.0_RNAseq_hsf4_14d29_0-6h25/00_admin/env/sortmerna/db/silva-arc-16s-id95.fasta" exists and is readable
[process:1483] Processing option: ref with value: /nfs/nas22/fs2202/biol_bc_jagannathan_comp_1/Sebastian/013.0_RNAseq_hsf4_14d29_0-6h25/00_admin/env/sortmerna/db/silva-arc-23s-id98.fasta
[opt_ref:158] Processing reference [2] out of total [8] references
[opt_ref:206] File "/nfs/nas22/fs2202/biol_bc_jagannathan_comp_1/Sebastian/013.0_RNAseq_hsf4_14d29_0-6h25/00_admin/env/sortmerna/db/silva-arc-23s-id98.fasta" exists and is readable
[process:1483] Processing option: ref with value: /nfs/nas22/fs2202/biol_bc_jagannathan_comp_1/Sebastian/013.0_RNAseq_hsf4_14d29_0-6h25/00_admin/env/sortmerna/db/silva-bac-16s-id90.fasta
[opt_ref:158] Processing reference [3] out of total [8] references
[opt_ref:206] File "/nfs/nas22/fs2202/biol_bc_jagannathan_comp_1/Sebastian/013.0_RNAseq_hsf4_14d29_0-6h25/00_admin/env/sortmerna/db/silva-bac-16s-id90.fasta" exists and is readable
[process:1483] Processing option: ref with value: /nfs/nas22/fs2202/biol_bc_jagannathan_comp_1/Sebastian/013.0_RNAseq_hsf4_14d29_0-6h25/00_admin/env/sortmerna/db/silva-bac-23s-id98.fasta
[opt_ref:158] Processing reference [4] out of total [8] references
[opt_ref:206] File "/nfs/nas22/fs2202/biol_bc_jagannathan_comp_1/Sebastian/013.0_RNAseq_hsf4_14d29_0-6h25/00_admin/env/sortmerna/db/silva-bac-23s-id98.fasta" exists and is readable
[process:1483] Processing option: ref with value: /nfs/nas22/fs2202/biol_bc_jagannathan_comp_1/Sebastian/013.0_RNAseq_hsf4_14d29_0-6h25/00_admin/env/sortmerna/db/silva-euk-18s-id95.fasta
[opt_ref:158] Processing reference [5] out of total [8] references
[opt_ref:206] File "/nfs/nas22/fs2202/biol_bc_jagannathan_comp_1/Sebastian/013.0_RNAseq_hsf4_14d29_0-6h25/00_admin/env/sortmerna/db/silva-euk-18s-id95.fasta" exists and is readable
[process:1483] Processing option: ref with value: /nfs/nas22/fs2202/biol_bc_jagannathan_comp_1/Sebastian/013.0_RNAseq_hsf4_14d29_0-6h25/00_admin/env/sortmerna/db/silva-euk-28s-id98.fasta
[opt_ref:158] Processing reference [6] out of total [8] references
[opt_ref:206] File "/nfs/nas22/fs2202/biol_bc_jagannathan_comp_1/Sebastian/013.0_RNAseq_hsf4_14d29_0-6h25/00_admin/env/sortmerna/db/silva-euk-28s-id98.fasta" exists and is readable
[process:1483] Processing option: ref with value: /nfs/nas22/fs2202/biol_bc_jagannathan_comp_1/Sebastian/013.0_RNAseq_hsf4_14d29_0-6h25/00_admin/env/sortmerna/db/rfam-5s-database-id98.fasta
[opt_ref:158] Processing reference [7] out of total [8] references
[opt_ref:206] File "/nfs/nas22/fs2202/biol_bc_jagannathan_comp_1/Sebastian/013.0_RNAseq_hsf4_14d29_0-6h25/00_admin/env/sortmerna/db/rfam-5s-database-id98.fasta" exists and is readable
[process:1483] Processing option: ref with value: /nfs/nas22/fs2202/biol_bc_jagannathan_comp_1/Sebastian/013.0_RNAseq_hsf4_14d29_0-6h25/00_admin/env/sortmerna/db/rfam-5.8s-database-id98.fasta
[opt_ref:158] Processing reference [8] out of total [8] references
[opt_ref:206] File "/nfs/nas22/fs2202/biol_bc_jagannathan_comp_1/Sebastian/013.0_RNAseq_hsf4_14d29_0-6h25/00_admin/env/sortmerna/db/rfam-5.8s-database-id98.fasta" exists and is readable
[process:1483] Processing option: threads with value: 8
[process:1503] === Options processing done ===
[process:1504] Alignment type: [best:1 num_alignments:1 min_lis:2 seeds:2]
[validate_kvdbdir:1248] Key-value DB location "/nfs/nas22/fs2202/biol_bc_jagannathan_comp_1/Sebastian/013.0_RNAseq_hsf4_14d29_0-6h25/90_scratch/tmp/sortmerna_61918472_8/kvdb"
[validate_kvdbdir:1284] Creating KVDB directory: "/nfs/nas22/fs2202/biol_bc_jagannathan_comp_1/Sebastian/013.0_RNAseq_hsf4_14d29_0-6h25/90_scratch/tmp/sortmerna_61918472_8/kvdb"
[validate_idxdir:1214] Using index directory: "/nfs/nas22/fs2202/biol_bc_jagannathan_comp_1/Sebastian/013.0_RNAseq_hsf4_14d29_0-6h25/90_scratch/tmp/sortmerna_61918472_8/idx"
[validate_idxdir:1222] Created index directory - OK
[validate_readb_dir:1306] Using split reads directory : "/nfs/nas22/fs2202/biol_bc_jagannathan_comp_1/Sebastian/013.0_RNAseq_hsf4_14d29_0-6h25/90_scratch/tmp/sortmerna_61918472_8/readb"
[validate_readb_dir:1314] Created split reads directory - OK
[main:62] Running command:
/nfs/nas22/fs2202/biol_bc_jagannathan_comp_1/Sebastian/013.0_RNAseq_hsf4_14d29_0-6h25/00_admin/env/sortmerna/bin/sortmerna --ref /nfs/nas22/fs2202/biol_bc_jagannathan_comp_1/Sebastian/013.0_RNAseq_hsf4_14d29_0-6h25/00_admin/env/sortmerna/db/silva-arc-16s-id95.fasta --ref /nfs/nas22/fs2202/biol_bc_jagannathan_comp_1/Sebastian/013.0_RNAseq_hsf4_14d29_0-6h25/00_admin/env/sortmerna/db/silva-arc-23s-id98.fasta --ref /nfs/nas22/fs2202/biol_bc_jagannathan_comp_1/Sebastian/013.0_RNAseq_hsf4_14d29_0-6h25/00_admin/env/sortmerna/db/silva-bac-16s-id90.fasta --ref /nfs/nas22/fs2202/biol_bc_jagannathan_comp_1/Sebastian/013.0_RNAseq_hsf4_14d29_0-6h25/00_admin/env/sortmerna/db/silva-bac-23s-id98.fasta --ref /nfs/nas22/fs2202/biol_bc_jagannathan_comp_1/Sebastian/013.0_RNAseq_hsf4_14d29_0-6h25/00_admin/env/sortmerna/db/silva-euk-18s-id95.fasta --ref /nfs/nas22/fs2202/biol_bc_jagannathan_comp_1/Sebastian/013.0_RNAseq_hsf4_14d29_0-6h25/00_admin/env/sortmerna/db/silva-euk-28s-id98.fasta --ref /nfs/nas22/fs2202/biol_bc_jagannathan_comp_1/Sebastian/013.0_RNAseq_hsf4_14d29_0-6h25/00_admin/env/sortmerna/db/rfam-5s-database-id98.fasta --ref /nfs/nas22/fs2202/biol_bc_jagannathan_comp_1/Sebastian/013.0_RNAseq_hsf4_14d29_0-6h25/00_admin/env/sortmerna/db/rfam-5.8s-database-id98.fasta --reads 01_raw/fastq/HSF4_4H_2_ZKRN250030475-1A_23F5KYLT4_L7_1.fq.gz --reads 01_raw/fastq/HSF4_4H_2_ZKRN250030475-1A_23F5KYLT4_L7_2.fq.gz --fastx --paired_out --out2 --aligned /nfs/nas22/fs2202/biol_bc_jagannathan_comp_1/Sebastian/013.0_RNAseq_hsf4_14d29_0-6h25/90_scratch/tmp/sortmerna_61918472_8/HSF4_4H_2.rRNA --other /nfs/nas22/fs2202/biol_bc_jagannathan_comp_1/Sebastian/013.0_RNAseq_hsf4_14d29_0-6h25/02_work/12_sortmerna/HSF4_4H_2 --threads 8 --workdir /nfs/nas22/fs2202/biol_bc_jagannathan_comp_1/Sebastian/013.0_RNAseq_hsf4_14d29_0-6h25/90_scratch/tmp/sortmerna_61918472_8 
[build_index:1123] ==== Index building started ====
[build_index:1180] Begin indexing file /nfs/nas22/fs2202/biol_bc_jagannathan_comp_1/Sebastian/013.0_RNAseq_hsf4_14d29_0-6h25/00_admin/env/sortmerna/db/silva-arc-16s-id95.fasta of size: 3893959 under index name /nfs/nas22/fs2202/biol_bc_jagannathan_comp_1/Sebastian/013.0_RNAseq_hsf4_14d29_0-6h25/90_scratch/tmp/sortmerna_61918472_8/idx/3436099190853847617
  done.

[build_index:1180] Begin indexing file /nfs/nas22/fs2202/biol_bc_jagannathan_comp_1/Sebastian/013.0_RNAseq_hsf4_14d29_0-6h25/00_admin/env/sortmerna/db/silva-arc-23s-id98.fasta of size: 752022 under index name /nfs/nas22/fs2202/biol_bc_jagannathan_comp_1/Sebastian/013.0_RNAseq_hsf4_14d29_0-6h25/90_scratch/tmp/sortmerna_61918472_8/idx/3400685301612210653
  done.

[build_index:1180] Begin indexing file /nfs/nas22/fs2202/biol_bc_jagannathan_comp_1/Sebastian/013.0_RNAseq_hsf4_14d29_0-6h25/00_admin/env/sortmerna/db/silva-bac-16s-id90.fasta of size: 19437013 under index name /nfs/nas22/fs2202/biol_bc_jagannathan_comp_1/Sebastian/013.0_RNAseq_hsf4_14d29_0-6h25/90_scratch/tmp/sortmerna_61918472_8/idx/15734375058464002811
  done.

[build_index:1180] Begin indexing file /nfs/nas22/fs2202/biol_bc_jagannathan_comp_1/Sebastian/013.0_RNAseq_hsf4_14d29_0-6h25/00_admin/env/sortmerna/db/silva-bac-23s-id98.fasta of size: 12911743 under index name /nfs/nas22/fs2202/biol_bc_jagannathan_comp_1/Sebastian/013.0_RNAseq_hsf4_14d29_0-6h25/90_scratch/tmp/sortmerna_61918472_8/idx/17299952793705614139
  done.

[build_index:1180] Begin indexing file /nfs/nas22/fs2202/biol_bc_jagannathan_comp_1/Sebastian/013.0_RNAseq_hsf4_14d29_0-6h25/00_admin/env/sortmerna/db/silva-euk-18s-id95.fasta of size: 13259584 under index name /nfs/nas22/fs2202/biol_bc_jagannathan_comp_1/Sebastian/013.0_RNAseq_hsf4_14d29_0-6h25/90_scratch/tmp/sortmerna_61918472_8/idx/2700646386527218729
  done.

[build_index:1180] Begin indexing file /nfs/nas22/fs2202/biol_bc_jagannathan_comp_1/Sebastian/013.0_RNAseq_hsf4_14d29_0-6h25/00_admin/env/sortmerna/db/silva-euk-28s-id98.fasta of size: 14945070 under index name /nfs/nas22/fs2202/biol_bc_jagannathan_comp_1/Sebastian/013.0_RNAseq_hsf4_14d29_0-6h25/90_scratch/tmp/sortmerna_61918472_8/idx/1845323523482939374
  done.

[build_index:1180] Begin indexing file /nfs/nas22/fs2202/biol_bc_jagannathan_comp_1/Sebastian/013.0_RNAseq_hsf4_14d29_0-6h25/00_admin/env/sortmerna/db/rfam-5s-database-id98.fasta of size: 8525326 under index name /nfs/nas22/fs2202/biol_bc_jagannathan_comp_1/Sebastian/013.0_RNAseq_hsf4_14d29_0-6h25/90_scratch/tmp/sortmerna_61918472_8/idx/13019673092862722585
  done.

[build_index:1180] Begin indexing file /nfs/nas22/fs2202/biol_bc_jagannathan_comp_1/Sebastian/013.0_RNAseq_hsf4_14d29_0-6h25/00_admin/env/sortmerna/db/rfam-5.8s-database-id98.fasta of size: 2280449 under index name /nfs/nas22/fs2202/biol_bc_jagannathan_comp_1/Sebastian/013.0_RNAseq_hsf4_14d29_0-6h25/90_scratch/tmp/sortmerna_61918472_8/idx/2169995244134016533
  done.

[build_index:2091] ==== Done index building in 117.248 sec ====

[init:108] Readfeed init started
[define_format:881] file: "01_raw/fastq/HSF4_4H_2_ZKRN250030475-1A_23F5KYLT4_L7_1.fq.gz" is FASTQ gzipped
[define_format:881] file: "01_raw/fastq/HSF4_4H_2_ZKRN250030475-1A_23F5KYLT4_L7_2.fq.gz" is FASTQ gzipped
[count_reads:915] started count  ...   
[next:322] EOF FWD reached. Total reads: 51791807
[next:322] EOF REV reached. Total reads: 51791807
[count_reads:945] done count. Elapsed time: 177.753 sec. Total reads: 103583614
[init_split_files:967] added file: /nfs/nas22/fs2202/biol_bc_jagannathan_comp_1/Sebastian/013.0_RNAseq_hsf4_14d29_0-6h25/90_scratch/tmp/sortmerna_61918472_8/readb/fwd_0.fq.gz
[init_split_files:967] added file: /nfs/nas22/fs2202/biol_bc_jagannathan_comp_1/Sebastian/013.0_RNAseq_hsf4_14d29_0-6h25/90_scratch/tmp/sortmerna_61918472_8/readb/rev_0.fq.gz
[init_split_files:967] added file: /nfs/nas22/fs2202/biol_bc_jagannathan_comp_1/Sebastian/013.0_RNAseq_hsf4_14d29_0-6h25/90_scratch/tmp/sortmerna_61918472_8/readb/fwd_1.fq.gz
[init_split_files:967] added file: /nfs/nas22/fs2202/biol_bc_jagannathan_comp_1/Sebastian/013.0_RNAseq_hsf4_14d29_0-6h25/90_scratch/tmp/sortmerna_61918472_8/readb/rev_1.fq.gz
[init_split_files:967] added file: /nfs/nas22/fs2202/biol_bc_jagannathan_comp_1/Sebastian/013.0_RNAseq_hsf4_14d29_0-6h25/90_scratch/tmp/sortmerna_61918472_8/readb/fwd_2.fq.gz
[init_split_files:967] added file: /nfs/nas22/fs2202/biol_bc_jagannathan_comp_1/Sebastian/013.0_RNAseq_hsf4_14d29_0-6h25/90_scratch/tmp/sortmerna_61918472_8/readb/rev_2.fq.gz
[init_split_files:967] added file: /nfs/nas22/fs2202/biol_bc_jagannathan_comp_1/Sebastian/013.0_RNAseq_hsf4_14d29_0-6h25/90_scratch/tmp/sortmerna_61918472_8/readb/fwd_3.fq.gz
[init_split_files:967] added file: /nfs/nas22/fs2202/biol_bc_jagannathan_comp_1/Sebastian/013.0_RNAseq_hsf4_14d29_0-6h25/90_scratch/tmp/sortmerna_61918472_8/readb/rev_3.fq.gz
[init_split_files:967] added file: /nfs/nas22/fs2202/biol_bc_jagannathan_comp_1/Sebastian/013.0_RNAseq_hsf4_14d29_0-6h25/90_scratch/tmp/sortmerna_61918472_8/readb/fwd_4.fq.gz
[init_split_files:967] added file: /nfs/nas22/fs2202/biol_bc_jagannathan_comp_1/Sebastian/013.0_RNAseq_hsf4_14d29_0-6h25/90_scratch/tmp/sortmerna_61918472_8/readb/rev_4.fq.gz
[init_split_files:967] added file: /nfs/nas22/fs2202/biol_bc_jagannathan_comp_1/Sebastian/013.0_RNAseq_hsf4_14d29_0-6h25/90_scratch/tmp/sortmerna_61918472_8/readb/fwd_5.fq.gz
[init_split_files:967] added file: /nfs/nas22/fs2202/biol_bc_jagannathan_comp_1/Sebastian/013.0_RNAseq_hsf4_14d29_0-6h25/90_scratch/tmp/sortmerna_61918472_8/readb/rev_5.fq.gz
[init_split_files:967] added file: /nfs/nas22/fs2202/biol_bc_jagannathan_comp_1/Sebastian/013.0_RNAseq_hsf4_14d29_0-6h25/90_scratch/tmp/sortmerna_61918472_8/readb/fwd_6.fq.gz
[init_split_files:967] added file: /nfs/nas22/fs2202/biol_bc_jagannathan_comp_1/Sebastian/013.0_RNAseq_hsf4_14d29_0-6h25/90_scratch/tmp/sortmerna_61918472_8/readb/rev_6.fq.gz
[init_split_files:967] added file: /nfs/nas22/fs2202/biol_bc_jagannathan_comp_1/Sebastian/013.0_RNAseq_hsf4_14d29_0-6h25/90_scratch/tmp/sortmerna_61918472_8/readb/fwd_7.fq.gz
[init_split_files:967] added file: /nfs/nas22/fs2202/biol_bc_jagannathan_comp_1/Sebastian/013.0_RNAseq_hsf4_14d29_0-6h25/90_scratch/tmp/sortmerna_61918472_8/readb/rev_7.fq.gz
[split:605] start splitting. Using number of splits equals number of processing threads: 8
[next:322] EOF FWD reached. Total reads: 51791807
[next:322] EOF REV reached. Total reads: 51791807
[split:717] Done splitting. Reads count: 103583614 Runtime sec: 3079.66

[init:135] Readfeed init done in sec [3257.44]
[store_to_db:292] Stored Reads statistics to DB:
     all_reads_count= 103583614 all_reads_len= 15537542100 min_read_len= 150 max_read_len= 150 total_aligned= 0 total_aligned_id= 0 total_aligned_cov= 0 total_aligned_id_cov= 0 total_denovo= 0 num_short= 0 reads_matched_per_db= TODO is_stats_calc= 0 is_total_reads_mapped_cov= 0

[align:143] ==== Starting alignment ====
[align:146] Number of cores: 192
[align:163] Using number of Processor threads: 8
[Refstats:60] Index Statistics calculation starts ... done in: 1.72676 sec
[align:185] Loading index: 0 part: 1/1 Memory KB: 328 ... 
[align:190] done in [1.0788] sec Memory KB: 328
[align:193] Loading references ...
[align:197] done in [0.0187879] sec. Memory KB: 328
[align2:70] Processor 0 thread 22366964905536 started
[align2:70] Processor 3 thread 22366971209280 started
[align2:70] Processor 6 thread 22366977513024 started
[align2:70] Processor 4 thread 22366973310528 started
[align2:70] Processor 2 thread 22366969108032 started
[align2:70] Processor 5 thread 22366975411776 started
[align2:70] Processor 7 thread 22366979614272 started
[align2:70] Processor 1 thread 22366967006784 started
[next:455] EOF FWD reached. Total reads: 6473976
[next:455] EOF REV reached. Total reads: 6473976
[align2:133] Processor 0 thread 22366964905536 done. Processed 12947952 reads. Skipped already processed: 0 reads Aligned reads (passing E-value): 8730 Runtime sec: 399.937
[next:455] EOF FWD reached. Total reads: 6473976
[next:455] EOF REV reached. Total reads: 6473976
[align2:133] Processor 3 thread 22366971209280 done. Processed 12947952 reads. Skipped already processed: 0 reads Aligned reads (passing E-value): 8665 Runtime sec: 400.175
[next:455] EOF FWD reached. Total reads: 6473975
[next:455] EOF REV reached. Total reads: 6473975
[align2:133] Processor 7 thread 22366979614272 done. Processed 12947950 reads. Skipped already processed: 0 reads Aligned reads (passing E-value): 8606 Runtime sec: 400.792
[next:455] EOF FWD reached. Total reads: 6473976
[next:455] EOF REV reached. Total reads: 6473976
[align2:133] Processor 1 thread 22366967006784 done. Processed 12947952 reads. Skipped already processed: 0 reads Aligned reads (passing E-value): 8489 Runtime sec: 402.215
[next:455] EOF FWD reached. Total reads: 6473976
[next:455] EOF REV reached. Total reads: 6473976
[align2:133] Processor 6 thread 22366977513024 done. Processed 12947952 reads. Skipped already processed: 0 reads Aligned reads (passing E-value): 8772 Runtime sec: 402.396
[next:455] EOF FWD reached. Total reads: 6473976
[next:455] EOF REV reached. Total reads: 6473976
[align2:133] Processor 2 thread 22366969108032 done. Processed 12947952 reads. Skipped already processed: 0 reads Aligned reads (passing E-value): 8630 Runtime sec: 402.602
[next:455] EOF FWD reached. Total reads: 6473976
[next:455] EOF REV reached. Total reads: 6473976
[align2:133] Processor 4 thread 22366973310528 done. Processed 12947952 reads. Skipped already processed: 0 reads Aligned reads (passing E-value): 8539 Runtime sec: 402.696
[next:455] EOF FWD reached. Total reads: 6473976
[next:455] EOF REV reached. Total reads: 6473976
[align2:133] Processor 5 thread 22366975411776 done. Processed 12947952 reads. Skipped already processed: 0 reads Aligned reads (passing E-value): 8674 Runtime sec: 403.268
[align:220] done index: 0 part: 1 in 403.269 sec Memory KB: 377
[align:227] Index and References unloaded in 0.0360311 sec. Memory KB: 377
[align:185] Loading index: 1 part: 1/1 Memory KB: 377 ... 
[align:190] done in [0.39988] sec Memory KB: 377
[align:193] Loading references ...
[align:197] done in [0.0147635] sec. Memory KB: 377
[align2:70] Processor 0 thread 22366979614272 started
[align2:70] Processor 1 thread 22366977513024 started
[align2:70] Processor 2 thread 22366975411776 started
[align2:70] Processor 3 thread 22366973310528 started
[align2:70] Processor 4 thread 22366971209280 started
[align2:70] Processor 5 thread 22366969108032 started
[align2:70] Processor 6 thread 22366967006784 started
[align2:70] Processor 7 thread 22366964905536 started
[next:455] EOF FWD reached. Total reads: 6473975
[next:455] EOF REV reached. Total reads: 6473975
[align2:133] Processor 7 thread 22366964905536 done. Processed 12947950 reads. Skipped already processed: 0 reads Aligned reads (passing E-value): 18506 Runtime sec: 262.179
[next:455] EOF FWD reached. Total reads: 6473976
[next:455] EOF REV reached. Total reads: 6473976
[align2:133] Processor 0 thread 22366979614272 done. Processed 12947952 reads. Skipped already processed: 0 reads Aligned reads (passing E-value): 18720 Runtime sec: 262.556
[next:455] EOF FWD reached. Total reads: 6473976
[next:455] EOF REV reached. Total reads: 6473976
[align2:133] Processor 2 thread 22366975411776 done. Processed 12947952 reads. Skipped already processed: 0 reads Aligned reads (passing E-value): 18950 Runtime sec: 262.879
[next:455] EOF FWD reached. Total reads: 6473976
[next:455] EOF REV reached. Total reads: 6473976
[align2:133] Processor 3 thread 22366973310528 done. Processed 12947952 reads. Skipped already processed: 0 reads Aligned reads (passing E-value): 18805 Runtime sec: 262.908
[next:455] EOF FWD reached. Total reads: 6473976
[next:455] EOF REV reached. Total reads: 6473976
[align2:133] Processor 5 thread 22366969108032 done. Processed 12947952 reads. Skipped already processed: 0 reads Aligned reads (passing E-value): 18934 Runtime sec: 263.038
[next:455] EOF FWD reached. Total reads: 6473976
[next:455] EOF REV reached. Total reads: 6473976
[align2:133] Processor 4 thread 22366971209280 done. Processed 12947952 reads. Skipped already processed: 0 reads Aligned reads (passing E-value): 18596 Runtime sec: 263.321
[next:455] EOF FWD reached. Total reads: 6473976
[next:455] EOF REV reached. Total reads: 6473976
[align2:133] Processor 1 thread 22366977513024 done. Processed 12947952 reads. Skipped already processed: 0 reads Aligned reads (passing E-value): 18794 Runtime sec: 263.614
[next:455] EOF FWD reached. Total reads: 6473976
[next:455] EOF REV reached. Total reads: 6473976
[align2:133] Processor 6 thread 22366967006784 done. Processed 12947952 reads. Skipped already processed: 0 reads Aligned reads (passing E-value): 18974 Runtime sec: 264.056
[align:220] done index: 1 part: 1 in 264.056 sec Memory KB: 417
[align:227] Index and References unloaded in 0.0157339 sec. Memory KB: 417
[align:185] Loading index: 2 part: 1/1 Memory KB: 417 ... 
[align:190] done in [3.39968] sec Memory KB: 593
[align:193] Loading references ...
[align:197] done in [0.0464045] sec. Memory KB: 613
[align2:70] Processor 0 thread 22366964905536 started
[align2:70] Processor 1 thread 22366967006784 started
[align2:70] Processor 2 thread 22366969108032 started
[align2:70] Processor 3 thread 22366971209280 started
[align2:70] Processor 4 thread 22366973310528 started
[align2:70] Processor 5 thread 22366975411776 started
[align2:70] Processor 6 thread 22366977513024 started
[align2:70] Processor 7 thread 22366979614272 started
[next:455] EOF FWD reached. Total reads: 6473976
[next:455] EOF REV reached. Total reads: 6473976
[align2:133] Processor 3 thread 22366971209280 done. Processed 12947952 reads. Skipped already processed: 0 reads Aligned reads (passing E-value): 28501 Runtime sec: 890.954
[next:455] EOF FWD reached. Total reads: 6473976
[next:455] EOF REV reached. Total reads: 6473976
[align2:133] Processor 0 thread 22366964905536 done. Processed 12947952 reads. Skipped already processed: 0 reads Aligned reads (passing E-value): 28466 Runtime sec: 893.346
[next:455] EOF FWD reached. Total reads: 6473975
[next:455] EOF REV reached. Total reads: 6473975
[align2:133] Processor 7 thread 22366979614272 done. Processed 12947950 reads. Skipped already processed: 0 reads Aligned reads (passing E-value): 28544 Runtime sec: 893.873
[next:455] EOF FWD reached. Total reads: 6473976
[next:455] EOF REV reached. Total reads: 6473976
[align2:133] Processor 4 thread 22366973310528 done. Processed 12947952 reads. Skipped already processed: 0 reads Aligned reads (passing E-value): 28882 Runtime sec: 895.191
[next:455] EOF FWD reached. Total reads: 6473976
[next:455] EOF REV reached. Total reads: 6473976
[align2:133] Processor 2 thread 22366969108032 done. Processed 12947952 reads. Skipped already processed: 0 reads Aligned reads (passing E-value): 28507 Runtime sec: 895.226
[next:455] EOF FWD reached. Total reads: 6473976
[next:455] EOF REV reached. Total reads: 6473976
[align2:133] Processor 1 thread 22366967006784 done. Processed 12947952 reads. Skipped already processed: 0 reads Aligned reads (passing E-value): 28367 Runtime sec: 896.198
[next:455] EOF FWD reached. Total reads: 6473976
[next:455] EOF REV reached. Total reads: 6473976
[align2:133] Processor 5 thread 22366975411776 done. Processed 12947952 reads. Skipped already processed: 0 reads Aligned reads (passing E-value): 29023 Runtime sec: 896.786
[next:455] EOF FWD reached. Total reads: 6473976
[next:455] EOF REV reached. Total reads: 6473976
[align2:133] Processor 6 thread 22366977513024 done. Processed 12947952 reads. Skipped already processed: 0 reads Aligned reads (passing E-value): 28596 Runtime sec: 898.535
[align:220] done index: 2 part: 1 in 898.536 sec Memory KB: 666
[align:227] Index and References unloaded in 0.146501 sec. Memory KB: 666
[align:185] Loading index: 3 part: 1/1 Memory KB: 666 ... 
[align:190] done in [2.46911] sec Memory KB: 666
[align:193] Loading references ...
[align:197] done in [0.0329998] sec. Memory KB: 666
[align2:70] Processor 0 thread 22366979614272 started
[align2:70] Processor 1 thread 22366977513024 started
[align2:70] Processor 2 thread 22366975411776 started
[align2:70] Processor 3 thread 22366973310528 started
[align2:70] Processor 4 thread 22366971209280 started
[align2:70] Processor 5 thread 22366969108032 started
[align2:70] Processor 6 thread 22366967006784 started
[align2:70] Processor 7 thread 22366964905536 started
[next:455] EOF FWD reached. Total reads: 6473976
[align2:133] Processor 0 thread 22366979614272 done. Processed 12947670 reads. Skipped already processed: 277 reads Aligned reads (passing E-value): 161007 Runtime sec: 857.8
[next:455] EOF FWD reached. Total reads: 6473975
[align2:133] Processor 7 thread 22366964905536 done. Processed 12947698 reads. Skipped already processed: 246 reads Aligned reads (passing E-value): 159645 Runtime sec: 859.47
[next:455] EOF FWD reached. Total reads: 6473976
[align2:133] Processor 3 thread 22366973310528 done. Processed 12947696 reads. Skipped already processed: 237 reads Aligned reads (passing E-value): 160678 Runtime sec: 860.749
[next:455] EOF FWD reached. Total reads: 6473976
[align2:133] Processor 4 thread 22366971209280 done. Processed 12947694 reads. Skipped already processed: 245 reads Aligned reads (passing E-value): 160787 Runtime sec: 861.862
[next:455] EOF FWD reached. Total reads: 6473976
[align2:133] Processor 2 thread 22366975411776 done. Processed 12947690 reads. Skipped already processed: 260 reads Aligned reads (passing E-value): 162943 Runtime sec: 863.589
[next:455] EOF REV reached. Total reads: 6473976
[next:455] EOF FWD reached. Total reads: 6473976
[align2:133] Processor 6 thread 22366967006784 done. Processed 12947709 reads. Skipped already processed: 243 reads Aligned reads (passing E-value): 162099 Runtime sec: 863.832
[next:455] EOF REV reached. Total reads: 6473976
[align2:133] Processor 5 thread 22366969108032 done. Processed 12947711 reads. Skipped already processed: 222 reads Aligned reads (passing E-value): 162281 Runtime sec: 866.484
[next:455] EOF FWD reached. Total reads: 6473976
[align2:133] Processor 1 thread 22366977513024 done. Processed 12947682 reads. Skipped already processed: 258 reads Aligned reads (passing E-value): 163302 Runtime sec: 867.39
[align:220] done index: 3 part: 1 in 867.391 sec Memory KB: 830
[align:227] Index and References unloaded in 0.104387 sec. Memory KB: 830
[align:185] Loading index: 4 part: 1/1 Memory KB: 830 ... 
[align:190] done in [3.27102] sec Memory KB: 830
[align:193] Loading references ...
[align:197] done in [0.0333128] sec. Memory KB: 830
[align2:70] Processor 0 thread 22366964905536 started
[align2:70] Processor 1 thread 22366967006784 started
[align2:70] Processor 4 thread 22366973310528 started
[align2:70] Processor 2 thread 22366969108032 started
[align2:70] Processor 3 thread 22366971209280 started
[align2:70] Processor 5 thread 22366975411776 started
[align2:70] Processor 6 thread 22366977513024 started
[align2:70] Processor 7 thread 22366979614272 started
[next:455] EOF REV reached. Total reads: 6473976
[align2:133] Processor 3 thread 22366971209280 done. Processed 12946999 reads. Skipped already processed: 946 reads Aligned reads (passing E-value): 208821 Runtime sec: 942.492
[next:455] EOF FWD reached. Total reads: 6473976
[align2:133] Processor 4 thread 22366973310528 done. Processed 12946986 reads. Skipped already processed: 951 reads Aligned reads (passing E-value): 207563 Runtime sec: 946.865
[next:455] EOF REV reached. Total reads: 6473976
[next:455] EOF FWD reached. Total reads: 6473976
[align2:133] Processor 0 thread 22366964905536 done. Processed 12946965 reads. Skipped already processed: 987 reads Aligned reads (passing E-value): 208256 Runtime sec: 947.355
[next:455] EOF FWD reached. Total reads: 6473975
[align2:133] Processor 7 thread 22366979614272 done. Processed 12947042 reads. Skipped already processed: 895 reads Aligned reads (passing E-value): 206277 Runtime sec: 947.677
[next:455] EOF FWD reached. Total reads: 6473976
[align2:133] Processor 6 thread 22366977513024 done. Processed 12947028 reads. Skipped already processed: 923 reads Aligned reads (passing E-value): 209643 Runtime sec: 950.4
[next:455] EOF FWD reached. Total reads: 6473976
[align2:133] Processor 2 thread 22366969108032 done. Processed 12946988 reads. Skipped already processed: 953 reads Aligned reads (passing E-value): 211292 Runtime sec: 951.846
[next:455] EOF REV reached. Total reads: 6473976
[align2:133] Processor 5 thread 22366975411776 done. Processed 12947015 reads. Skipped already processed: 926 reads Aligned reads (passing E-value): 209285 Runtime sec: 952.27
[next:455] EOF FWD reached. Total reads: 6473976
[align2:133] Processor 1 thread 22366967006784 done. Processed 12946910 reads. Skipped already processed: 1004 reads Aligned reads (passing E-value): 210570 Runtime sec: 952.807
[align:220] done index: 4 part: 1 in 952.807 sec Memory KB: 914
[align:227] Index and References unloaded in 0.110748 sec. Memory KB: 914
[align:185] Loading index: 5 part: 1/1 Memory KB: 914 ... 
[align:190] done in [2.79936] sec Memory KB: 914
[align:193] Loading references ...
[align:197] done in [0.0304568] sec. Memory KB: 914
[align2:70] Processor 0 thread 22366979614272 started
[align2:70] Processor 1 thread 22366977513024 started
[align2:70] Processor 2 thread 22366975411776 started
[align2:70] Processor 3 thread 22366973310528 started
[align2:70] Processor 4 thread 22366971209280 started
[align2:70] Processor 5 thread 22366969108032 started
[align2:70] Processor 7 thread 22366964905536 started
[align2:70] Processor 6 thread 22366967006784 started
[next:455] EOF FWD reached. Total reads: 6473976
[align2:133] Processor 3 thread 22366973310528 done. Processed 12924456 reads. Skipped already processed: 23458 reads Aligned reads (passing E-value): 218434 Runtime sec: 1054.06
[next:455] EOF FWD reached. Total reads: 6473975
[align2:133] Processor 7 thread 22366964905536 done. Processed 12925344 reads. Skipped already processed: 22495 reads Aligned reads (passing E-value): 217187 Runtime sec: 1056.52
[next:455] EOF FWD reached. Total reads: 6473976
[align2:133] Processor 2 thread 22366975411776 done. Processed 12924108 reads. Skipped already processed: 23768 reads Aligned reads (passing E-value): 221648 Runtime sec: 1059
[next:455] EOF FWD reached. Total reads: 6473976
[align2:133] Processor 4 thread 22366971209280 done. Processed 12924992 reads. Skipped already processed: 22821 reads Aligned reads (passing E-value): 218360 Runtime sec: 1059.15
[next:455] EOF FWD reached. Total reads: 6473976
[align2:133] Processor 0 thread 22366979614272 done. Processed 12924552 reads. Skipped already processed: 23261 reads Aligned reads (passing E-value): 218774 Runtime sec: 1061.85
[next:455] EOF FWD reached. Total reads: 6473976
[align2:133] Processor 5 thread 22366969108032 done. Processed 12924808 reads. Skipped already processed: 23113 reads Aligned reads (passing E-value): 220239 Runtime sec: 1064.95
[next:455] EOF FWD reached. Total reads: 6473976
[align2:133] Processor 1 thread 22366977513024 done. Processed 12924820 reads. Skipped already processed: 22987 reads Aligned reads (passing E-value): 221553 Runtime sec: 1065.19
[next:455] EOF REV reached. Total reads: 6473976
[align2:133] Processor 6 thread 22366967006784 done. Processed 12924793 reads. Skipped already processed: 23010 reads Aligned reads (passing E-value): 220793 Runtime sec: 1068.59
[align:220] done index: 5 part: 1 in 1068.59 sec Memory KB: 1009
[align:227] Index and References unloaded in 0.117822 sec. Memory KB: 1009
[align:185] Loading index: 6 part: 1/1 Memory KB: 1009 ... 
[align:190] done in [1.25422] sec Memory KB: 1009
[align:193] Loading references ...
[align:197] done in [0.0501566] sec. Memory KB: 845
[align2:70] Processor 0 thread 22366964905536 started
[align2:70] Processor 1 thread 22366967006784 started
[align2:70] Processor 2 thread 22366969108032 started
[align2:70] Processor 3 thread 22366971209280 started
[align2:70] Processor 7 thread 22366979614272 started
[align2:70] Processor 4 thread 22366973310528 started
[align2:70] Processor 5 thread 22366975411776 started
[align2:70] Processor 6 thread 22366977513024 started
[next:455] EOF FWD reached. Total reads: 6473976
[align2:133] Processor 3 thread 22366971209280 done. Processed 12898892 reads. Skipped already processed: 48511 reads Aligned reads (passing E-value): 193380 Runtime sec: 505.325
[next:455] EOF FWD reached. Total reads: 6473976
[align2:133] Processor 4 thread 22366973310528 done. Processed 12899632 reads. Skipped already processed: 47914 reads Aligned reads (passing E-value): 193268 Runtime sec: 507.796
[next:455] EOF FWD reached. Total reads: 6473975
[align2:133] Processor 7 thread 22366979614272 done. Processed 12900154 reads. Skipped already processed: 47364 reads Aligned reads (passing E-value): 192317 Runtime sec: 508.526
[next:455] EOF FWD reached. Total reads: 6473976
[align2:133] Processor 0 thread 22366964905536 done. Processed 12899132 reads. Skipped already processed: 48396 reads Aligned reads (passing E-value): 193640 Runtime sec: 509.06
[next:455] EOF FWD reached. Total reads: 6473976
[align2:133] Processor 5 thread 22366975411776 done. Processed 12899342 reads. Skipped already processed: 48263 reads Aligned reads (passing E-value): 195088 Runtime sec: 509.343
[next:455] EOF FWD reached. Total reads: 6473976
[align2:133] Processor 2 thread 22366969108032 done. Processed 12898394 reads. Skipped already processed: 49309 reads Aligned reads (passing E-value): 196105 Runtime sec: 509.662
[next:455] EOF FWD reached. Total reads: 6473976
[align2:133] Processor 1 thread 22366967006784 done. Processed 12899112 reads. Skipped already processed: 48471 reads Aligned reads (passing E-value): 196074 Runtime sec: 511.566
[next:455] EOF REV reached. Total reads: 6473976
[align2:133] Processor 6 thread 22366977513024 done. Processed 12899971 reads. Skipped already processed: 47951 reads Aligned reads (passing E-value): 195856 Runtime sec: 512.947
[align:220] done index: 6 part: 1 in 512.948 sec Memory KB: 846
[align:227] Index and References unloaded in 0.0343509 sec. Memory KB: 846
[align:185] Loading index: 7 part: 1/1 Memory KB: 846 ... 
[align:190] done in [0.593798] sec Memory KB: 846
[align:193] Loading references ...
[align:197] done in [0.0103773] sec. Memory KB: 846
[align2:70] Processor 0 thread 22366979614272 started
[align2:70] Processor 1 thread 22366977513024 started
[align2:70] Processor 2 thread 22366975411776 started
[align2:70] Processor 3 thread 22366973310528 started
[align2:70] Processor 4 thread 22366971209280 started
[align2:70] Processor 5 thread 22366969108032 started
[align2:70] Processor 6 thread 22366967006784 started
[align2:70] Processor 7 thread 22366964905536 started
[next:455] EOF FWD reached. Total reads: 6473976
[align2:133] Processor 3 thread 22366973310528 done. Processed 12898892 reads. Skipped already processed: 48511 reads Aligned reads (passing E-value): 193443 Runtime sec: 324.253
[next:455] EOF FWD reached. Total reads: 6473976
[align2:133] Processor 2 thread 22366975411776 done. Processed 12898394 reads. Skipped already processed: 49309 reads Aligned reads (passing E-value): 196187 Runtime sec: 324.814
[next:455] EOF FWD reached. Total reads: 6473976
[align2:133] Processor 0 thread 22366979614272 done. Processed 12899132 reads. Skipped already processed: 48396 reads Aligned reads (passing E-value): 193722 Runtime sec: 325.306
[next:455] EOF FWD reached. Total reads: 6473976
[align2:133] Processor 1 thread 22366977513024 done. Processed 12899112 reads. Skipped already processed: 48471 reads Aligned reads (passing E-value): 196158 Runtime sec: 325.479
[next:455] EOF FWD reached. Total reads: 6473976
[align2:133] Processor 5 thread 22366969108032 done. Processed 12899342 reads. Skipped already processed: 48263 reads Aligned reads (passing E-value): 195171 Runtime sec: 325.604
[next:455] EOF REV reached. Total reads: 6473976
[align2:133] Processor 6 thread 22366967006784 done. Processed 12899971 reads. Skipped already processed: 47951 reads Aligned reads (passing E-value): 195960 Runtime sec: 325.746
[next:455] EOF FWD reached. Total reads: 6473976
[align2:133] Processor 4 thread 22366971209280 done. Processed 12899632 reads. Skipped already processed: 47914 reads Aligned reads (passing E-value): 193360 Runtime sec: 326.505
[next:455] EOF FWD reached. Total reads: 6473975
[align2:133] Processor 7 thread 22366964905536 done. Processed 12900154 reads. Skipped already processed: 47364 reads Aligned reads (passing E-value): 192412 Runtime sec: 326.794
[align:220] done index: 7 part: 1 in 326.794 sec Memory KB: 853
[align:227] Index and References unloaded in 0.0148992 sec. Memory KB: 853
[align:237] ==== Done alignment in 5310.51 sec ====

[store_to_db:292] Stored Reads statistics to DB:
     all_reads_count= 103583614 all_reads_len= 15537542100 min_read_len= 150 max_read_len= 150 total_aligned= 1942639 total_aligned_id= 0 total_aligned_cov= 0 total_aligned_id_cov= 0 total_denovo= 0 num_short= 0 reads_matched_per_db= TODO is_stats_calc= 0 is_total_reads_mapped_cov= 0

[writeSummary:179] ==== Starting summary of alignment statistics ====
[Refstats:60] Index Statistics calculation starts ... done in: 1.64093 sec
[write:62] Using summary file: /nfs/nas22/fs2202/biol_bc_jagannathan_comp_1/Sebastian/013.0_RNAseq_hsf4_14d29_0-6h25/90_scratch/tmp/sortmerna_61918472_8/HSF4_4H_2.rRNA.log
[writeSummary:185] ==== Done summary in sec [1.65287] ====

[writeReports:169] === Report generation starts ===
[writeReports:184] Restored Readstats from DB: 1
[Refstats:60] Index Statistics calculation starts ... done in: 1.63647 sec
[validate_out_type:140] Output type: 
1-file  2-files  paired  paired_in  paired_out  out2  sout  other  otype
           +        +                  +           +           +     36
[set_num_out:163] num_out: 2
[init:60] num_out: 2
[validate_out_type:140] Output type: 
1-file  2-files  paired  paired_in  paired_out  out2  sout  other  otype
           +        +                  +           +           +     36
[set_num_out:163] num_out: 2
[init:60] num_out: 2
[writeReports:199] loading reference 0 part 1/1 ... done in 0.020402 sec
[report:93] Report Processor: 2 thread: 22366969108032 started. Memory KB: 853
[report:93] Report Processor: 0 thread: 22366964905536 started. Memory KB: 853
[report:93] Report Processor: 1 thread: 22366967006784 started. Memory KB: 853
[report:93] Report Processor: 4 thread: 22366973310528 started. Memory KB: 853
[report:93] Report Processor: 3 thread: 22366971209280 started. Memory KB: 853
[report:93] Report Processor: 7 thread: 22366979614272 started. Memory KB: 853
[report:93] Report Processor: 5 thread: 22366975411776 started. Memory KB: 853
[report:93] Report Processor: 6 thread: 22366977513024 started. Memory KB: 853
[next:455] EOF FWD reached. Total reads: 6473976
[next:455] EOF REV reached. Total reads: 6473976
[report:152] Report processor: 3 thread: 22366971209280 done. Processed reads: 12947952 Invalid reads: 0 Memory KB: 853
[next:455] EOF FWD reached. Total reads: 6473976
[next:455] EOF REV reached. Total reads: 6473976
[report:152] Report processor: 0 thread: 22366964905536 done. Processed reads: 12947952 Invalid reads: 0 Memory KB: 853
[next:455] EOF FWD reached. Total reads: 6473976
[next:455] EOF REV reached. Total reads: 6473976
[report:152] Report processor: 2 thread: 22366969108032 done. Processed reads: 12947952 Invalid reads: 0 Memory KB: 853
[next:455] EOF FWD reached. Total reads: 6473975
[next:455] EOF REV reached. Total reads: 6473975
[report:152] Report processor: 7 thread: 22366979614272 done. Processed reads: 12947950 Invalid reads: 0 Memory KB: 853
[next:455] EOF FWD reached. Total reads: 6473976
[next:455] EOF REV reached. Total reads: 6473976
[report:152] Report processor: 4 thread: 22366973310528 done. Processed reads: 12947952 Invalid reads: 0 Memory KB: 853
[next:455] EOF FWD reached. Total reads: 6473976
[next:455] EOF REV reached. Total reads: 6473976
[report:152] Report processor: 1 thread: 22366967006784 done. Processed reads: 12947952 Invalid reads: 0 Memory KB: 854
[next:455] EOF FWD reached. Total reads: 6473976
[next:455] EOF REV reached. Total reads: 6473976
[report:152] Report processor: 5 thread: 22366975411776 done. Processed reads: 12947952 Invalid reads: 0 Memory KB: 854
[next:455] EOF FWD reached. Total reads: 6473976
[next:455] EOF REV reached. Total reads: 6473976
[report:152] Report processor: 6 thread: 22366977513024 done. Processed reads: 12947952 Invalid reads: 0 Memory KB: 854
[writeReports:220] done reference 0 part: 1 in 431.835 sec
[writeReports:226] references unloaded in 0.000445667 sec Memory KB: 854
[openfr:129] Opened output file /nfs/nas22/fs2202/biol_bc_jagannathan_comp_1/Sebastian/013.0_RNAseq_hsf4_14d29_0-6h25/90_scratch/tmp/sortmerna_61918472_8/HSF4_4H_2.rRNA_fwd_1.fq.gz for reading.
[merge:83] merged /nfs/nas22/fs2202/biol_bc_jagannathan_comp_1/Sebastian/013.0_RNAseq_hsf4_14d29_0-6h25/90_scratch/tmp/sortmerna_61918472_8/HSF4_4H_2.rRNA_fwd_1.fq.gz -> /nfs/nas22/fs2202/biol_bc_jagannathan_comp_1/Sebastian/013.0_RNAseq_hsf4_14d29_0-6h25/90_scratch/tmp/sortmerna_61918472_8/HSF4_4H_2.rRNA_fwd_0.fq.gz
[merge:90] deleted /nfs/nas22/fs2202/biol_bc_jagannathan_comp_1/Sebastian/013.0_RNAseq_hsf4_14d29_0-6h25/90_scratch/tmp/sortmerna_61918472_8/HSF4_4H_2.rRNA_fwd_1.fq.gz
[openfr:129] Opened output file /nfs/nas22/fs2202/biol_bc_jagannathan_comp_1/Sebastian/013.0_RNAseq_hsf4_14d29_0-6h25/90_scratch/tmp/sortmerna_61918472_8/HSF4_4H_2.rRNA_fwd_2.fq.gz for reading.
[merge:83] merged /nfs/nas22/fs2202/biol_bc_jagannathan_comp_1/Sebastian/013.0_RNAseq_hsf4_14d29_0-6h25/90_scratch/tmp/sortmerna_61918472_8/HSF4_4H_2.rRNA_fwd_2.fq.gz -> /nfs/nas22/fs2202/biol_bc_jagannathan_comp_1/Sebastian/013.0_RNAseq_hsf4_14d29_0-6h25/90_scratch/tmp/sortmerna_61918472_8/HSF4_4H_2.rRNA_fwd_0.fq.gz
[merge:90] deleted /nfs/nas22/fs2202/biol_bc_jagannathan_comp_1/Sebastian/013.0_RNAseq_hsf4_14d29_0-6h25/90_scratch/tmp/sortmerna_61918472_8/HSF4_4H_2.rRNA_fwd_2.fq.gz
[openfr:129] Opened output file /nfs/nas22/fs2202/biol_bc_jagannathan_comp_1/Sebastian/013.0_RNAseq_hsf4_14d29_0-6h25/90_scratch/tmp/sortmerna_61918472_8/HSF4_4H_2.rRNA_fwd_3.fq.gz for reading.
[merge:83] merged /nfs/nas22/fs2202/biol_bc_jagannathan_comp_1/Sebastian/013.0_RNAseq_hsf4_14d29_0-6h25/90_scratch/tmp/sortmerna_61918472_8/HSF4_4H_2.rRNA_fwd_3.fq.gz -> /nfs/nas22/fs2202/biol_bc_jagannathan_comp_1/Sebastian/013.0_RNAseq_hsf4_14d29_0-6h25/90_scratch/tmp/sortmerna_61918472_8/HSF4_4H_2.rRNA_fwd_0.fq.gz
[merge:90] deleted /nfs/nas22/fs2202/biol_bc_jagannathan_comp_1/Sebastian/013.0_RNAseq_hsf4_14d29_0-6h25/90_scratch/tmp/sortmerna_61918472_8/HSF4_4H_2.rRNA_fwd_3.fq.gz
[openfr:129] Opened output file /nfs/nas22/fs2202/biol_bc_jagannathan_comp_1/Sebastian/013.0_RNAseq_hsf4_14d29_0-6h25/90_scratch/tmp/sortmerna_61918472_8/HSF4_4H_2.rRNA_fwd_4.fq.gz for reading.
[merge:83] merged /nfs/nas22/fs2202/biol_bc_jagannathan_comp_1/Sebastian/013.0_RNAseq_hsf4_14d29_0-6h25/90_scratch/tmp/sortmerna_61918472_8/HSF4_4H_2.rRNA_fwd_4.fq.gz -> /nfs/nas22/fs2202/biol_bc_jagannathan_comp_1/Sebastian/013.0_RNAseq_hsf4_14d29_0-6h25/90_scratch/tmp/sortmerna_61918472_8/HSF4_4H_2.rRNA_fwd_0.fq.gz
[merge:90] deleted /nfs/nas22/fs2202/biol_bc_jagannathan_comp_1/Sebastian/013.0_RNAseq_hsf4_14d29_0-6h25/90_scratch/tmp/sortmerna_61918472_8/HSF4_4H_2.rRNA_fwd_4.fq.gz
[openfr:129] Opened output file /nfs/nas22/fs2202/biol_bc_jagannathan_comp_1/Sebastian/013.0_RNAseq_hsf4_14d29_0-6h25/90_scratch/tmp/sortmerna_61918472_8/HSF4_4H_2.rRNA_fwd_5.fq.gz for reading.
[merge:83] merged /nfs/nas22/fs2202/biol_bc_jagannathan_comp_1/Sebastian/013.0_RNAseq_hsf4_14d29_0-6h25/90_scratch/tmp/sortmerna_61918472_8/HSF4_4H_2.rRNA_fwd_5.fq.gz -> /nfs/nas22/fs2202/biol_bc_jagannathan_comp_1/Sebastian/013.0_RNAseq_hsf4_14d29_0-6h25/90_scratch/tmp/sortmerna_61918472_8/HSF4_4H_2.rRNA_fwd_0.fq.gz
[merge:90] deleted /nfs/nas22/fs2202/biol_bc_jagannathan_comp_1/Sebastian/013.0_RNAseq_hsf4_14d29_0-6h25/90_scratch/tmp/sortmerna_61918472_8/HSF4_4H_2.rRNA_fwd_5.fq.gz
[openfr:129] Opened output file /nfs/nas22/fs2202/biol_bc_jagannathan_comp_1/Sebastian/013.0_RNAseq_hsf4_14d29_0-6h25/90_scratch/tmp/sortmerna_61918472_8/HSF4_4H_2.rRNA_fwd_6.fq.gz for reading.
[merge:83] merged /nfs/nas22/fs2202/biol_bc_jagannathan_comp_1/Sebastian/013.0_RNAseq_hsf4_14d29_0-6h25/90_scratch/tmp/sortmerna_61918472_8/HSF4_4H_2.rRNA_fwd_6.fq.gz -> /nfs/nas22/fs2202/biol_bc_jagannathan_comp_1/Sebastian/013.0_RNAseq_hsf4_14d29_0-6h25/90_scratch/tmp/sortmerna_61918472_8/HSF4_4H_2.rRNA_fwd_0.fq.gz
[merge:90] deleted /nfs/nas22/fs2202/biol_bc_jagannathan_comp_1/Sebastian/013.0_RNAseq_hsf4_14d29_0-6h25/90_scratch/tmp/sortmerna_61918472_8/HSF4_4H_2.rRNA_fwd_6.fq.gz
[openfr:129] Opened output file /nfs/nas22/fs2202/biol_bc_jagannathan_comp_1/Sebastian/013.0_RNAseq_hsf4_14d29_0-6h25/90_scratch/tmp/sortmerna_61918472_8/HSF4_4H_2.rRNA_fwd_7.fq.gz for reading.
[merge:83] merged /nfs/nas22/fs2202/biol_bc_jagannathan_comp_1/Sebastian/013.0_RNAseq_hsf4_14d29_0-6h25/90_scratch/tmp/sortmerna_61918472_8/HSF4_4H_2.rRNA_fwd_7.fq.gz -> /nfs/nas22/fs2202/biol_bc_jagannathan_comp_1/Sebastian/013.0_RNAseq_hsf4_14d29_0-6h25/90_scratch/tmp/sortmerna_61918472_8/HSF4_4H_2.rRNA_fwd_0.fq.gz
[merge:90] deleted /nfs/nas22/fs2202/biol_bc_jagannathan_comp_1/Sebastian/013.0_RNAseq_hsf4_14d29_0-6h25/90_scratch/tmp/sortmerna_61918472_8/HSF4_4H_2.rRNA_fwd_7.fq.gz
[strip_path_sfx:169] moving /nfs/nas22/fs2202/biol_bc_jagannathan_comp_1/Sebastian/013.0_RNAseq_hsf4_14d29_0-6h25/90_scratch/tmp/sortmerna_61918472_8/HSF4_4H_2.rRNA_fwd_0.fq.gz -> "/nfs/nas22/fs2202/biol_bc_jagannathan_comp_1/Sebastian/013.0_RNAseq_hsf4_14d29_0-6h25/90_scratch/tmp/sortmerna_61918472_8/HSF4_4H_2.rRNA_fwd.fq.gz"
[openfr:129] Opened output file /nfs/nas22/fs2202/biol_bc_jagannathan_comp_1/Sebastian/013.0_RNAseq_hsf4_14d29_0-6h25/90_scratch/tmp/sortmerna_61918472_8/HSF4_4H_2.rRNA_rev_1.fq.gz for reading.
[merge:83] merged /nfs/nas22/fs2202/biol_bc_jagannathan_comp_1/Sebastian/013.0_RNAseq_hsf4_14d29_0-6h25/90_scratch/tmp/sortmerna_61918472_8/HSF4_4H_2.rRNA_rev_1.fq.gz -> /nfs/nas22/fs2202/biol_bc_jagannathan_comp_1/Sebastian/013.0_RNAseq_hsf4_14d29_0-6h25/90_scratch/tmp/sortmerna_61918472_8/HSF4_4H_2.rRNA_rev_0.fq.gz
[merge:90] deleted /nfs/nas22/fs2202/biol_bc_jagannathan_comp_1/Sebastian/013.0_RNAseq_hsf4_14d29_0-6h25/90_scratch/tmp/sortmerna_61918472_8/HSF4_4H_2.rRNA_rev_1.fq.gz
[openfr:129] Opened output file /nfs/nas22/fs2202/biol_bc_jagannathan_comp_1/Sebastian/013.0_RNAseq_hsf4_14d29_0-6h25/90_scratch/tmp/sortmerna_61918472_8/HSF4_4H_2.rRNA_rev_2.fq.gz for reading.
[merge:83] merged /nfs/nas22/fs2202/biol_bc_jagannathan_comp_1/Sebastian/013.0_RNAseq_hsf4_14d29_0-6h25/90_scratch/tmp/sortmerna_61918472_8/HSF4_4H_2.rRNA_rev_2.fq.gz -> /nfs/nas22/fs2202/biol_bc_jagannathan_comp_1/Sebastian/013.0_RNAseq_hsf4_14d29_0-6h25/90_scratch/tmp/sortmerna_61918472_8/HSF4_4H_2.rRNA_rev_0.fq.gz
[merge:90] deleted /nfs/nas22/fs2202/biol_bc_jagannathan_comp_1/Sebastian/013.0_RNAseq_hsf4_14d29_0-6h25/90_scratch/tmp/sortmerna_61918472_8/HSF4_4H_2.rRNA_rev_2.fq.gz
[openfr:129] Opened output file /nfs/nas22/fs2202/biol_bc_jagannathan_comp_1/Sebastian/013.0_RNAseq_hsf4_14d29_0-6h25/90_scratch/tmp/sortmerna_61918472_8/HSF4_4H_2.rRNA_rev_3.fq.gz for reading.
[merge:83] merged /nfs/nas22/fs2202/biol_bc_jagannathan_comp_1/Sebastian/013.0_RNAseq_hsf4_14d29_0-6h25/90_scratch/tmp/sortmerna_61918472_8/HSF4_4H_2.rRNA_rev_3.fq.gz -> /nfs/nas22/fs2202/biol_bc_jagannathan_comp_1/Sebastian/013.0_RNAseq_hsf4_14d29_0-6h25/90_scratch/tmp/sortmerna_61918472_8/HSF4_4H_2.rRNA_rev_0.fq.gz
[merge:90] deleted /nfs/nas22/fs2202/biol_bc_jagannathan_comp_1/Sebastian/013.0_RNAseq_hsf4_14d29_0-6h25/90_scratch/tmp/sortmerna_61918472_8/HSF4_4H_2.rRNA_rev_3.fq.gz
[openfr:129] Opened output file /nfs/nas22/fs2202/biol_bc_jagannathan_comp_1/Sebastian/013.0_RNAseq_hsf4_14d29_0-6h25/90_scratch/tmp/sortmerna_61918472_8/HSF4_4H_2.rRNA_rev_4.fq.gz for reading.
[merge:83] merged /nfs/nas22/fs2202/biol_bc_jagannathan_comp_1/Sebastian/013.0_RNAseq_hsf4_14d29_0-6h25/90_scratch/tmp/sortmerna_61918472_8/HSF4_4H_2.rRNA_rev_4.fq.gz -> /nfs/nas22/fs2202/biol_bc_jagannathan_comp_1/Sebastian/013.0_RNAseq_hsf4_14d29_0-6h25/90_scratch/tmp/sortmerna_61918472_8/HSF4_4H_2.rRNA_rev_0.fq.gz
[merge:90] deleted /nfs/nas22/fs2202/biol_bc_jagannathan_comp_1/Sebastian/013.0_RNAseq_hsf4_14d29_0-6h25/90_scratch/tmp/sortmerna_61918472_8/HSF4_4H_2.rRNA_rev_4.fq.gz
[openfr:129] Opened output file /nfs/nas22/fs2202/biol_bc_jagannathan_comp_1/Sebastian/013.0_RNAseq_hsf4_14d29_0-6h25/90_scratch/tmp/sortmerna_61918472_8/HSF4_4H_2.rRNA_rev_5.fq.gz for reading.
[merge:83] merged /nfs/nas22/fs2202/biol_bc_jagannathan_comp_1/Sebastian/013.0_RNAseq_hsf4_14d29_0-6h25/90_scratch/tmp/sortmerna_61918472_8/HSF4_4H_2.rRNA_rev_5.fq.gz -> /nfs/nas22/fs2202/biol_bc_jagannathan_comp_1/Sebastian/013.0_RNAseq_hsf4_14d29_0-6h25/90_scratch/tmp/sortmerna_61918472_8/HSF4_4H_2.rRNA_rev_0.fq.gz
[merge:90] deleted /nfs/nas22/fs2202/biol_bc_jagannathan_comp_1/Sebastian/013.0_RNAseq_hsf4_14d29_0-6h25/90_scratch/tmp/sortmerna_61918472_8/HSF4_4H_2.rRNA_rev_5.fq.gz
[openfr:129] Opened output file /nfs/nas22/fs2202/biol_bc_jagannathan_comp_1/Sebastian/013.0_RNAseq_hsf4_14d29_0-6h25/90_scratch/tmp/sortmerna_61918472_8/HSF4_4H_2.rRNA_rev_6.fq.gz for reading.
[merge:83] merged /nfs/nas22/fs2202/biol_bc_jagannathan_comp_1/Sebastian/013.0_RNAseq_hsf4_14d29_0-6h25/90_scratch/tmp/sortmerna_61918472_8/HSF4_4H_2.rRNA_rev_6.fq.gz -> /nfs/nas22/fs2202/biol_bc_jagannathan_comp_1/Sebastian/013.0_RNAseq_hsf4_14d29_0-6h25/90_scratch/tmp/sortmerna_61918472_8/HSF4_4H_2.rRNA_rev_0.fq.gz
[merge:90] deleted /nfs/nas22/fs2202/biol_bc_jagannathan_comp_1/Sebastian/013.0_RNAseq_hsf4_14d29_0-6h25/90_scratch/tmp/sortmerna_61918472_8/HSF4_4H_2.rRNA_rev_6.fq.gz
[openfr:129] Opened output file /nfs/nas22/fs2202/biol_bc_jagannathan_comp_1/Sebastian/013.0_RNAseq_hsf4_14d29_0-6h25/90_scratch/tmp/sortmerna_61918472_8/HSF4_4H_2.rRNA_rev_7.fq.gz for reading.
[merge:83] merged /nfs/nas22/fs2202/biol_bc_jagannathan_comp_1/Sebastian/013.0_RNAseq_hsf4_14d29_0-6h25/90_scratch/tmp/sortmerna_61918472_8/HSF4_4H_2.rRNA_rev_7.fq.gz -> /nfs/nas22/fs2202/biol_bc_jagannathan_comp_1/Sebastian/013.0_RNAseq_hsf4_14d29_0-6h25/90_scratch/tmp/sortmerna_61918472_8/HSF4_4H_2.rRNA_rev_0.fq.gz
[merge:90] deleted /nfs/nas22/fs2202/biol_bc_jagannathan_comp_1/Sebastian/013.0_RNAseq_hsf4_14d29_0-6h25/90_scratch/tmp/sortmerna_61918472_8/HSF4_4H_2.rRNA_rev_7.fq.gz
[strip_path_sfx:169] moving /nfs/nas22/fs2202/biol_bc_jagannathan_comp_1/Sebastian/013.0_RNAseq_hsf4_14d29_0-6h25/90_scratch/tmp/sortmerna_61918472_8/HSF4_4H_2.rRNA_rev_0.fq.gz -> "/nfs/nas22/fs2202/biol_bc_jagannathan_comp_1/Sebastian/013.0_RNAseq_hsf4_14d29_0-6h25/90_scratch/tmp/sortmerna_61918472_8/HSF4_4H_2.rRNA_rev.fq.gz"
[openfr:129] Opened output file /nfs/nas22/fs2202/biol_bc_jagannathan_comp_1/Sebastian/013.0_RNAseq_hsf4_14d29_0-6h25/02_work/12_sortmerna/HSF4_4H_2_fwd_1.fq.gz for reading.
[merge:83] merged /nfs/nas22/fs2202/biol_bc_jagannathan_comp_1/Sebastian/013.0_RNAseq_hsf4_14d29_0-6h25/02_work/12_sortmerna/HSF4_4H_2_fwd_1.fq.gz -> /nfs/nas22/fs2202/biol_bc_jagannathan_comp_1/Sebastian/013.0_RNAseq_hsf4_14d29_0-6h25/02_work/12_sortmerna/HSF4_4H_2_fwd_0.fq.gz
[merge:90] deleted /nfs/nas22/fs2202/biol_bc_jagannathan_comp_1/Sebastian/013.0_RNAseq_hsf4_14d29_0-6h25/02_work/12_sortmerna/HSF4_4H_2_fwd_1.fq.gz
[openfr:129] Opened output file /nfs/nas22/fs2202/biol_bc_jagannathan_comp_1/Sebastian/013.0_RNAseq_hsf4_14d29_0-6h25/02_work/12_sortmerna/HSF4_4H_2_fwd_2.fq.gz for reading.
[merge:83] merged /nfs/nas22/fs2202/biol_bc_jagannathan_comp_1/Sebastian/013.0_RNAseq_hsf4_14d29_0-6h25/02_work/12_sortmerna/HSF4_4H_2_fwd_2.fq.gz -> /nfs/nas22/fs2202/biol_bc_jagannathan_comp_1/Sebastian/013.0_RNAseq_hsf4_14d29_0-6h25/02_work/12_sortmerna/HSF4_4H_2_fwd_0.fq.gz
[merge:90] deleted /nfs/nas22/fs2202/biol_bc_jagannathan_comp_1/Sebastian/013.0_RNAseq_hsf4_14d29_0-6h25/02_work/12_sortmerna/HSF4_4H_2_fwd_2.fq.gz
[openfr:129] Opened output file /nfs/nas22/fs2202/biol_bc_jagannathan_comp_1/Sebastian/013.0_RNAseq_hsf4_14d29_0-6h25/02_work/12_sortmerna/HSF4_4H_2_fwd_3.fq.gz for reading.
[merge:83] merged /nfs/nas22/fs2202/biol_bc_jagannathan_comp_1/Sebastian/013.0_RNAseq_hsf4_14d29_0-6h25/02_work/12_sortmerna/HSF4_4H_2_fwd_3.fq.gz -> /nfs/nas22/fs2202/biol_bc_jagannathan_comp_1/Sebastian/013.0_RNAseq_hsf4_14d29_0-6h25/02_work/12_sortmerna/HSF4_4H_2_fwd_0.fq.gz
[merge:90] deleted /nfs/nas22/fs2202/biol_bc_jagannathan_comp_1/Sebastian/013.0_RNAseq_hsf4_14d29_0-6h25/02_work/12_sortmerna/HSF4_4H_2_fwd_3.fq.gz
[openfr:129] Opened output file /nfs/nas22/fs2202/biol_bc_jagannathan_comp_1/Sebastian/013.0_RNAseq_hsf4_14d29_0-6h25/02_work/12_sortmerna/HSF4_4H_2_fwd_4.fq.gz for reading.
[merge:83] merged /nfs/nas22/fs2202/biol_bc_jagannathan_comp_1/Sebastian/013.0_RNAseq_hsf4_14d29_0-6h25/02_work/12_sortmerna/HSF4_4H_2_fwd_4.fq.gz -> /nfs/nas22/fs2202/biol_bc_jagannathan_comp_1/Sebastian/013.0_RNAseq_hsf4_14d29_0-6h25/02_work/12_sortmerna/HSF4_4H_2_fwd_0.fq.gz
[merge:90] deleted /nfs/nas22/fs2202/biol_bc_jagannathan_comp_1/Sebastian/013.0_RNAseq_hsf4_14d29_0-6h25/02_work/12_sortmerna/HSF4_4H_2_fwd_4.fq.gz
[openfr:129] Opened output file /nfs/nas22/fs2202/biol_bc_jagannathan_comp_1/Sebastian/013.0_RNAseq_hsf4_14d29_0-6h25/02_work/12_sortmerna/HSF4_4H_2_fwd_5.fq.gz for reading.
[merge:83] merged /nfs/nas22/fs2202/biol_bc_jagannathan_comp_1/Sebastian/013.0_RNAseq_hsf4_14d29_0-6h25/02_work/12_sortmerna/HSF4_4H_2_fwd_5.fq.gz -> /nfs/nas22/fs2202/biol_bc_jagannathan_comp_1/Sebastian/013.0_RNAseq_hsf4_14d29_0-6h25/02_work/12_sortmerna/HSF4_4H_2_fwd_0.fq.gz
[merge:90] deleted /nfs/nas22/fs2202/biol_bc_jagannathan_comp_1/Sebastian/013.0_RNAseq_hsf4_14d29_0-6h25/02_work/12_sortmerna/HSF4_4H_2_fwd_5.fq.gz
[openfr:129] Opened output file /nfs/nas22/fs2202/biol_bc_jagannathan_comp_1/Sebastian/013.0_RNAseq_hsf4_14d29_0-6h25/02_work/12_sortmerna/HSF4_4H_2_fwd_6.fq.gz for reading.
[merge:83] merged /nfs/nas22/fs2202/biol_bc_jagannathan_comp_1/Sebastian/013.0_RNAseq_hsf4_14d29_0-6h25/02_work/12_sortmerna/HSF4_4H_2_fwd_6.fq.gz -> /nfs/nas22/fs2202/biol_bc_jagannathan_comp_1/Sebastian/013.0_RNAseq_hsf4_14d29_0-6h25/02_work/12_sortmerna/HSF4_4H_2_fwd_0.fq.gz
[merge:90] deleted /nfs/nas22/fs2202/biol_bc_jagannathan_comp_1/Sebastian/013.0_RNAseq_hsf4_14d29_0-6h25/02_work/12_sortmerna/HSF4_4H_2_fwd_6.fq.gz
[openfr:129] Opened output file /nfs/nas22/fs2202/biol_bc_jagannathan_comp_1/Sebastian/013.0_RNAseq_hsf4_14d29_0-6h25/02_work/12_sortmerna/HSF4_4H_2_fwd_7.fq.gz for reading.
[merge:83] merged /nfs/nas22/fs2202/biol_bc_jagannathan_comp_1/Sebastian/013.0_RNAseq_hsf4_14d29_0-6h25/02_work/12_sortmerna/HSF4_4H_2_fwd_7.fq.gz -> /nfs/nas22/fs2202/biol_bc_jagannathan_comp_1/Sebastian/013.0_RNAseq_hsf4_14d29_0-6h25/02_work/12_sortmerna/HSF4_4H_2_fwd_0.fq.gz
[merge:90] deleted /nfs/nas22/fs2202/biol_bc_jagannathan_comp_1/Sebastian/013.0_RNAseq_hsf4_14d29_0-6h25/02_work/12_sortmerna/HSF4_4H_2_fwd_7.fq.gz
[strip_path_sfx:169] moving /nfs/nas22/fs2202/biol_bc_jagannathan_comp_1/Sebastian/013.0_RNAseq_hsf4_14d29_0-6h25/02_work/12_sortmerna/HSF4_4H_2_fwd_0.fq.gz -> "/nfs/nas22/fs2202/biol_bc_jagannathan_comp_1/Sebastian/013.0_RNAseq_hsf4_14d29_0-6h25/02_work/12_sortmerna/HSF4_4H_2_fwd.fq.gz"
[openfr:129] Opened output file /nfs/nas22/fs2202/biol_bc_jagannathan_comp_1/Sebastian/013.0_RNAseq_hsf4_14d29_0-6h25/02_work/12_sortmerna/HSF4_4H_2_rev_1.fq.gz for reading.
[merge:83] merged /nfs/nas22/fs2202/biol_bc_jagannathan_comp_1/Sebastian/013.0_RNAseq_hsf4_14d29_0-6h25/02_work/12_sortmerna/HSF4_4H_2_rev_1.fq.gz -> /nfs/nas22/fs2202/biol_bc_jagannathan_comp_1/Sebastian/013.0_RNAseq_hsf4_14d29_0-6h25/02_work/12_sortmerna/HSF4_4H_2_rev_0.fq.gz
[merge:90] deleted /nfs/nas22/fs2202/biol_bc_jagannathan_comp_1/Sebastian/013.0_RNAseq_hsf4_14d29_0-6h25/02_work/12_sortmerna/HSF4_4H_2_rev_1.fq.gz
[openfr:129] Opened output file /nfs/nas22/fs2202/biol_bc_jagannathan_comp_1/Sebastian/013.0_RNAseq_hsf4_14d29_0-6h25/02_work/12_sortmerna/HSF4_4H_2_rev_2.fq.gz for reading.
[merge:83] merged /nfs/nas22/fs2202/biol_bc_jagannathan_comp_1/Sebastian/013.0_RNAseq_hsf4_14d29_0-6h25/02_work/12_sortmerna/HSF4_4H_2_rev_2.fq.gz -> /nfs/nas22/fs2202/biol_bc_jagannathan_comp_1/Sebastian/013.0_RNAseq_hsf4_14d29_0-6h25/02_work/12_sortmerna/HSF4_4H_2_rev_0.fq.gz
[merge:90] deleted /nfs/nas22/fs2202/biol_bc_jagannathan_comp_1/Sebastian/013.0_RNAseq_hsf4_14d29_0-6h25/02_work/12_sortmerna/HSF4_4H_2_rev_2.fq.gz
[openfr:129] Opened output file /nfs/nas22/fs2202/biol_bc_jagannathan_comp_1/Sebastian/013.0_RNAseq_hsf4_14d29_0-6h25/02_work/12_sortmerna/HSF4_4H_2_rev_3.fq.gz for reading.
[merge:83] merged /nfs/nas22/fs2202/biol_bc_jagannathan_comp_1/Sebastian/013.0_RNAseq_hsf4_14d29_0-6h25/02_work/12_sortmerna/HSF4_4H_2_rev_3.fq.gz -> /nfs/nas22/fs2202/biol_bc_jagannathan_comp_1/Sebastian/013.0_RNAseq_hsf4_14d29_0-6h25/02_work/12_sortmerna/HSF4_4H_2_rev_0.fq.gz
[merge:90] deleted /nfs/nas22/fs2202/biol_bc_jagannathan_comp_1/Sebastian/013.0_RNAseq_hsf4_14d29_0-6h25/02_work/12_sortmerna/HSF4_4H_2_rev_3.fq.gz
[openfr:129] Opened output file /nfs/nas22/fs2202/biol_bc_jagannathan_comp_1/Sebastian/013.0_RNAseq_hsf4_14d29_0-6h25/02_work/12_sortmerna/HSF4_4H_2_rev_4.fq.gz for reading.
[merge:83] merged /nfs/nas22/fs2202/biol_bc_jagannathan_comp_1/Sebastian/013.0_RNAseq_hsf4_14d29_0-6h25/02_work/12_sortmerna/HSF4_4H_2_rev_4.fq.gz -> /nfs/nas22/fs2202/biol_bc_jagannathan_comp_1/Sebastian/013.0_RNAseq_hsf4_14d29_0-6h25/02_work/12_sortmerna/HSF4_4H_2_rev_0.fq.gz
[merge:90] deleted /nfs/nas22/fs2202/biol_bc_jagannathan_comp_1/Sebastian/013.0_RNAseq_hsf4_14d29_0-6h25/02_work/12_sortmerna/HSF4_4H_2_rev_4.fq.gz
[openfr:129] Opened output file /nfs/nas22/fs2202/biol_bc_jagannathan_comp_1/Sebastian/013.0_RNAseq_hsf4_14d29_0-6h25/02_work/12_sortmerna/HSF4_4H_2_rev_5.fq.gz for reading.
[merge:83] merged /nfs/nas22/fs2202/biol_bc_jagannathan_comp_1/Sebastian/013.0_RNAseq_hsf4_14d29_0-6h25/02_work/12_sortmerna/HSF4_4H_2_rev_5.fq.gz -> /nfs/nas22/fs2202/biol_bc_jagannathan_comp_1/Sebastian/013.0_RNAseq_hsf4_14d29_0-6h25/02_work/12_sortmerna/HSF4_4H_2_rev_0.fq.gz
[merge:90] deleted /nfs/nas22/fs2202/biol_bc_jagannathan_comp_1/Sebastian/013.0_RNAseq_hsf4_14d29_0-6h25/02_work/12_sortmerna/HSF4_4H_2_rev_5.fq.gz
[openfr:129] Opened output file /nfs/nas22/fs2202/biol_bc_jagannathan_comp_1/Sebastian/013.0_RNAseq_hsf4_14d29_0-6h25/02_work/12_sortmerna/HSF4_4H_2_rev_6.fq.gz for reading.
[merge:83] merged /nfs/nas22/fs2202/biol_bc_jagannathan_comp_1/Sebastian/013.0_RNAseq_hsf4_14d29_0-6h25/02_work/12_sortmerna/HSF4_4H_2_rev_6.fq.gz -> /nfs/nas22/fs2202/biol_bc_jagannathan_comp_1/Sebastian/013.0_RNAseq_hsf4_14d29_0-6h25/02_work/12_sortmerna/HSF4_4H_2_rev_0.fq.gz
[merge:90] deleted /nfs/nas22/fs2202/biol_bc_jagannathan_comp_1/Sebastian/013.0_RNAseq_hsf4_14d29_0-6h25/02_work/12_sortmerna/HSF4_4H_2_rev_6.fq.gz
[openfr:129] Opened output file /nfs/nas22/fs2202/biol_bc_jagannathan_comp_1/Sebastian/013.0_RNAseq_hsf4_14d29_0-6h25/02_work/12_sortmerna/HSF4_4H_2_rev_7.fq.gz for reading.
[merge:83] merged /nfs/nas22/fs2202/biol_bc_jagannathan_comp_1/Sebastian/013.0_RNAseq_hsf4_14d29_0-6h25/02_work/12_sortmerna/HSF4_4H_2_rev_7.fq.gz -> /nfs/nas22/fs2202/biol_bc_jagannathan_comp_1/Sebastian/013.0_RNAseq_hsf4_14d29_0-6h25/02_work/12_sortmerna/HSF4_4H_2_rev_0.fq.gz
[merge:90] deleted /nfs/nas22/fs2202/biol_bc_jagannathan_comp_1/Sebastian/013.0_RNAseq_hsf4_14d29_0-6h25/02_work/12_sortmerna/HSF4_4H_2_rev_7.fq.gz
[strip_path_sfx:169] moving /nfs/nas22/fs2202/biol_bc_jagannathan_comp_1/Sebastian/013.0_RNAseq_hsf4_14d29_0-6h25/02_work/12_sortmerna/HSF4_4H_2_rev_0.fq.gz -> "/nfs/nas22/fs2202/biol_bc_jagannathan_comp_1/Sebastian/013.0_RNAseq_hsf4_14d29_0-6h25/02_work/12_sortmerna/HSF4_4H_2_rev.fq.gz"
[writeReports:269] === done Reports in 504.239 sec ===

[INFO] Pre-sync — fwd: 51348343  rev: 51348343
[INFO] Already equal — skipping sync
[INFO] Done: /nfs/nas22/fs2202/biol_bc_jagannathan_comp_1/Sebastian/013.0_RNAseq_hsf4_14d29_0-6h25/02_work/12_sortmerna/HSF4_4H_2_fwd.fq.gz
