Many modules are hidden in this stack. Use "module --show_hidden spider SOFTWARE" if you are not able to find the required software
Detecting adapter sequence for read1...
No adapter detected for read1

Detecting adapter sequence for read2...
No adapter detected for read2

Read1 before filtering:
total reads: 52861632
total bases: 7929244800
Q20 bases: 7880637804(99.387%)
Q30 bases: 7653706700(96.525%)

Read2 before filtering:
total reads: 52861632
total bases: 7929244800
Q20 bases: 7850857741(99.0114%)
Q30 bases: 7569464383(95.4626%)

Read1 after filtering:
total reads: 52664612
total bases: 7884850864
Q20 bases: 7842832580(99.4671%)
Q30 bases: 7624281925(96.6953%)

Read2 after filtering:
total reads: 52664612
total bases: 7883530442
Q20 bases: 7822356026(99.224%)
Q30 bases: 7555185372(95.8351%)

Filtering result:
reads passed filter: 105329224
reads failed due to low quality: 377330
reads failed due to too many N: 16632
reads failed due to too short: 78
reads with adapter trimmed: 1040134
bases trimmed due to adapters: 26466657

Duplication rate: 29.1379%

Insert size peak (evaluated by paired-end reads): 269

JSON report: fastp.json
HTML report: /nfs/nas22/fs2202/biol_bc_jagannathan_comp_1/Sebastian/013.0_RNAseq_hsf4_14d29_0-6h25/02_work/14_trim/HSF4_6H_2.fastp.html

fastp -i /nfs/nas22/fs2202/biol_bc_jagannathan_comp_1/Sebastian/013.0_RNAseq_hsf4_14d29_0-6h25/02_work/12_sortmerna/HSF4_6H_2_fwd.fq.gz -I /nfs/nas22/fs2202/biol_bc_jagannathan_comp_1/Sebastian/013.0_RNAseq_hsf4_14d29_0-6h25/02_work/12_sortmerna/HSF4_6H_2_rev.fq.gz -o /nfs/nas22/fs2202/biol_bc_jagannathan_comp_1/Sebastian/013.0_RNAseq_hsf4_14d29_0-6h25/02_work/14_trim/HSF4_6H_2_1.trim.fq.gz -O /nfs/nas22/fs2202/biol_bc_jagannathan_comp_1/Sebastian/013.0_RNAseq_hsf4_14d29_0-6h25/02_work/14_trim/HSF4_6H_2_2.trim.fq.gz --detect_adapter_for_pe --cut_tail --cut_window_size 4 --cut_mean_quality 20 --length_required 25 --thread 8 --html /nfs/nas22/fs2202/biol_bc_jagannathan_comp_1/Sebastian/013.0_RNAseq_hsf4_14d29_0-6h25/02_work/14_trim/HSF4_6H_2.fastp.html 
fastp v0.23.4, time used: 170 seconds
