Many modules are hidden in this stack. Use "module --show_hidden spider SOFTWARE" if you are not able to find the required software
Detecting adapter sequence for read1...
No adapter detected for read1

Detecting adapter sequence for read2...
No adapter detected for read2

Read1 before filtering:
total reads: 59179261
total bases: 8876889150
Q20 bases: 8826995254(99.4379%)
Q30 bases: 8603138443(96.9161%)

Read2 before filtering:
total reads: 59179261
total bases: 8876889150
Q20 bases: 8803119565(99.169%)
Q30 bases: 8540182157(96.2069%)

Read1 after filtering:
total reads: 58978745
total bases: 8827980904
Q20 bases: 8785393153(99.5176%)
Q30 bases: 8570060154(97.0784%)

Read2 after filtering:
total reads: 58978745
total bases: 8826756118
Q20 bases: 8770711366(99.3651%)
Q30 bases: 8522372876(96.5516%)

Filtering result:
reads passed filter: 117957490
reads failed due to low quality: 385752
reads failed due to too many N: 15240
reads failed due to too short: 40
reads with adapter trimmed: 1366938
bases trimmed due to adapters: 33793446

Duplication rate: 30.2686%

Insert size peak (evaluated by paired-end reads): 269

JSON report: fastp.json
HTML report: /nfs/nas22/fs2202/biol_bc_jagannathan_comp_1/Sebastian/013.0_RNAseq_hsf4_14d29_0-6h25/02_work/14_trim/HSF4_2H_2.fastp.html

fastp -i /nfs/nas22/fs2202/biol_bc_jagannathan_comp_1/Sebastian/013.0_RNAseq_hsf4_14d29_0-6h25/02_work/12_sortmerna/HSF4_2H_2_fwd.fq.gz -I /nfs/nas22/fs2202/biol_bc_jagannathan_comp_1/Sebastian/013.0_RNAseq_hsf4_14d29_0-6h25/02_work/12_sortmerna/HSF4_2H_2_rev.fq.gz -o /nfs/nas22/fs2202/biol_bc_jagannathan_comp_1/Sebastian/013.0_RNAseq_hsf4_14d29_0-6h25/02_work/14_trim/HSF4_2H_2_1.trim.fq.gz -O /nfs/nas22/fs2202/biol_bc_jagannathan_comp_1/Sebastian/013.0_RNAseq_hsf4_14d29_0-6h25/02_work/14_trim/HSF4_2H_2_2.trim.fq.gz --detect_adapter_for_pe --cut_tail --cut_window_size 4 --cut_mean_quality 20 --length_required 25 --thread 8 --html /nfs/nas22/fs2202/biol_bc_jagannathan_comp_1/Sebastian/013.0_RNAseq_hsf4_14d29_0-6h25/02_work/14_trim/HSF4_2H_2.fastp.html 
fastp v0.23.4, time used: 199 seconds
