Many modules are hidden in this stack. Use "module --show_hidden spider SOFTWARE" if you are not able to find the required software
Detecting adapter sequence for read1...
No adapter detected for read1

Detecting adapter sequence for read2...
No adapter detected for read2

Read1 before filtering:
total reads: 56448028
total bases: 8467204200
Q20 bases: 8420491498(99.4483%)
Q30 bases: 8218555053(97.0634%)

Read2 before filtering:
total reads: 56448028
total bases: 8467204200
Q20 bases: 8397953173(99.1821%)
Q30 bases: 8151987447(96.2772%)

Read1 after filtering:
total reads: 56258365
total bases: 8419069543
Q20 bases: 8380038483(99.5364%)
Q30 bases: 8186982880(97.2433%)

Read2 after filtering:
total reads: 56258365
total bases: 8418074811
Q20 bases: 8365738213(99.3783%)
Q30 bases: 8134036133(96.6258%)

Filtering result:
reads passed filter: 112516730
reads failed due to low quality: 364298
reads failed due to too many N: 14984
reads failed due to too short: 44
reads with adapter trimmed: 1466142
bases trimmed due to adapters: 35558593

Duplication rate: 31.7109%

Insert size peak (evaluated by paired-end reads): 269

JSON report: fastp.json
HTML report: /nfs/nas22/fs2202/biol_bc_jagannathan_comp_1/Sebastian/013.0_RNAseq_hsf4_14d29_0-6h25/02_work/14_trim/HSF4_2H_3.fastp.html

fastp -i /nfs/nas22/fs2202/biol_bc_jagannathan_comp_1/Sebastian/013.0_RNAseq_hsf4_14d29_0-6h25/02_work/12_sortmerna/HSF4_2H_3_fwd.fq.gz -I /nfs/nas22/fs2202/biol_bc_jagannathan_comp_1/Sebastian/013.0_RNAseq_hsf4_14d29_0-6h25/02_work/12_sortmerna/HSF4_2H_3_rev.fq.gz -o /nfs/nas22/fs2202/biol_bc_jagannathan_comp_1/Sebastian/013.0_RNAseq_hsf4_14d29_0-6h25/02_work/14_trim/HSF4_2H_3_1.trim.fq.gz -O /nfs/nas22/fs2202/biol_bc_jagannathan_comp_1/Sebastian/013.0_RNAseq_hsf4_14d29_0-6h25/02_work/14_trim/HSF4_2H_3_2.trim.fq.gz --detect_adapter_for_pe --cut_tail --cut_window_size 4 --cut_mean_quality 20 --length_required 25 --thread 8 --html /nfs/nas22/fs2202/biol_bc_jagannathan_comp_1/Sebastian/013.0_RNAseq_hsf4_14d29_0-6h25/02_work/14_trim/HSF4_2H_3.fastp.html 
fastp v0.23.4, time used: 168 seconds
