Many modules are hidden in this stack. Use "module --show_hidden spider SOFTWARE" if you are not able to find the required software
Detecting adapter sequence for read1...
No adapter detected for read1

Detecting adapter sequence for read2...
No adapter detected for read2

Read1 before filtering:
total reads: 62257631
total bases: 9338644650
Q20 bases: 9287102708(99.4481%)
Q30 bases: 9064774625(97.0673%)

Read2 before filtering:
total reads: 62257631
total bases: 9338644650
Q20 bases: 9262270739(99.1822%)
Q30 bases: 8993248909(96.3014%)

Read1 after filtering:
total reads: 62036881
total bases: 9286752812
Q20 bases: 9243849422(99.538%)
Q30 bases: 9031222275(97.2484%)

Read2 after filtering:
total reads: 62036881
total bases: 9285645155
Q20 bases: 9228494592(99.3845%)
Q30 bases: 8975106331(96.6557%)

Filtering result:
reads passed filter: 124073762
reads failed due to low quality: 425070
reads failed due to too many N: 16346
reads failed due to too short: 84
reads with adapter trimmed: 1341934
bases trimmed due to adapters: 33494975

Duplication rate: 30.2473%

Insert size peak (evaluated by paired-end reads): 269

JSON report: fastp.json
HTML report: /nfs/nas22/fs2202/biol_bc_jagannathan_comp_1/Sebastian/013.0_RNAseq_hsf4_14d29_0-6h25/02_work/14_trim/HSF4_2H_1.fastp.html

fastp -i /nfs/nas22/fs2202/biol_bc_jagannathan_comp_1/Sebastian/013.0_RNAseq_hsf4_14d29_0-6h25/02_work/12_sortmerna/HSF4_2H_1_fwd.fq.gz -I /nfs/nas22/fs2202/biol_bc_jagannathan_comp_1/Sebastian/013.0_RNAseq_hsf4_14d29_0-6h25/02_work/12_sortmerna/HSF4_2H_1_rev.fq.gz -o /nfs/nas22/fs2202/biol_bc_jagannathan_comp_1/Sebastian/013.0_RNAseq_hsf4_14d29_0-6h25/02_work/14_trim/HSF4_2H_1_1.trim.fq.gz -O /nfs/nas22/fs2202/biol_bc_jagannathan_comp_1/Sebastian/013.0_RNAseq_hsf4_14d29_0-6h25/02_work/14_trim/HSF4_2H_1_2.trim.fq.gz --detect_adapter_for_pe --cut_tail --cut_window_size 4 --cut_mean_quality 20 --length_required 25 --thread 8 --html /nfs/nas22/fs2202/biol_bc_jagannathan_comp_1/Sebastian/013.0_RNAseq_hsf4_14d29_0-6h25/02_work/14_trim/HSF4_2H_1.fastp.html 
fastp v0.23.4, time used: 226 seconds
