Many modules are hidden in this stack. Use "module --show_hidden spider SOFTWARE" if you are not able to find the required software
Detecting adapter sequence for read1...
No adapter detected for read1

Detecting adapter sequence for read2...
No adapter detected for read2

Read1 before filtering:
total reads: 52452190
total bases: 7867828500
Q20 bases: 7823891993(99.4416%)
Q30 bases: 7628470775(96.9578%)

Read2 before filtering:
total reads: 52452190
total bases: 7867828500
Q20 bases: 7805032647(99.2019%)
Q30 bases: 7578518584(96.3229%)

Read1 after filtering:
total reads: 52285115
total bases: 7829996858
Q20 bases: 7792469723(99.5207%)
Q30 bases: 7604560636(97.1209%)

Read2 after filtering:
total reads: 52285115
total bases: 7829165254
Q20 bases: 7780561164(99.3792%)
Q30 bases: 7565759414(96.6356%)

Filtering result:
reads passed filter: 104570230
reads failed due to low quality: 317582
reads failed due to too many N: 16526
reads failed due to too short: 42
reads with adapter trimmed: 926604
bases trimmed due to adapters: 22223027

Duplication rate: 29.7627%

Insert size peak (evaluated by paired-end reads): 269

JSON report: fastp.json
HTML report: /nfs/nas22/fs2202/biol_bc_jagannathan_comp_1/Sebastian/013.0_RNAseq_hsf4_14d29_0-6h25/02_work/14_trim/HSF4_4H_1.fastp.html

fastp -i /nfs/nas22/fs2202/biol_bc_jagannathan_comp_1/Sebastian/013.0_RNAseq_hsf4_14d29_0-6h25/02_work/12_sortmerna/HSF4_4H_1_fwd.fq.gz -I /nfs/nas22/fs2202/biol_bc_jagannathan_comp_1/Sebastian/013.0_RNAseq_hsf4_14d29_0-6h25/02_work/12_sortmerna/HSF4_4H_1_rev.fq.gz -o /nfs/nas22/fs2202/biol_bc_jagannathan_comp_1/Sebastian/013.0_RNAseq_hsf4_14d29_0-6h25/02_work/14_trim/HSF4_4H_1_1.trim.fq.gz -O /nfs/nas22/fs2202/biol_bc_jagannathan_comp_1/Sebastian/013.0_RNAseq_hsf4_14d29_0-6h25/02_work/14_trim/HSF4_4H_1_2.trim.fq.gz --detect_adapter_for_pe --cut_tail --cut_window_size 4 --cut_mean_quality 20 --length_required 25 --thread 8 --html /nfs/nas22/fs2202/biol_bc_jagannathan_comp_1/Sebastian/013.0_RNAseq_hsf4_14d29_0-6h25/02_work/14_trim/HSF4_4H_1.fastp.html 
fastp v0.23.4, time used: 163 seconds
