Many modules are hidden in this stack. Use "module --show_hidden spider SOFTWARE" if you are not able to find the required software
Detecting adapter sequence for read1...
No adapter detected for read1

Detecting adapter sequence for read2...
No adapter detected for read2

Read1 before filtering:
total reads: 60299147
total bases: 9044872050
Q20 bases: 8995042810(99.4491%)
Q30 bases: 8771280957(96.9752%)

Read2 before filtering:
total reads: 60299147
total bases: 9044872050
Q20 bases: 8973153425(99.2071%)
Q30 bases: 8713020104(96.331%)

Read1 after filtering:
total reads: 60109316
total bases: 8999467766
Q20 bases: 8957098889(99.5292%)
Q30 bases: 8741836085(97.1373%)

Read2 after filtering:
total reads: 60109316
total bases: 8998314098
Q20 bases: 8943287507(99.3885%)
Q30 bases: 8696869708(96.65%)

Filtering result:
reads passed filter: 120218632
reads failed due to low quality: 363596
reads failed due to too many N: 15992
reads failed due to too short: 74
reads with adapter trimmed: 1136144
bases trimmed due to adapters: 30098994

Duplication rate: 30.5576%

Insert size peak (evaluated by paired-end reads): 267

JSON report: fastp.json
HTML report: /nfs/nas22/fs2202/biol_bc_jagannathan_comp_1/Sebastian/013.0_RNAseq_hsf4_14d29_0-6h25/02_work/14_trim/HSF4_0H_2.fastp.html

fastp -i /nfs/nas22/fs2202/biol_bc_jagannathan_comp_1/Sebastian/013.0_RNAseq_hsf4_14d29_0-6h25/02_work/12_sortmerna/HSF4_0H_2_fwd.fq.gz -I /nfs/nas22/fs2202/biol_bc_jagannathan_comp_1/Sebastian/013.0_RNAseq_hsf4_14d29_0-6h25/02_work/12_sortmerna/HSF4_0H_2_rev.fq.gz -o /nfs/nas22/fs2202/biol_bc_jagannathan_comp_1/Sebastian/013.0_RNAseq_hsf4_14d29_0-6h25/02_work/14_trim/HSF4_0H_2_1.trim.fq.gz -O /nfs/nas22/fs2202/biol_bc_jagannathan_comp_1/Sebastian/013.0_RNAseq_hsf4_14d29_0-6h25/02_work/14_trim/HSF4_0H_2_2.trim.fq.gz --detect_adapter_for_pe --cut_tail --cut_window_size 4 --cut_mean_quality 20 --length_required 25 --thread 8 --html /nfs/nas22/fs2202/biol_bc_jagannathan_comp_1/Sebastian/013.0_RNAseq_hsf4_14d29_0-6h25/02_work/14_trim/HSF4_0H_2.fastp.html 
fastp v0.23.4, time used: 186 seconds
