Many modules are hidden in this stack. Use "module --show_hidden spider SOFTWARE" if you are not able to find the required software
Detecting adapter sequence for read1...
No adapter detected for read1

Detecting adapter sequence for read2...
No adapter detected for read2

Read1 before filtering:
total reads: 54446936
total bases: 8167040400
Q20 bases: 8119054421(99.4124%)
Q30 bases: 7900864242(96.7408%)

Read2 before filtering:
total reads: 54446936
total bases: 8167040400
Q20 bases: 8097382722(99.1471%)
Q30 bases: 7848002531(96.0936%)

Read1 after filtering:
total reads: 54261970
total bases: 8120876541
Q20 bases: 8080019274(99.4969%)
Q30 bases: 7870509001(96.917%)

Read2 after filtering:
total reads: 54261970
total bases: 8119839623
Q20 bases: 8066623820(99.3446%)
Q30 bases: 7831092686(96.4439%)

Filtering result:
reads passed filter: 108523940
reads failed due to low quality: 353114
reads failed due to too many N: 16774
reads failed due to too short: 44
reads with adapter trimmed: 1374714
bases trimmed due to adapters: 33345766

Duplication rate: 27.8344%

Insert size peak (evaluated by paired-end reads): 269

JSON report: fastp.json
HTML report: /nfs/nas22/fs2202/biol_bc_jagannathan_comp_1/Sebastian/013.0_RNAseq_hsf4_14d29_0-6h25/02_work/14_trim/HSF4_6H_3.fastp.html

fastp -i /nfs/nas22/fs2202/biol_bc_jagannathan_comp_1/Sebastian/013.0_RNAseq_hsf4_14d29_0-6h25/02_work/12_sortmerna/HSF4_6H_3_fwd.fq.gz -I /nfs/nas22/fs2202/biol_bc_jagannathan_comp_1/Sebastian/013.0_RNAseq_hsf4_14d29_0-6h25/02_work/12_sortmerna/HSF4_6H_3_rev.fq.gz -o /nfs/nas22/fs2202/biol_bc_jagannathan_comp_1/Sebastian/013.0_RNAseq_hsf4_14d29_0-6h25/02_work/14_trim/HSF4_6H_3_1.trim.fq.gz -O /nfs/nas22/fs2202/biol_bc_jagannathan_comp_1/Sebastian/013.0_RNAseq_hsf4_14d29_0-6h25/02_work/14_trim/HSF4_6H_3_2.trim.fq.gz --detect_adapter_for_pe --cut_tail --cut_window_size 4 --cut_mean_quality 20 --length_required 25 --thread 8 --html /nfs/nas22/fs2202/biol_bc_jagannathan_comp_1/Sebastian/013.0_RNAseq_hsf4_14d29_0-6h25/02_work/14_trim/HSF4_6H_3.fastp.html 
fastp v0.23.4, time used: 162 seconds
