Many modules are hidden in this stack. Use "module --show_hidden spider SOFTWARE" if you are not able to find the required software

        ==========     _____ _    _ ____  _____  ______          _____  
        =====         / ____| |  | |  _ \|  __ \|  ____|   /\   |  __ \ 
          =====      | (___ | |  | | |_) | |__) | |__     /  \  | |  | |
            ====      \___ \| |  | |  _ <|  _  /|  __|   / /\ \ | |  | |
              ====    ____) | |__| | |_) | | \ \| |____ / ____ \| |__| |
        ==========   |_____/ \____/|____/|_|  \_\______/_/    \_\_____/
	  v2.0.6

//========================== featureCounts setting ===========================\\
||                                                                            ||
||             Input files : 12 BAM files                                     ||
||                                                                            ||
||                           HSF4_0H_1.sorted.bam                             ||
||                           HSF4_0H_2.sorted.bam                             ||
||                           HSF4_0H_3.sorted.bam                             ||
||                           HSF4_2H_1.sorted.bam                             ||
||                           HSF4_2H_2.sorted.bam                             ||
||                           HSF4_2H_3.sorted.bam                             ||
||                           HSF4_4H_1.sorted.bam                             ||
||                           HSF4_4H_2.sorted.bam                             ||
||                           HSF4_4H_3.sorted.bam                             ||
||                           HSF4_6H_1.sorted.bam                             ||
||                           HSF4_6H_2.sorted.bam                             ||
||                           HSF4_6H_3.sorted.bam                             ||
||                                                                            ||
||             Output file : gene_counts.s0.txt                               ||
||                 Summary : gene_counts.s0.txt.summary                       ||
||              Paired-end : yes                                              ||
||        Count read pairs : yes                                              ||
||              Annotation : Drosophila_melanogaster.BDGP6.46.113.gtf (GTF)   ||
||      Dir for temp files : /nfs/nas22/fs2202/biol_bc_jagannathan_comp_1 ... ||
||                                                                            ||
||                 Threads : 8                                                ||
||                   Level : meta-feature level                               ||
||      Multimapping reads : not counted                                      ||
|| Multi-overlapping reads : not counted                                      ||
||   Min overlapping bases : 1                                                ||
||                                                                            ||
\\============================================================================//

//================================= Running ==================================\\
||                                                                            ||
|| Load annotation file Drosophila_melanogaster.BDGP6.46.113.gtf ...          ||
||    Features : 196625                                                       ||
||    Meta-features : 24278                                                   ||
||    Chromosomes/contigs : 29                                                ||
||                                                                            ||
|| Process BAM file HSF4_0H_1.sorted.bam...                                   ||
||    Paired-end reads are included.                                          ||
||    Total alignments : 79683517                                             ||
||    Successfully assigned alignments : 66580176 (83.6%)                     ||
||    Running time : 3.16 minutes                                             ||
||                                                                            ||
|| Process BAM file HSF4_0H_2.sorted.bam...                                   ||
||    Paired-end reads are included.                                          ||
||    Total alignments : 64181176                                             ||
||    Successfully assigned alignments : 54707144 (85.2%)                     ||
||    Running time : 2.49 minutes                                             ||
||                                                                            ||
|| Process BAM file HSF4_0H_3.sorted.bam...                                   ||
||    Paired-end reads are included.                                          ||
||    Total alignments : 62915044                                             ||
||    Successfully assigned alignments : 51214951 (81.4%)                     ||
||    Running time : 2.51 minutes                                             ||
||                                                                            ||
|| Process BAM file HSF4_2H_1.sorted.bam...                                   ||
||    Paired-end reads are included.                                          ||
||    Total alignments : 66915338                                             ||
||    Successfully assigned alignments : 55604752 (83.1%)                     ||
||    Running time : 2.54 minutes                                             ||
||                                                                            ||
|| Process BAM file HSF4_2H_2.sorted.bam...                                   ||
||    Paired-end reads are included.                                          ||
||    Total alignments : 63468650                                             ||
||    Successfully assigned alignments : 52780346 (83.2%)                     ||
||    Running time : 2.47 minutes                                             ||
||                                                                            ||
|| Process BAM file HSF4_2H_3.sorted.bam...                                   ||
||    Paired-end reads are included.                                          ||
||    Total alignments : 59545718                                             ||
||    Successfully assigned alignments : 50997821 (85.6%)                     ||
||    Running time : 2.40 minutes                                             ||
||                                                                            ||
|| Process BAM file HSF4_4H_1.sorted.bam...                                   ||
||    Paired-end reads are included.                                          ||
||    Total alignments : 56152617                                             ||
||    Successfully assigned alignments : 47350628 (84.3%)                     ||
||    Running time : 2.20 minutes                                             ||
||                                                                            ||
|| Process BAM file HSF4_4H_2.sorted.bam...                                   ||
||    Paired-end reads are included.                                          ||
||    Total alignments : 53962550                                             ||
||    Successfully assigned alignments : 46239624 (85.7%)                     ||
||    Running time : 2.19 minutes                                             ||
||                                                                            ||
|| Process BAM file HSF4_4H_3.sorted.bam...                                   ||
||    Paired-end reads are included.                                          ||
||    Total alignments : 54763579                                             ||
||    Successfully assigned alignments : 46556245 (85.0%)                     ||
||    Running time : 2.10 minutes                                             ||
||                                                                            ||
|| Process BAM file HSF4_6H_1.sorted.bam...                                   ||
||    Paired-end reads are included.                                          ||
||    Total alignments : 53370510                                             ||
||    Successfully assigned alignments : 45685761 (85.6%)                     ||
||    Running time : 2.11 minutes                                             ||
||                                                                            ||
|| Process BAM file HSF4_6H_2.sorted.bam...                                   ||
||    Paired-end reads are included.                                          ||
||    Total alignments : 56331736                                             ||
||    Successfully assigned alignments : 47820854 (84.9%)                     ||
||    Running time : 2.35 minutes                                             ||
||                                                                            ||
|| Process BAM file HSF4_6H_3.sorted.bam...                                   ||
||    Paired-end reads are included.                                          ||
||    Total alignments : 58363296                                             ||
||    Successfully assigned alignments : 48839819 (83.7%)                     ||
||    Running time : 2.41 minutes                                             ||
||                                                                            ||
|| Write the final count table.                                               ||
|| Write the read assignment summary.                                         ||
||                                                                            ||
|| Summary of counting results can be found in file "/nfs/nas22/fs2202/biol_  ||
|| bc_jagannathan_comp_1/Sebastian/013.0_RNAseq_hsf4_14d29_0-6h25/02_work/06  ||
|| _counts/strand_sweep/gene_counts.s0.txt.summary"                           ||
||                                                                            ||
\\============================================================================//


        ==========     _____ _    _ ____  _____  ______          _____  
        =====         / ____| |  | |  _ \|  __ \|  ____|   /\   |  __ \ 
          =====      | (___ | |  | | |_) | |__) | |__     /  \  | |  | |
            ====      \___ \| |  | |  _ <|  _  /|  __|   / /\ \ | |  | |
              ====    ____) | |__| | |_) | | \ \| |____ / ____ \| |__| |
        ==========   |_____/ \____/|____/|_|  \_\______/_/    \_\_____/
	  v2.0.6

//========================== featureCounts setting ===========================\\
||                                                                            ||
||             Input files : 12 BAM files                                     ||
||                                                                            ||
||                           HSF4_0H_1.sorted.bam                             ||
||                           HSF4_0H_2.sorted.bam                             ||
||                           HSF4_0H_3.sorted.bam                             ||
||                           HSF4_2H_1.sorted.bam                             ||
||                           HSF4_2H_2.sorted.bam                             ||
||                           HSF4_2H_3.sorted.bam                             ||
||                           HSF4_4H_1.sorted.bam                             ||
||                           HSF4_4H_2.sorted.bam                             ||
||                           HSF4_4H_3.sorted.bam                             ||
||                           HSF4_6H_1.sorted.bam                             ||
||                           HSF4_6H_2.sorted.bam                             ||
||                           HSF4_6H_3.sorted.bam                             ||
||                                                                            ||
||             Output file : gene_counts.s1.txt                               ||
||                 Summary : gene_counts.s1.txt.summary                       ||
||              Paired-end : yes                                              ||
||        Count read pairs : yes                                              ||
||              Annotation : Drosophila_melanogaster.BDGP6.46.113.gtf (GTF)   ||
||      Dir for temp files : /nfs/nas22/fs2202/biol_bc_jagannathan_comp_1 ... ||
||                                                                            ||
||                 Threads : 8                                                ||
||                   Level : meta-feature level                               ||
||      Multimapping reads : not counted                                      ||
|| Multi-overlapping reads : not counted                                      ||
||   Min overlapping bases : 1                                                ||
||                                                                            ||
\\============================================================================//

//================================= Running ==================================\\
||                                                                            ||
|| Load annotation file Drosophila_melanogaster.BDGP6.46.113.gtf ...          ||
||    Features : 196625                                                       ||
||    Meta-features : 24278                                                   ||
||    Chromosomes/contigs : 29                                                ||
||                                                                            ||
|| Process BAM file HSF4_0H_1.sorted.bam...                                   ||
||    Strand specific : stranded                                              ||
||    Paired-end reads are included.                                          ||
||    Total alignments : 79683517                                             ||
||    Successfully assigned alignments : 34638486 (43.5%)                     ||
||    Running time : 3.20 minutes                                             ||
||                                                                            ||
|| Process BAM file HSF4_0H_2.sorted.bam...                                   ||
||    Strand specific : stranded                                              ||
||    Paired-end reads are included.                                          ||
||    Total alignments : 64181176                                             ||
||    Successfully assigned alignments : 28530049 (44.5%)                     ||
||    Running time : 2.46 minutes                                             ||
||                                                                            ||
|| Process BAM file HSF4_0H_3.sorted.bam...                                   ||
||    Strand specific : stranded                                              ||
||    Paired-end reads are included.                                          ||
||    Total alignments : 62915044                                             ||
||    Successfully assigned alignments : 26644811 (42.4%)                     ||
||    Running time : 3.59 minutes                                             ||
||                                                                            ||
|| Process BAM file HSF4_2H_1.sorted.bam...                                   ||
||    Strand specific : stranded                                              ||
||    Paired-end reads are included.                                          ||
||    Total alignments : 66915338                                             ||
||    Successfully assigned alignments : 28957341 (43.3%)                     ||
||    Running time : 2.59 minutes                                             ||
||                                                                            ||
|| Process BAM file HSF4_2H_2.sorted.bam...                                   ||
||    Strand specific : stranded                                              ||
||    Paired-end reads are included.                                          ||
||    Total alignments : 63468650                                             ||
||    Successfully assigned alignments : 27469220 (43.3%)                     ||
||    Running time : 2.49 minutes                                             ||
||                                                                            ||
|| Process BAM file HSF4_2H_3.sorted.bam...                                   ||
||    Strand specific : stranded                                              ||
||    Paired-end reads are included.                                          ||
||    Total alignments : 59545718                                             ||
||    Successfully assigned alignments : 26512757 (44.5%)                     ||
||    Running time : 2.37 minutes                                             ||
||                                                                            ||
|| Process BAM file HSF4_4H_1.sorted.bam...                                   ||
||    Strand specific : stranded                                              ||
||    Paired-end reads are included.                                          ||
||    Total alignments : 56152617                                             ||
||    Successfully assigned alignments : 24605158 (43.8%)                     ||
||    Running time : 2.24 minutes                                             ||
||                                                                            ||
|| Process BAM file HSF4_4H_2.sorted.bam...                                   ||
||    Strand specific : stranded                                              ||
||    Paired-end reads are included.                                          ||
||    Total alignments : 53962550                                             ||
||    Successfully assigned alignments : 24031419 (44.5%)                     ||
||    Running time : 2.36 minutes                                             ||
||                                                                            ||
|| Process BAM file HSF4_4H_3.sorted.bam...                                   ||
||    Strand specific : stranded                                              ||
||    Paired-end reads are included.                                          ||
||    Total alignments : 54763579                                             ||
||    Successfully assigned alignments : 24253013 (44.3%)                     ||
||    Running time : 2.12 minutes                                             ||
||                                                                            ||
|| Process BAM file HSF4_6H_1.sorted.bam...                                   ||
||    Strand specific : stranded                                              ||
||    Paired-end reads are included.                                          ||
||    Total alignments : 53370510                                             ||
||    Successfully assigned alignments : 23805265 (44.6%)                     ||
||    Running time : 2.26 minutes                                             ||
||                                                                            ||
|| Process BAM file HSF4_6H_2.sorted.bam...                                   ||
||    Strand specific : stranded                                              ||
||    Paired-end reads are included.                                          ||
||    Total alignments : 56331736                                             ||
||    Successfully assigned alignments : 24883410 (44.2%)                     ||
||    Running time : 2.26 minutes                                             ||
||                                                                            ||
|| Process BAM file HSF4_6H_3.sorted.bam...                                   ||
||    Strand specific : stranded                                              ||
||    Paired-end reads are included.                                          ||
||    Total alignments : 58363296                                             ||
||    Successfully assigned alignments : 25395663 (43.5%)                     ||
||    Running time : 2.33 minutes                                             ||
||                                                                            ||
|| Write the final count table.                                               ||
|| Write the read assignment summary.                                         ||
||                                                                            ||
|| Summary of counting results can be found in file "/nfs/nas22/fs2202/biol_  ||
|| bc_jagannathan_comp_1/Sebastian/013.0_RNAseq_hsf4_14d29_0-6h25/02_work/06  ||
|| _counts/strand_sweep/gene_counts.s1.txt.summary"                           ||
||                                                                            ||
\\============================================================================//


        ==========     _____ _    _ ____  _____  ______          _____  
        =====         / ____| |  | |  _ \|  __ \|  ____|   /\   |  __ \ 
          =====      | (___ | |  | | |_) | |__) | |__     /  \  | |  | |
            ====      \___ \| |  | |  _ <|  _  /|  __|   / /\ \ | |  | |
              ====    ____) | |__| | |_) | | \ \| |____ / ____ \| |__| |
        ==========   |_____/ \____/|____/|_|  \_\______/_/    \_\_____/
	  v2.0.6

//========================== featureCounts setting ===========================\\
||                                                                            ||
||             Input files : 12 BAM files                                     ||
||                                                                            ||
||                           HSF4_0H_1.sorted.bam                             ||
||                           HSF4_0H_2.sorted.bam                             ||
||                           HSF4_0H_3.sorted.bam                             ||
||                           HSF4_2H_1.sorted.bam                             ||
||                           HSF4_2H_2.sorted.bam                             ||
||                           HSF4_2H_3.sorted.bam                             ||
||                           HSF4_4H_1.sorted.bam                             ||
||                           HSF4_4H_2.sorted.bam                             ||
||                           HSF4_4H_3.sorted.bam                             ||
||                           HSF4_6H_1.sorted.bam                             ||
||                           HSF4_6H_2.sorted.bam                             ||
||                           HSF4_6H_3.sorted.bam                             ||
||                                                                            ||
||             Output file : gene_counts.s2.txt                               ||
||                 Summary : gene_counts.s2.txt.summary                       ||
||              Paired-end : yes                                              ||
||        Count read pairs : yes                                              ||
||              Annotation : Drosophila_melanogaster.BDGP6.46.113.gtf (GTF)   ||
||      Dir for temp files : /nfs/nas22/fs2202/biol_bc_jagannathan_comp_1 ... ||
||                                                                            ||
||                 Threads : 8                                                ||
||                   Level : meta-feature level                               ||
||      Multimapping reads : not counted                                      ||
|| Multi-overlapping reads : not counted                                      ||
||   Min overlapping bases : 1                                                ||
||                                                                            ||
\\============================================================================//

//================================= Running ==================================\\
||                                                                            ||
|| Load annotation file Drosophila_melanogaster.BDGP6.46.113.gtf ...          ||
||    Features : 196625                                                       ||
||    Meta-features : 24278                                                   ||
||    Chromosomes/contigs : 29                                                ||
||                                                                            ||
|| Process BAM file HSF4_0H_1.sorted.bam...                                   ||
||    Strand specific : reversely stranded                                    ||
||    Paired-end reads are included.                                          ||
||    Total alignments : 79683517                                             ||
||    Successfully assigned alignments : 35196696 (44.2%)                     ||
||    Running time : 3.27 minutes                                             ||
||                                                                            ||
|| Process BAM file HSF4_0H_2.sorted.bam...                                   ||
||    Strand specific : reversely stranded                                    ||
||    Paired-end reads are included.                                          ||
||    Total alignments : 64181176                                             ||
||    Successfully assigned alignments : 28763408 (44.8%)                     ||
||    Running time : 2.49 minutes                                             ||
||                                                                            ||
|| Process BAM file HSF4_0H_3.sorted.bam...                                   ||
||    Strand specific : reversely stranded                                    ||
||    Paired-end reads are included.                                          ||
||    Total alignments : 62915044                                             ||
||    Successfully assigned alignments : 27026204 (43.0%)                     ||
||    Running time : 2.37 minutes                                             ||
||                                                                            ||
|| Process BAM file HSF4_2H_1.sorted.bam...                                   ||
||    Strand specific : reversely stranded                                    ||
||    Paired-end reads are included.                                          ||
||    Total alignments : 66915338                                             ||
||    Successfully assigned alignments : 29302646 (43.8%)                     ||
||    Running time : 2.54 minutes                                             ||
||                                                                            ||
|| Process BAM file HSF4_2H_2.sorted.bam...                                   ||
||    Strand specific : reversely stranded                                    ||
||    Paired-end reads are included.                                          ||
||    Total alignments : 63468650                                             ||
||    Successfully assigned alignments : 27838163 (43.9%)                     ||
||    Running time : 2.58 minutes                                             ||
||                                                                            ||
|| Process BAM file HSF4_2H_3.sorted.bam...                                   ||
||    Strand specific : reversely stranded                                    ||
||    Paired-end reads are included.                                          ||
||    Total alignments : 59545718                                             ||
||    Successfully assigned alignments : 26863974 (45.1%)                     ||
||    Running time : 2.31 minutes                                             ||
||                                                                            ||
|| Process BAM file HSF4_4H_1.sorted.bam...                                   ||
||    Strand specific : reversely stranded                                    ||
||    Paired-end reads are included.                                          ||
||    Total alignments : 56152617                                             ||
||    Successfully assigned alignments : 24940378 (44.4%)                     ||
||    Running time : 2.24 minutes                                             ||
||                                                                            ||
|| Process BAM file HSF4_4H_2.sorted.bam...                                   ||
||    Strand specific : reversely stranded                                    ||
||    Paired-end reads are included.                                          ||
||    Total alignments : 53962550                                             ||
||    Successfully assigned alignments : 24335448 (45.1%)                     ||
||    Running time : 2.18 minutes                                             ||
||                                                                            ||
|| Process BAM file HSF4_4H_3.sorted.bam...                                   ||
||    Strand specific : reversely stranded                                    ||
||    Paired-end reads are included.                                          ||
||    Total alignments : 54763579                                             ||
||    Successfully assigned alignments : 24538152 (44.8%)                     ||
||    Running time : 2.18 minutes                                             ||
||                                                                            ||
|| Process BAM file HSF4_6H_1.sorted.bam...                                   ||
||    Strand specific : reversely stranded                                    ||
||    Paired-end reads are included.                                          ||
||    Total alignments : 53370510                                             ||
||    Successfully assigned alignments : 24128382 (45.2%)                     ||
||    Running time : 2.19 minutes                                             ||
||                                                                            ||
|| Process BAM file HSF4_6H_2.sorted.bam...                                   ||
||    Strand specific : reversely stranded                                    ||
||    Paired-end reads are included.                                          ||
||    Total alignments : 56331736                                             ||
||    Successfully assigned alignments : 25279447 (44.9%)                     ||
||    Running time : 2.27 minutes                                             ||
||                                                                            ||
|| Process BAM file HSF4_6H_3.sorted.bam...                                   ||
||    Strand specific : reversely stranded                                    ||
||    Paired-end reads are included.                                          ||
||    Total alignments : 58363296                                             ||
||    Successfully assigned alignments : 25790495 (44.2%)                     ||
||    Running time : 2.37 minutes                                             ||
||                                                                            ||
|| Write the final count table.                                               ||
|| Write the read assignment summary.                                         ||
||                                                                            ||
|| Summary of counting results can be found in file "/nfs/nas22/fs2202/biol_  ||
|| bc_jagannathan_comp_1/Sebastian/013.0_RNAseq_hsf4_14d29_0-6h25/02_work/06  ||
|| _counts/strand_sweep/gene_counts.s2.txt.summary"                           ||
||                                                                            ||
\\============================================================================//

