Java memory size is set to 10G
Launching application...

QualiMap v.2.3
Built on 2023-05-19 16:57

Selected tool: bamqc
Available memory (Mb): 50
Max memory (Mb): 10737
Wed Mar 11 15:36:49 CET 2026		WARNING	Output folder already exists, the results will be saved there

Starting bam qc....
Loading sam header...
Loading locator...
Loading reference...
Number of windows: 400, effective number of windows: 2269
Chunk of reads size: 1000
Number of threads: 4
Processed 226 out of 2269 windows...
Processed 452 out of 2269 windows...
Processed 678 out of 2269 windows...
Processed 904 out of 2269 windows...
Processed 1130 out of 2269 windows...
Processed 1356 out of 2269 windows...
Processed 1582 out of 2269 windows...
Processed 1808 out of 2269 windows...
Processed 2034 out of 2269 windows...
Processed 2260 out of 2269 windows...
Total processed windows:2269
Number of reads: 100614674
Number of valid reads: 100614674
Number of correct strand reads:0

Inside of regions...
Num mapped reads: 100614674
Num mapped first of pair: 50307387
Num mapped second of pair: 50307287
Num singletons: 124
Time taken to analyze reads: 590
Computing descriptors...
numberOfMappedBases: 32536085137
referenceSize: 143726002
numberOfSequencedBases: 14237525888
numberOfAs: 3578209389
Computing per chromosome statistics...
Computing histograms...
Overall analysis time: 613
end of bam qc
Computing report...
Writing HTML report...
HTML report created successfully

Finished
[INFO] Done: /nfs/nas22/fs2202/biol_bc_jagannathan_comp_1/Sebastian/013.0_RNAseq_hsf4_14d29_0-6h25/02_work/05_align/qualimap/HSF4_4H_3/qualimapReport.html
