Many modules are hidden in this stack. Use "module --show_hidden spider SOFTWARE" if you are not able to find the required software
Detecting adapter sequence for read1...
No adapter detected for read1

Detecting adapter sequence for read2...
No adapter detected for read2

Read1 before filtering:
total reads: 62610021
total bases: 9391503150
Q20 bases: 9339546670(99.4468%)
Q30 bases: 9115862746(97.065%)

Read2 before filtering:
total reads: 62610021
total bases: 9391503150
Q20 bases: 9314310283(99.1781%)
Q30 bases: 9043637498(96.296%)

Read1 after filtering:
total reads: 62362208
total bases: 8837510274
Q20 bases: 8796912136(99.5406%)
Q30 bases: 8596262897(97.2702%)

Read2 after filtering:
total reads: 62362208
total bases: 8836452032
Q20 bases: 8782263180(99.3868%)
Q30 bases: 8538706008(96.6305%)

Filtering result:
reads passed filter: 124724416
reads failed due to low quality: 480140
reads failed due to too many N: 15336
reads failed due to too short: 150
reads with adapter trimmed: 1853022
bases trimmed due to adapters: 31934434

Duplication rate: 30.3522%

Insert size peak (evaluated by paired-end reads): 269

JSON report: fastp.json
HTML report: 02_work/02_trim/fastp/HSF4_2H_1.fastp.html

fastp -i 01_raw/fastq/HSF4_2H_1_ZKRN250030471-1A_23F5KYLT4_L8_1.fq.gz -I 01_raw/fastq/HSF4_2H_1_ZKRN250030471-1A_23F5KYLT4_L8_2.fq.gz -o 02_work/02_trim/fastp/HSF4_2H_1_1.trim.fq.gz -O 02_work/02_trim/fastp/HSF4_2H_1_2.trim.fq.gz --detect_adapter_for_pe --trim_front1 8 --trim_front2 8 --cut_tail --cut_window_size 4 --cut_mean_quality 20 --length_required 25 --thread 8 --html 02_work/02_trim/fastp/HSF4_2H_1.fastp.html 
fastp v0.23.4, time used: 202 seconds
