Many modules are hidden in this stack. Use "module --show_hidden spider SOFTWARE" if you are not able to find the required software
Detecting adapter sequence for read1...
No adapter detected for read1

Detecting adapter sequence for read2...
No adapter detected for read2

Read1 before filtering:
total reads: 56821565
total bases: 8523234750
Q20 bases: 8476179081(99.4479%)
Q30 bases: 8272906729(97.063%)

Read2 before filtering:
total reads: 56821565
total bases: 8523234750
Q20 bases: 8453420217(99.1809%)
Q30 bases: 8205963610(96.2776%)

Read1 after filtering:
total reads: 56609339
total bases: 8019528687
Q20 bases: 7982582519(99.5393%)
Q30 bases: 7800341239(97.2668%)

Read2 after filtering:
total reads: 56609339
total bases: 8018575579
Q20 bases: 7968993042(99.3817%)
Q30 bases: 7746286004(96.6043%)

Filtering result:
reads passed filter: 113218678
reads failed due to low quality: 410280
reads failed due to too many N: 14116
reads failed due to too short: 56
reads with adapter trimmed: 2027282
bases trimmed due to adapters: 34310077

Duplication rate: 31.8439%

Insert size peak (evaluated by paired-end reads): 269

JSON report: fastp.json
HTML report: 02_work/02_trim/fastp/HSF4_2H_3.fastp.html

fastp -i 01_raw/fastq/HSF4_2H_3_ZKRN250030473-1A_23F5KYLT4_L8_1.fq.gz -I 01_raw/fastq/HSF4_2H_3_ZKRN250030473-1A_23F5KYLT4_L8_2.fq.gz -o 02_work/02_trim/fastp/HSF4_2H_3_1.trim.fq.gz -O 02_work/02_trim/fastp/HSF4_2H_3_2.trim.fq.gz --detect_adapter_for_pe --trim_front1 8 --trim_front2 8 --cut_tail --cut_window_size 4 --cut_mean_quality 20 --length_required 25 --thread 8 --html 02_work/02_trim/fastp/HSF4_2H_3.fastp.html 
fastp v0.23.4, time used: 177 seconds
