Many modules are hidden in this stack. Use "module --show_hidden spider SOFTWARE" if you are not able to find the required software
Detecting adapter sequence for read1...
No adapter detected for read1

Detecting adapter sequence for read2...
No adapter detected for read2

Read1 before filtering:
total reads: 52746354
total bases: 7911953100
Q20 bases: 7867752893(99.4413%)
Q30 bases: 7671282037(96.9581%)

Read2 before filtering:
total reads: 52746354
total bases: 7911953100
Q20 bases: 7848806847(99.2019%)
Q30 bases: 7621192180(96.325%)

Read1 after filtering:
total reads: 52560373
total bases: 7451331539
Q20 bases: 7416020811(99.5261%)
Q30 bases: 7239876656(97.1622%)

Read2 after filtering:
total reads: 52560373
total bases: 7450534199
Q20 bases: 7404805132(99.3862%)
Q30 bases: 7199270516(96.6276%)

Filtering result:
reads passed filter: 105120746
reads failed due to low quality: 356134
reads failed due to too many N: 15780
reads failed due to too short: 48
reads with adapter trimmed: 1302416
bases trimmed due to adapters: 21270471

Duplication rate: 29.867%

Insert size peak (evaluated by paired-end reads): 269

JSON report: fastp.json
HTML report: 02_work/02_trim/fastp/HSF4_4H_1.fastp.html

fastp -i 01_raw/fastq/HSF4_4H_1_ZKRN250030474-1A_23F5KYLT4_L7_1.fq.gz -I 01_raw/fastq/HSF4_4H_1_ZKRN250030474-1A_23F5KYLT4_L7_2.fq.gz -o 02_work/02_trim/fastp/HSF4_4H_1_1.trim.fq.gz -O 02_work/02_trim/fastp/HSF4_4H_1_2.trim.fq.gz --detect_adapter_for_pe --trim_front1 8 --trim_front2 8 --cut_tail --cut_window_size 4 --cut_mean_quality 20 --length_required 25 --thread 8 --html 02_work/02_trim/fastp/HSF4_4H_1.fastp.html 
fastp v0.23.4, time used: 171 seconds
